Mini Cama Infantil 148x68cm Com Proteção Lateral Unicórnio K06 - Mpozenato - 7901064702363 - sucesso
Mini Cama Infantil 148x68cm Com Proteção Lateral Ursinhos K06 - Mpozenato - 7901064702370 - sucesso
Mini Cama Infantil 148x68cm Com Proteção Lateral Balões K06 - Mpozenato - 7901064702387 - sucesso
Mini Cama Infantil 148x68cm Com Proteção Lateral Aviador K06 - Mpozenato - 7901064702394 - sucesso
Mini Cama Infantil 148x68cm Com Proteção Lateral Dinossauro K06 - Mpozenato - 7901064702400 - sucesso
Mini Cama Infantil 148x68cm Com Proteção Lateral Circo K06 - Mpozenato - 7901064702417 - sucesso
Mini Cama Infantil 148x68cm Com Proteção Lateral Nuvens K06 - Mpozenato - 7901064702424 - sucesso
Mini Cama Infantil 148x68cm Com Proteção Lateral Futebol K06 - Mpozenato - 7901064702431 - sucesso
Cama Solteiro Infantil Para Colchão 188x88cm Unicórnio K06 - Mpozenato - 7901064702448 - sucesso
Cama Solteiro Infantil Para Colchão 188x88cm Ursinhos K06 - Mpozenato - 7901064702455 - sucesso
Cama Solteiro Infantil Para Colchão 188x88cm Balões K06 - Mpozenato - 7901064702462 - sucesso
Cama Solteiro Infantil Para Colchão 188x88cm Aviador K06 - Mpozenato - 7901064702479 - sucesso
Cama Solteiro Infantil Para Colchão 188x88cm Dinossauro K06 - Mpozenato - 7901064702486 - sucesso
Cama Solteiro Infantil Para Colchão 188x88cm Circo K06 - Mpozenato - 7901064702493 - sucesso
Cama Solteiro Infantil Para Colchão 188x88cm Nuvens K06 - Mpozenato - 7901064702509 - sucesso
Cama Solteiro Infantil Para Colchão 188x88cm Futebol K06 - Mpozenato - 7901064702516 - sucesso
Cama Solteiro Infantil Com Auxiliar 188x88cm Unicórnio K06 - Mpozenato - 7901064702523 - sucesso
Cama Solteiro Infantil Com Auxiliar 188x88cm Ursinhos K06 - Mpozenato - 7901064702530 - sucesso
Cama Solteiro Infantil Com Auxiliar 188x88cm Balões K06 - Mpozenato - 7901064702547 - sucesso
Cama Solteiro Infantil Com Auxiliar 188x88cm Aviador K06 - Mpozenato - 7901064702554 - sucesso
Cama Solteiro Infantil Com Auxiliar 188x88cm Dinossauro K06 - Mpozenato - 7901064702561 - sucesso
Cama Solteiro Infantil Com Auxiliar 188x88cm Circo K06 - Mpozenato - 7901064702578 - sucesso
Cama Solteiro Infantil Com Auxiliar 188x88cm Nuvens K06 - Mpozenato - 7901064702585 - sucesso
Cama Solteiro Infantil Com Auxiliar 188x88cm Futebol K06 - Mpozenato - 7901064702592 - sucesso
Cama Solteiro Infantil Baixa Para Colchão 188x88cm Unicórnio K06 - Mpozenato - 7901064702608 - sucesso
Cama Solteiro Infantil Baixa Para Colchão 188x88cm Ursinhos K06 - Mpozenato - 7901064702615 - sucesso
Cama Solteiro Infantil Baixa Para Colchão 188x88cm Balões K06 - Mpozenato - 7901064702622 - sucesso
Cama Solteiro Infantil Baixa Para Colchão 188x88cm Aviador K06 - Mpozenato - 7901064702639 - sucesso
Cama Solteiro Infantil Baixa Para Colchão 188x88cm Dinossauro K06 - Mpozenato - 7901064702646 - sucesso
Cama Solteiro Infantil Baixa Para Colchão 188x88cm Circo K06 - Mpozenato - 7901064702653 - sucesso
Cama Solteiro Infantil Baixa Para Colchão 188x88cm Nuvens K06 - Mpozenato - 7901064702660 - sucesso
Cama Solteiro Infantil Baixa Para Colchão 188x88cm Futebol K06 - Mpozenato - 7901064702677 - sucesso
Cama Solteiro Infantil Baixa Para Colchão 188x88cm Policial K06 - Mpozenato - 7901064702684 - sucesso
Cama Solteiro Infantil Baixa Para Colchão 188x88cm Trenzinho K06 - Mpozenato - 7901064702691 - sucesso
