Balcão de Cozinha Tampo 60cm 2 Portas Pierre Carvalho L01 - Mpozenato - 7908816377657 - sucesso
Balcão de Cozinha Tampo 60cm 2 Portas Pierre Carvalho/Cinza L01 - Mpozenato - 7908816377664 - sucesso
Balcão de Cozinha Tampo 80cm 2 Portas Pierre Carvalho L01 - Mpozenato - 7908816377671 - sucesso
Balcão de Cozinha Tampo 80cm 2 Portas Pierre Carvalho/Cinza L01 - Mpozenato - 7908816377688 - sucesso
Balcão de Cozinha Para Pia 120cm Pierre Carvalho L01 - Mpozenato - 7908816377695 - sucesso
Balcão de Cozinha Para Pia 120cm Pierre Carvalho/Cinza L01 - Mpozenato - 7908816377701 - sucesso
BANCADA ILHA 164CM AURA/PIERRE CV - COMPONENTE - Mpozenato - 7908816377718 - sucesso
AER GELAD 80 2PT AURA/PIERRE CZ CTL PET - COMPONENTE - Mpozenato - 7908816377725 - sucesso
Armário de Cozinha 60cm 2 Portas Pierre Carvalho/Cinza L01 - Mpozenato - 7908816377732 - sucesso
Armário de Cozinha 80cm 2 Portas Pierre Carvalho/Cinza L01 - Mpozenato - 7908816377749 - sucesso
Armário de Cozinha 120cm 2 Portas Pierre Carvalho/Cinza L01 - Mpozenato - 7908816377756 - sucesso
AER CANTO RETO AURA/PIERRE CZ CTL PET - COMPONENTE - Mpozenato - 7908816377763 - sucesso
PANEL SIMPLES 40CM AURA/PIERRE CZ CTL - COMPONENTE - Mpozenato - 7908816377770 - sucesso
Paneleiro de Cozinha 2 Portas 70cm Cristaleira Carvalho L01 - Mpozenato - 7908816377787 - sucesso
Paneleiro de Cozinha Para Micro-ondas Pierre Carvalho L01 - Mpozenato - 7908816377794 - sucesso
Paneleiro de Cozinha Para Micro-ondas Pierre Carvalho/Cinza L01 - Mpozenato - 7908816377800 - sucesso
Paneleiro Cozinha Torre Quente 70cm Pierre Carvalho/Cinza L01 - Mpozenato - 7908816377817 - sucesso
Paneleiro Cozinha Torre Quente Ripado Pierre Carvalho/Cinza L01 - Mpozenato - 7908816377824 - sucesso
BALCAO CANTO RETO AURA/PIERRE CZ CTL - COMPONENTE - Mpozenato - 7908816377831 - sucesso
Tampo Para Balcão de Cozinha 120cm Pierre Carvalho L01 - Mpozenato - 7908816377848 - sucesso
Balcão de Cozinha Com Tampo 120cm Pierre Carvalho L01 - Mpozenato - 7908816377855 - sucesso
Balcão de Cozinha Com Tampo 120cm Pierre Carvalho/Cinza L01 - Mpozenato - 7908816377862 - sucesso
Balcão de Cozinha Com Pia Inox 120cm Pierre Carvalho L01 - Mpozenato - 7908816377879 - sucesso
Balcão de Cozinha Com Pia Inox 120cm Pierre Carvalho/Cinza L01 - Mpozenato - 7908816377886 - sucesso
Balcão de Cozinha Tampo e Ilha 164cm Pierre Carvalho L01 - Mpozenato - 7908816377893 - sucesso
Balcão de Cozinha Tampo e Ilha 164cm Pierre Carvalho/Cinza L01 - Mpozenato - 7908816377909 - sucesso
Armário de Cozinha 6 Peças CP01 e Tampo Pierre Carvalho/Cinza L01 - Mpozenato - 7908816377916 - sucesso
Armário de Cozinha 8 Peças CP01 Com Ilha Pierre Carvalho/Cinza L01 - Mpozenato - 7908816377923 - sucesso
Armário de Cozinha 6 Peças CP02 e Tampo Pierre Carvalho/Cinza L01 - Mpozenato - 7908816377930 - sucesso
Armário de Cozinha 8 Peças CP02 Com Ilha Pierre Carvalho/Cinza L01 - Mpozenato - 7908816377947 - sucesso
Armário de Cozinha 10 Peças CP03 e Tampo Pierre Carvalho/Cinza L01 - Mpozenato - 7908816377954 - sucesso
Armário de Cozinha 6 Peças CP04 e Tampo Pierre Carvalho/Cinza L01 - Mpozenato - 7908816377961 - sucesso
Armário de Cozinha 8 Peças CP04 Com Ilha Pierre Carvalho/Cinza L01 - Mpozenato - 7908816377978 - sucesso
Armário de Cozinha 6 Peças CP05 e Tampo Pierre Carvalho/Cinza L01 - Mpozenato - 7908816377985 - sucesso
Armário de Cozinha 6 Peças CP06 e Tampo Pierre Carvalho/Cinza L01 - Mpozenato - 7908816377992 - sucesso
Paneleiro Cozinha Para Micro-ondas Mirella Freijó/Cinammon L01 - Mpozenato - 7908816378814 - sucesso
Paneleiro Cozinha Torre Quente 70cm Mirella Freijó/Cinammon L01 - Mpozenato - 7908816378821 - sucesso
Paneleiro de Cozinha 4 Portas 70cm Mirella Freijó/Cinammon L01 - Mpozenato - 7908816379002 - sucesso
BALC 60CM 2PT ELEGANCE/MIRELLA CINAMMON - COMPONENTE - Mpozenato - 7908816378838 - sucesso
BALC 80CM 2PT ELEGANCE/MIRELLA CINAMMON - COMPONENTE - Mpozenato - 7908816378845 - sucesso
Balcão de Cozinha Para Pia 120cm Mirella Freijó/Cinammon L01 - Mpozenato - 7908816378852 - sucesso
BANCADA 120CM ELEGANCE/MIRELLA FREIJO UV - COMPONENTE - Mpozenato - 7908816378869 - sucesso
Armário de Cozinha 60cm Com Nicho Micro-ondas Mirella Freijó L01 - Mpozenato - 7908816378876 - sucesso
Armário de Cozinha Aéreo 80cm 2 Portas Mirella Freijó L01 - Mpozenato - 7908816379019 - sucesso
Armário de Cozinha Aéreo 120cm 3 Portas Mirella Freijó L01 - Mpozenato - 7908816378883 - sucesso
Tampo Para Balcão de Cozinha 120cm Mirella Quartzo Bege L01 - Mpozenato - 7908816378890 - sucesso
TP BALC 60CM ELEGANCE/MIRELLA QUARTZO BG - COMPONENTE - Mpozenato - 7908816378906 - sucesso
TP BALC 80CM ELEGANCE/MIRELLA QUARTZO BG - COMPONENTE - Mpozenato - 7908816378913 - sucesso
TP BANCADA ELEGANCE/MIRELLA QUARTZO BG - COMPONENTE - Mpozenato - 7908816378920 - sucesso
Balcão de Cozinha Com Tampo 60cm 2 Portas Freijó/Cinammon L01 - Mpozenato - 7908816378937 - sucesso
Balcão de Cozinha Com Tampo 80cm 2 Portas Freijó/Cinammon L01 - Mpozenato - 7908816378944 - sucesso
Balcão de Cozinha Com Pia Inox 120cm Mirella Freijó/Cinammon L01 - Mpozenato - 7908816378951 - sucesso
Balcão de Cozinha Com Tampo 120cm Mirella Freijó/Cinammon L01 - Mpozenato - 7908816378968 - sucesso
BANC C/TP 120CM ELEGANCE/MIRELLA FJ UV - COMPONENTE - Mpozenato - 7908816378975 - sucesso
Armário Cozinha 6 Peças CP01 e Tampo Mirella Freijó/Cinammon L01 - Mpozenato - 7908816378982 - sucesso
Armário Cozinha 7 Peças CP02 Com Pia Mirella Freijó/Cinammon L01 - Mpozenato - 7908816378999 - sucesso
Armário de Cozinha Aéreo 40cm 1 Porta Nádia Mocca/Avelã L01 - Mpozenato - 7908816379200 - sucesso
Armário de Cozinha 60cm Com 1 Porta Nádia Mocca/Avelã L01 - Mpozenato - 7908816379217 - sucesso
Armário de Cozinha 80cm 2 Portas Com Vidro Nádia Mocca/Avelã L01 - Mpozenato - 7908816379224 - sucesso
Armário de Cozinha 80cm Com 1 Porta Nádia Mocca/Avelã L01 - Mpozenato - 7908816379231 - sucesso
Armário de Cozinha Aéreo 120cm 3 Portas Nádia Mocca/Avelã L01 - Mpozenato - 7908816379248 - sucesso
Armário Cozinha 120cm 3 Portas Com Nicho Nádia Mocca/Avelã L01 - Mpozenato - 7908816379255 - sucesso
Paneleiro de Cozinha Para Micro-ondas Nádia Mocca/Avelã L01 - Mpozenato - 7908816379262 - sucesso
Paneleiro de Cozinha Torre Quente 70cm Nádia Mocca/Avelã L01 - Mpozenato - 7908816379279 - sucesso
Paneleiro Armário de Cozinha 40cm 2 Portas Nádia Mocca/Avelã L01 - Mpozenato - 7908816379286 - sucesso
Balcão de Cozinha Com Tampo 40cm Nádia Mocca/Avelã L01 - Mpozenato - 7908816379293 - sucesso
Balcão de Cozinha Com Tampo 80cm Nádia Mocca/Avelã L01 - Mpozenato - 7908816379309 - sucesso
Balcão de Cozinha Para Pia 120cm Nádia Mocca/Avelã L01 - Mpozenato - 7908816379316 - sucesso
Tampo Para Balcão de Cozinha 120cm Nádia Reali L01 - Mpozenato - 7908816379323 - sucesso
Balcão de Cozinha Com Pia Inox 120cm Nádia Mocca/Avelã L01 - Mpozenato - 7908816379330 - sucesso
Balcão de Cozinha Com Tampo 120cm Nádia Mocca/Avelã L01 - Mpozenato - 7908816379347 - sucesso
Armário Cozinha 4 Peças CP01 Com Tampo Nádia Mocca/Avelã L01 - Mpozenato - 7908816379354 - sucesso
Armário Cozinha 4 Peças CP01 Com Pia Nádia Mocca/Avelã L01 - Mpozenato - 7908816379361 - sucesso
Armário Cozinha 5 Peças CP02 Com Tampo Nádia Mocca/Avelã L01 - Mpozenato - 7908816379378 - sucesso
Armário Cozinha 5 Peças CP02 Com Pia Nádia Mocca/Avelã L01 - Mpozenato - 7908816379385 - sucesso
Armário Cozinha 4 Peças CP03 Com Tampo Nádia Mocca/Avelã L01 - Mpozenato - 7908816379392 - sucesso
Armário Cozinha 6 Peças CP04 Com Tampo Nádia Mocca/Avelã L01 - Mpozenato - 7908816379408 - sucesso
Paneleiro de Cozinha Torre Quente 70cm Marina Cinammon L01 - Mpozenato - 7908816379477 - sucesso
Paneleiro Armário de Cozinha 40cm 2 Portas Marina Cinammon L01 - Mpozenato - 7908816379484 - sucesso
Armário de Cozinha Aéreo Para Geladeira 80cm Marina Freijó L01 - Mpozenato - 7908816379491 - sucesso
Armário de Cozinha Aéreo 80cm Com 2 Portas Marina Freijó L01 - Mpozenato - 7908816379507 - sucesso
Armário de Cozinha Aéreo 120cm 2 Portas Marina Freijó L01 - Mpozenato - 7908816379514 - sucesso
Armário de Cozinha 120cm 2 Portas Com Vidro Marina Freijó L01 - Mpozenato - 7908816379521 - sucesso
AER CANTO RETO LUMINA/MARINA FREIJO UV - COMPONENTE - Mpozenato - 7908816379538 - sucesso
Balcão de Cozinha Com Tampo 80cm 2 Portas Marina Cinammon L01 - Mpozenato - 7908816379545 - sucesso
Balcão de Cozinha Com Tampo 80cm 1 Porta Marina Cinammon L01 - Mpozenato - 7908816379552 - sucesso
Balcão de Cozinha Para Pia 120cm 2 Portas Marina Cinammon L01 - Mpozenato - 7908816379569 - sucesso
BALCAO CANTO LUMINA/MARINA CINAMMON UV - COMPONENTE - Mpozenato - 7908816379576 - sucesso
Tampo Para Balcão de Cozinha 120cm Marina Freijó L01 - Mpozenato - 7908816379583 - sucesso
BANC ILHA 144CM LUMINA/MARINA FREIJO UV - COMPONENTE - Mpozenato - 7908816379590 - sucesso
BANC ILHA 164CM LUMINA/MARINA FREIJO UV - COMPONENTE - Mpozenato - 7908816379606 - sucesso
Balcão de Cozinha Com Tampo 120cm Marina Cinammon/Freijó L01 - Mpozenato - 7908816379613 - sucesso
Balcão de Cozinha Tampo e Ilha 164cm Marina Cinammon/Freijó L01 - Mpozenato - 7908816379620 - sucesso
Armário Cozinha 5 Peças CP01 e Tampo Marina Cinammon/Freijó L01 - Mpozenato - 7908816379637 - sucesso
Armário Cozinha 6 Peças CP01 e Ilha Marina Cinammon/Freijó L01 - Mpozenato - 7908816379644 - sucesso
Armário Cozinha 6 Peças CP02 e Tampo Marina Cinammon/Freijó L01 - Mpozenato - 7908816379651 - sucesso
Armário Cozinha 10 Peças CP03 e Tampo Marina Cinammon/Freijó L01 - Mpozenato - 7908816379668 - sucesso
