=== Processamento em 13/08/2025 11:27:07 ===
Total de produtos: 108

Lista de produtos:
7908816379767 - Banqueta Alta Bar Estofada Milli Sintético Caramelo A14     - Mpozenato
7908816379774 - Banqueta Alta Bar Estofada Milli Sintético Preto A14        - Mpozenato
7908816379781 - Banqueta Alta Bar Estofada Milli Sintético Verde A14        - Mpozenato
7908816379798 - Banqueta Alta Bar Estofada Milli Linho Grafite/Caramelo A14 - Mpozenato
7908816379804 - Banqueta Alta Bar Estofada Milli Linho Caramelo/Areia A14   - Mpozenato
7908816379811 - Banqueta Alta Bar Estofada Milli Linho Caramelo/Cinza A14   - Mpozenato
7908816379828 - Banqueta Alta Bar Estofada Milli Linho Cinza/Preto A14      - Mpozenato
7908816379835 - Banqueta Alta Bar Estofada Milli Linho Cinza A14            - Mpozenato
7908816379842 - Banqueta Alta Bar Estofada Milli Linho Areia A14            - Mpozenato
7908816379859 - Banqueta Alta Bar Estofada Kit 2 Milli Sintético Caramelo A14 - Mpozenato
7908816379866 - Banqueta Alta Bar Estofada Kit 2 Milli Sintético Preto A14   - Mpozenato
7908816379873 - Banqueta Alta Bar Estofada Kit 2 Milli Sintético Verde A14  - Mpozenato
7908816379880 - Banqueta Alta Bar Estofada Kit 2 Milli Linho Grafite/Caramelo A14 - Mpozenato
7908816379897 - Banqueta Alta Bar Estofada Kit 2 Milli Linho Caramelo/Areia A14 - Mpozenato
7908816379903 - Banqueta Alta Bar Estofada Kit 2 Milli Linho Caramelo/Cinza A14 - Mpozenato
7908816379910 - Banqueta Alta Bar Estofada Kit 2 Milli Linho Cinza/Preto A14 - Mpozenato
7908816379927 - Banqueta Alta Bar Estofada Kit 2 Milli Linho Cinza A14      - Mpozenato
7908816379934 - Banqueta Alta Bar Estofada Kit 2 Milli Linho Areia A14      - Mpozenato
7908816379941 - Banqueta Alta Bar Estofada Kit 4 Milli Sintético Caramelo A14 - Mpozenato
7908816379958 - Banqueta Alta Bar Estofada Kit 4 Milli Sintético Preto A14  - Mpozenato
7908816379965 - Banqueta Alta Bar Estofada Kit 4 Milli Sintético Verde A14  - Mpozenato
7908816379972 - Banqueta Alta Bar Estofada Kit 4 Milli Linho Grafite/Caramelo A14 - Mpozenato
7908816379989 - Banqueta Alta Bar Estofada Kit 4 Milli Linho Caramelo/Areia A14 - Mpozenato
7908816379996 - Banqueta Alta Bar Estofada Kit 4 Milli Linho Caramelo/Cinza A14 - Mpozenato
7908816380008 - Banqueta Alta Bar Estofada Kit 4 Milli Linho Cinza/Preto A14 - Mpozenato
7908816380015 - Banqueta Alta Bar Estofada Kit 4 Milli Linho Cinza A14      - Mpozenato
7908816380022 - Banqueta Alta Bar Estofada Kit 4 Milli Linho Areia A14      - Mpozenato
7908816380039 - Banqueta Alta Bar Estofada Kit 6 Milli Sintético Caramelo A14 - Mpozenato
7908816380046 - Banqueta Alta Bar Estofada Kit 6 Milli Sintético Preto A14  - Mpozenato
7908816380053 - Banqueta Alta Bar Estofada Kit 6 Milli Sintético Verde A14  - Mpozenato
7908816380060 - Banqueta Alta Bar Estofada Kit 6 Milli Linho Grafite/Caramelo A14 - Mpozenato
7908816380077 - Banqueta Alta Bar Estofada Kit 6 Milli Linho Caramelo/Areia A14 - Mpozenato
7908816380084 - Banqueta Alta Bar Estofada Kit 6 Milli Linho Caramelo/Cinza A14 - Mpozenato
7908816380091 - Banqueta Alta Bar Estofada Kit 6 Milli Linho Cinza/Preto A14 - Mpozenato
7908816380107 - Banqueta Alta Bar Estofada Kit 6 Milli Linho Cinza A14      - Mpozenato
7908816380114 - Banqueta Alta Bar Estofada Kit 6 Milli Linho Areia A14      - Mpozenato
7908816380121 - Banqueta Alta Bar Estofada Kit 8 Milli Sintético Caramelo A14 - Mpozenato
7908816380138 - Banqueta Alta Bar Estofada Kit 8 Milli Sintético Preto A14  - Mpozenato
7908816380145 - Banqueta Alta Bar Estofada Kit 8 Milli Sintético Verde A14  - Mpozenato
7908816380152 - Banqueta Alta Bar Estofada Kit 8 Milli Linho Grafite/Caramelo A14 - Mpozenato
7908816380169 - Banqueta Alta Bar Estofada Kit 8 Milli Linho Caramelo/Areia A14 - Mpozenato
7908816380176 - Banqueta Alta Bar Estofada Kit 8 Milli Linho Caramelo/Cinza A14 - Mpozenato
7908816380183 - Banqueta Alta Bar Estofada Kit 8 Milli Linho Cinza/Preto A14 - Mpozenato
7908816380190 - Banqueta Alta Bar Estofada Kit 8 Milli Linho Cinza A14      - Mpozenato
7908816380206 - Banqueta Alta Bar Estofada Kit 8 Milli Linho Areia A14      - Mpozenato
7908816380213 - Banqueta Alta Bar Estofada Kit 10 Milli Sintético Caramelo A14 - Mpozenato
7908816380220 - Banqueta Alta Bar Estofada Kit 10 Milli Sintético Preto A14 - Mpozenato
7908816380237 - Banqueta Alta Bar Estofada Kit 10 Milli Sintético Verde A14 - Mpozenato
7908816380244 - Banqueta Alta Bar Estofada Kit 10 Milli Linho Grafite/Caramelo A14 - Mpozenato
7908816380251 - Banqueta Alta Bar Estofada Kit 10 Milli Linho Caramelo/Areia A14 - Mpozenato
7908816380268 - Banqueta Alta Bar Estofada Kit 10 Milli Linho Caramelo/Cinza A14 - Mpozenato
7908816380275 - Banqueta Alta Bar Estofada Kit 10 Milli Linho Cinza/Preto A14 - Mpozenato
7908816380282 - Banqueta Alta Bar Estofada Kit 10 Milli Linho Cinza A14     - Mpozenato
7908816380299 - Banqueta Alta Bar Estofada Kit 10 Milli Linho Areia A14     - Mpozenato
7908816380305 - Banqueta Cozinha Média Milli Sintético Caramelo A14         - Mpozenato
7908816380312 - Banqueta Cozinha Média Milli Sintético Preto A14            - Mpozenato
7908816380329 - Banqueta Cozinha Média Milli Sintético Verde A14            - Mpozenato
7908816380336 - Banqueta Cozinha Média Milli Linho Grafite/Caramelo A14     - Mpozenato
7908816380343 - Banqueta Cozinha Média Milli Linho Caramelo/Areia A14       - Mpozenato
7908816380350 - Banqueta Cozinha Média Milli Linho Caramelo/Cinza A14       - Mpozenato
7908816380367 - Banqueta Cozinha Média Milli Linho Cinza/Preto A14          - Mpozenato
7908816380374 - Banqueta Cozinha Média Milli Linho Cinza A14                - Mpozenato
7908816380381 - Banqueta Cozinha Média Milli Linho Areia A14                - Mpozenato
7908816380398 - Banqueta Cozinha Média Kit 2 Milli Sintético Caramelo A14   - Mpozenato
7908816380404 - Banqueta Cozinha Média Kit 2 Milli Sintético Preto A14      - Mpozenato
7908816380411 - Banqueta Cozinha Média Kit 2 Milli Sintético Verde A14      - Mpozenato
7908816380428 - Banqueta Cozinha Média Kit 2 Milli Linho Grafite/Caramelo A14 - Mpozenato
7908816380435 - Banqueta Cozinha Média Kit 2 Milli Linho Caramelo/Areia A14 - Mpozenato
7908816380442 - Banqueta Cozinha Média Kit 2 Milli Linho Caramelo/Cinza A14 - Mpozenato
7908816380459 - Banqueta Cozinha Média Kit 2 Milli Linho Cinza/Preto A14    - Mpozenato
7908816380466 - Banqueta Cozinha Média Kit 2 Milli Linho Cinza A14          - Mpozenato
7908816380473 - Banqueta Cozinha Média Kit 2 Milli Linho Areia A14          - Mpozenato
7908816380480 - Banqueta Cozinha Média Kit 4 Milli Sintético Caramelo A14   - Mpozenato
7908816380497 - Banqueta Cozinha Média Kit 4 Milli Sintético Preto A14      - Mpozenato
7908816380503 - Banqueta Cozinha Média Kit 4 Milli Sintético Verde A14      - Mpozenato
7908816380510 - Banqueta Cozinha Média Kit 4 Milli Linho Grafite/Caramelo A14 - Mpozenato
7908816380527 - Banqueta Cozinha Média Kit 4 Milli Linho Caramelo/Areia A14 - Mpozenato
7908816380534 - Banqueta Cozinha Média Kit 4 Milli Linho Caramelo/Cinza A14 - Mpozenato
7908816380541 - Banqueta Cozinha Média Kit 4 Milli Linho Cinza/Preto A14    - Mpozenato
7908816380558 - Banqueta Cozinha Média Kit 4 Milli Linho Cinza A14          - Mpozenato
7908816380565 - Banqueta Cozinha Média Kit 4 Milli Linho Areia A14          - Mpozenato
7908816380572 - Banqueta Cozinha Média Kit 6 Milli Sintético Caramelo A14   - Mpozenato
7908816380589 - Banqueta Cozinha Média Kit 6 Milli Sintético Preto A14      - Mpozenato
7908816380596 - Banqueta Cozinha Média Kit 6 Milli Sintético Verde A14      - Mpozenato
7908816380602 - Banqueta Cozinha Média Kit 6 Milli Linho Grafite/Caramelo A14 - Mpozenato
7908816380619 - Banqueta Cozinha Média Kit 6 Milli Linho Caramelo/Areia A14 - Mpozenato
7908816380626 - Banqueta Cozinha Média Kit 6 Milli Linho Caramelo/Cinza A14 - Mpozenato
7908816380633 - Banqueta Cozinha Média Kit 6 Milli Linho Cinza/Preto A14    - Mpozenato
7908816380640 - Banqueta Cozinha Média Kit 6 Milli Linho Cinza A14          - Mpozenato
7908816380657 - Banqueta Cozinha Média Kit 6 Milli Linho Areia A14          - Mpozenato
7908816380664 - Banqueta Cozinha Média Kit 8 Milli Sintético Caramelo A14   - Mpozenato
7908816380671 - Banqueta Cozinha Média Kit 8 Milli Sintético Preto A14      - Mpozenato
7908816380688 - Banqueta Cozinha Média Kit 8 Milli Sintético Verde A14      - Mpozenato
7908816380695 - Banqueta Cozinha Média Kit 8 Milli Linho Grafite/Caramelo A14 - Mpozenato
7908816380701 - Banqueta Cozinha Média Kit 8 Milli Linho Caramelo/Areia A14 - Mpozenato
7908816380718 - Banqueta Cozinha Média Kit 8 Milli Linho Caramelo/Cinza A14 - Mpozenato
7908816380725 - Banqueta Cozinha Média Kit 8 Milli Linho Cinza/Preto A14    - Mpozenato
7908816380732 - Banqueta Cozinha Média Kit 8 Milli Linho Cinza A14          - Mpozenato
7908816380749 - Banqueta Cozinha Média Kit 8 Milli Linho Areia A14          - Mpozenato
7908816380756 - Banqueta Cozinha Média Kit 10 Milli Sintético Caramelo A14  - Mpozenato
7908816380763 - Banqueta Cozinha Média Kit 10 Milli Sintético Preto A14     - Mpozenato
7908816380770 - Banqueta Cozinha Média Kit 10 Milli Sintético Verde A14     - Mpozenato
7908816380787 - Banqueta Cozinha Média Kit 10 Milli Linho Grafite/Caramelo A14 - Mpozenato
7908816380794 - Banqueta Cozinha Média Kit 10 Milli Linho Caramelo/Areia A14 - Mpozenato
7908816380800 - Banqueta Cozinha Média Kit 10 Milli Linho Caramelo/Cinza A14 - Mpozenato
7908816380817 - Banqueta Cozinha Média Kit 10 Milli Linho Cinza/Preto A14   - Mpozenato
7908816380824 - Banqueta Cozinha Média Kit 10 Milli Linho Cinza A14          - Mpozenato
7908816380831 - Banqueta Cozinha Média Kit 10 Milli Linho Areia A14         - Mpozenato
