2025-08-11 22:13:20,654 - atributos - INFO - Iniciando extração de atributos: Planilha_Online_Todos_Cadastrados.xlsx
2025-08-12 08:46:24,502 - atributos - INFO - Iniciando extração de atributos: Planilha_Online_PLUMADECOR.xlsx
2025-08-12 09:12:59,229 - atributos - INFO - Iniciando extração de atributos: Planilha_Online_PLUMADECOR.xlsx
2025-08-12 09:13:17,616 - atributos - INFO - Iniciando extração de atributos: Planilha_Online_Todos_Cadastrados.xlsx
2025-08-12 09:21:33,982 - atributos - INFO - Iniciando extração de atributos: Planilha_Online_PLUMADECOR.xlsx
2025-08-12 09:22:39,440 - atributos - INFO - Iniciando extração de atributos: Planilha_Online_PLUMADECOR.xlsx
2025-08-12 09:24:51,314 - atributos - INFO - Iniciando extração de atributos: Planilha_Online_PLUMADECOR.xlsx
2025-08-12 09:27:04,032 - atributos - INFO - Iniciando extração de atributos: Planilha_Online_PLUMADECOR.xlsx
2025-08-12 09:27:45,291 - atributos - INFO - Iniciando extração de atributos: Planilha_Online_PLUMADECOR.xlsx
2025-08-12 09:31:24,801 - atributos - INFO - Iniciando extração de atributos: Planilha_Online_PLUMADECOR.xlsx
2025-08-12 09:36:08,348 - atributos - INFO - Iniciando extração de atributos: Planilha_Online_PLUMADECOR.xlsx
2025-08-12 09:36:57,877 - atributos - INFO - Iniciando extração de atributos: Planilha_Online_Scala.xlsx
2025-08-12 09:37:10,708 - atributos - INFO - Iniciando extração de atributos: Planilha_Online_Scala.xlsx
2025-08-12 09:37:53,061 - atributos - INFO - Iniciando extração de atributos: Planilha_Online_Gazin.xlsx
2025-08-12 09:37:59,592 - atributos - INFO - Iniciando extração de atributos: Planilha_Online_Gazin.xlsx
2025-08-12 09:38:16,747 - atributos - INFO - Iniciando extração de atributos: Planilha_Online_Maderatto.xlsx
2025-08-12 09:51:54,511 - atributos - INFO - Iniciando extração de atributos: Planilha_Online_Caemmun.xlsx
2025-08-12 09:55:38,782 - atributos - INFO - Iniciando extração de atributos: Template_Produtos_Mpozenato_Cadastro_.xlsx
2025-08-12 09:55:51,900 - atributos - INFO - Iniciando extração de atributos: Planilha_Online_Albatroz.xlsx
2025-08-12 10:09:50,238 - atributos - INFO - Iniciando extração de atributos: Planilha_Online_FRATELO.xlsx
2025-08-12 10:09:56,799 - atributos - INFO - Iniciando extração de atributos: Planilha_Online_Maderatto_Balcao24.02.xlsx
2025-08-12 10:10:09,618 - atributos - INFO - Iniciando extração de atributos: Planilha_Online_Todos_Cadastrados.xlsx
2025-08-12 10:11:21,726 - atributos - INFO - Iniciando extração de atributos: Template_Produtos_Mpozenato_PLUMADECOR.xlsx
2025-08-12 10:11:30,962 - atributos - INFO - Iniciando extração de atributos: Planilha_Online_PLUMADECOR.xlsx
2025-08-12 10:16:56,378 - atributos - INFO - Iniciando extração de atributos: Planilha_Online_PLUMADECOR.xlsx
2025-08-12 10:50:46,579 - atributos - INFO - Iniciando extração de atributos: Planilha_Online_PLUMADECOR.xlsx
2025-08-12 11:16:33,794 - atributos - INFO - Iniciando extração de atributos: Planilha_Online_Scala.xlsx
2025-08-12 11:22:10,032 - atributos - INFO - Iniciando extração de atributos: Planilha_Online_Scala.xlsx
2025-08-12 11:22:39,740 - atributos - INFO - Iniciando extração de atributos: Planilha_Online_Caemmun.xlsx
2025-08-12 11:22:48,874 - atributos - INFO - Iniciando extração de atributos: Planilha_Online_Todos_Cadastrados.xlsx
2025-08-12 11:23:26,450 - atributos - INFO - Iniciando extração de atributos: Planilha_Online_FRATELO.xlsx
2025-08-12 11:23:42,471 - atributos - INFO - Iniciando extração de atributos: Produtos_cadastrados_JET06.08.25.xlsx
2025-08-12 11:41:51,897 - atributos - INFO - Iniciando extração de atributos: Planilha_Online_FRATELO.xlsx
2025-08-12 11:42:15,348 - atributos - INFO - Iniciando extração de atributos: Template_Produtos_Mpozenato_Cadastro_.xlsx
2025-08-12 11:42:28,907 - atributos - INFO - Iniciando extração de atributos: Planilha_Online_Atributo_Todos_Tray.xlsx
2025-08-12 13:43:29,272 - atributos - INFO - Iniciando extração de atributos: Planilha_Online_PLUMADECOR.xlsx
2025-08-12 13:49:16,585 - atributos - INFO - Iniciando extração de atributos: Planilha_Online_Maderatto_NovasCores.xlsx
2025-08-12 13:49:39,424 - atributos - INFO - Iniciando extração de atributos: Template_Produtos_Mpozenato_Cadastro_.xlsx
2025-08-12 14:51:13,369 - atributos - INFO - Iniciando extração de atributos: Planilha_Online_KIDS_MOBILI.xlsx
2025-08-12 15:19:23,271 - atributos - INFO - Iniciando extração de atributos: Planilha_Online_KIDS_MOBILI.xlsx
2025-08-12 16:08:28,527 - atributos - INFO - Iniciando extração de atributos: Planilha_Online_KITS.xlsx
2025-08-13 15:06:50,837 - atributos - INFO - Iniciando extração de atributos: Planilha_Online_AB.xlsx
2025-08-13 15:13:38,234 - atributos - INFO - Iniciando extração de atributos: Planilha_Online_AB.xlsx
