2025-08-11 21:30:36,622 - cadastro - INFO - Iniciando processamento para arquivos: Planilha_Online_Scala.xlsx e Template_Produtos_Mpozenato_Cadastro_.xlsx
2025-08-11 21:31:12,358 - cadastro - INFO - Iniciando processamento para arquivos: Planilha_Online_KITS.xlsx e Template_Produtos_Mpozenato_Cadastro_.xlsx
2025-08-11 21:42:40,572 - cadastro - INFO - Iniciando processamento para arquivos: Planilha_Online_Albatroz.xlsx e Template_Produtos_Mpozenato_Cadastro_.xlsx
2025-08-11 21:43:19,085 - cadastro - INFO - Iniciando processamento para arquivos: Planilha_Online_Todos_Cadastrados.xlsx e Template_Produtos_Mpozenato_Cadastro_.xlsx
2025-08-11 21:56:11,605 - cadastro - INFO - Iniciando processamento para arquivos: Planilha_Online_KITS.xlsx e Template_Produtos_Mpozenato_Cadastro_.xlsx
2025-08-11 21:59:11,531 - cadastro - INFO - Iniciando processamento para arquivos: Planilha_Online_FRATELO.xlsx e Template_Produtos_Mpozenato_Cadastro_.xlsx
2025-08-11 22:11:51,433 - cadastro - INFO - Iniciando processamento para arquivos: Planilha_Online_Todos_Cadastrados.xlsx e Template_Produtos_Mpozenato_Cadastro_.xlsx
2025-08-11 22:37:57,299 - cadastro - INFO - Iniciando processamento para arquivos: Planilha_Online_KITS.xlsx e Template_Produtos_Mpozenato_Cadastro_.xlsx
2025-08-11 22:38:16,589 - cadastro - INFO - Iniciando processamento para arquivos: Planilha_Online_KITS.xlsx e Template_Produtos_Mpozenato_Cadastro_.xlsx
2025-08-12 08:13:44,204 - cadastro - INFO - Iniciando processamento para arquivos: Planilha_Online_PLUMADECOR.xlsx e Template_Produtos_Mpozenato_Cadastro_.xlsx
2025-08-12 08:50:18,937 - cadastro - INFO - Iniciando processamento para arquivos: Planilha_Online_PLUMADECOR.xlsx e Template_Produtos_Mpozenato_Cadastro_.xlsx
2025-08-12 09:07:26,199 - cadastro - INFO - Iniciando processamento para arquivos: Planilha_Online_Scala.xlsx e Template_Produtos_Mpozenato_Cadastro_.xlsx
2025-08-12 09:07:43,115 - cadastro - INFO - Iniciando processamento para arquivos: Planilha_Online_PLUMADECOR.xlsx e Template_Produtos_Mpozenato_Cadastro_.xlsx
2025-08-12 09:08:07,180 - cadastro - INFO - Iniciando processamento para arquivos: Planilha_Online_PLUMADECOR.xlsx e Planilha_Online_PLUMADECOR.xlsx
2025-08-12 10:08:26,963 - cadastro - INFO - Iniciando processamento para arquivos: Planilha_Online_Todos_Cadastrados.xlsx e Template_Produtos_Mpozenato_Cadastro_.xlsx
2025-08-12 10:08:57,953 - cadastro - INFO - Iniciando processamento para arquivos: Template_Produtos_Mpozenato_Cadastro_.xlsx e Template_Produtos_Mpozenato_Cadastro_.xlsx
2025-08-12 10:09:14,362 - cadastro - INFO - Iniciando processamento para arquivos: Planilha_Online_Scala.xlsx e Template_Produtos_Mpozenato_Cadastro_.xlsx
2025-08-12 10:09:22,568 - cadastro - INFO - Iniciando processamento para arquivos: Planilha_Online_KITS.xlsx e Template_Produtos_Mpozenato_Cadastro_.xlsx
2025-08-12 10:18:03,187 - cadastro - INFO - Iniciando processamento para arquivos: Planilha_Online_PLUMADECOR.xlsx e Template_Produtos_Mpozenato_Cadastro_.xlsx
2025-08-12 10:19:28,276 - cadastro - INFO - Iniciando processamento para arquivos: Planilha_Online_PLUMADECOR.xlsx e Planilha_Online_PLUMADECOR.xlsx
2025-08-12 10:35:05,358 - cadastro - INFO - Iniciando processamento para arquivos: Template_Produtos_Mpozenato_PLUMADECOR.xlsx e Atributos_Extraidos_20250811_151246.xlsx
2025-08-12 11:00:27,931 - cadastro - INFO - Iniciando processamento para arquivos: Planilha_Online_PLUMADECOR.xlsx e Template_Produtos_Mpozenato_Cadastro_.xlsx
2025-08-12 11:01:13,893 - cadastro - INFO - Iniciando processamento para arquivos: Planilha_Online_PLUMADECOR.xlsx e Template_Produtos_Mpozenato_Cadastro_.xlsx
2025-08-12 11:01:36,220 - cadastro - INFO - Iniciando processamento para arquivos: Planilha_Online_PLUMADECOR.xlsx e Template_Produtos_Mpozenato_Cadastro_.xlsx
2025-08-12 11:02:05,310 - cadastro - INFO - Iniciando processamento para arquivos: Template_Produtos_Mpozenato_Cadastro_.xlsx e Template_Produtos_Mpozenato_Cadastro_.xlsx
2025-08-12 11:02:05,334 - cadastro - ERROR - Erro no processamento: Planilha fora do padrão. Colunas faltantes: EAN, NOMEONCLICK, NOMEE-COMMERCE, TIPODEPRODUTO, EMBALTURA, EMBLARGURA, EMBCOMPRIMENTO, VOLUMES, EANCOMPONENTES, MARCA, CUSTO, DE, POR, FORNECEDOR, OUTROS, FRETE, NCM, CODFORN, CATEGORIA, GRUPO, COMPLEMENTO, DISPONIBILIDADEWEB, DESCRICAOHTML, PESOBRUTO, PESOLIQUIDO, VOLPESOBRUTO, VOLPESOLIQ, VOLLARGURA, VOLALTURA, VOLCOMPRIMENTO, CATEGORIAPRINCIPALTRAY, CATEGORIAPRINCIPALCORP, NIVELADICIONAL1CORP, CUSTOTOTAL
2025-08-12 11:05:08,232 - cadastro - INFO - Iniciando processamento para arquivos: Template_Produtos_Mpozenato_Cadastro_.xlsx e Template_Produtos_Mpozenato_PLUMADECOR.xlsx
2025-08-12 11:05:08,261 - cadastro - ERROR - Erro no processamento: Planilha fora do padrão. Colunas faltantes: EAN, NOMEONCLICK, NOMEE-COMMERCE, TIPODEPRODUTO, EMBALTURA, EMBLARGURA, EMBCOMPRIMENTO, VOLUMES, EANCOMPONENTES, MARCA, CUSTO, DE, POR, FORNECEDOR, OUTROS, FRETE, NCM, CODFORN, CATEGORIA, GRUPO, COMPLEMENTO, DISPONIBILIDADEWEB, DESCRICAOHTML, PESOBRUTO, PESOLIQUIDO, VOLPESOBRUTO, VOLPESOLIQ, VOLLARGURA, VOLALTURA, VOLCOMPRIMENTO, CATEGORIAPRINCIPALTRAY, CATEGORIAPRINCIPALCORP, NIVELADICIONAL1CORP, CUSTOTOTAL
2025-08-12 11:05:34,168 - cadastro - INFO - Iniciando processamento para arquivos: Planilha_Online_Todos_Cadastrados.xlsx e Template_Produtos_Mpozenato_Cadastro_.xlsx
2025-08-12 11:07:47,462 - cadastro - INFO - Iniciando processamento para arquivos: Planilha_Online_PLUMADECOR.xlsx e Template_Produtos_Mpozenato_Cadastro_.xlsx
2025-08-12 11:08:11,621 - cadastro - INFO - Iniciando processamento para arquivos: Template_Produtos_Mpozenato_Cadastro_.xlsx e Template_Produtos_Mpozenato_Cadastro_.xlsx
2025-08-12 11:08:11,647 - cadastro - ERROR - Erro no processamento: Planilha fora do padrão. Colunas faltantes: EAN, NOMEONCLICK, NOMEE-COMMERCE, TIPODEPRODUTO, EMBALTURA, EMBLARGURA, EMBCOMPRIMENTO, VOLUMES, EANCOMPONENTES, MARCA, CUSTO, DE, POR, FORNECEDOR, OUTROS, FRETE, NCM, CODFORN, CATEGORIA, GRUPO, COMPLEMENTO, DISPONIBILIDADEWEB, DESCRICAOHTML, PESOBRUTO, PESOLIQUIDO, VOLPESOBRUTO, VOLPESOLIQ, VOLLARGURA, VOLALTURA, VOLCOMPRIMENTO, CATEGORIAPRINCIPALTRAY, CATEGORIAPRINCIPALCORP, NIVELADICIONAL1CORP, CUSTOTOTAL
2025-08-12 11:08:57,218 - cadastro - INFO - Iniciando processamento para arquivos: Template_Produtos_Mpozenato_Cadastro_.xlsx e Template_Produtos_Mpozenato_Cadastro_.xlsx
2025-08-12 11:08:57,242 - cadastro - ERROR - Erro no processamento: Planilha fora do padrão. Colunas faltantes: EAN, NOMEONCLICK, NOMEE-COMMERCE, TIPODEPRODUTO, EMBALTURA, EMBLARGURA, EMBCOMPRIMENTO, VOLUMES, EANCOMPONENTES, MARCA, CUSTO, DE, POR, FORNECEDOR, OUTROS, FRETE, NCM, CODFORN, CATEGORIA, GRUPO, COMPLEMENTO, DISPONIBILIDADEWEB, DESCRICAOHTML, PESOBRUTO, PESOLIQUIDO, VOLPESOBRUTO, VOLPESOLIQ, VOLLARGURA, VOLALTURA, VOLCOMPRIMENTO, CATEGORIAPRINCIPALTRAY, CATEGORIAPRINCIPALCORP, NIVELADICIONAL1CORP, CUSTOTOTAL
2025-08-12 11:09:13,856 - cadastro - INFO - Iniciando processamento para arquivos: Planilha_Online_PLUMADECOR.xlsx e Template_Produtos_Mpozenato_Cadastro_.xlsx
2025-08-12 11:12:23,616 - cadastro - INFO - Iniciando processamento para arquivos: Planilha_Online_PLUMADECOR.xlsx e Template_Produtos_Mpozenato_Cadastro_.xlsx
2025-08-12 11:12:58,268 - cadastro - INFO - Iniciando processamento para arquivos: Planilha_Online_PLUMADECOR.xlsx e Template_Produtos_Mpozenato_Cadastro_.xlsx
2025-08-12 11:13:50,431 - cadastro - INFO - Iniciando processamento para arquivos: Planilha_Online_Scala.xlsx e Template_Produtos_Mpozenato_Cadastro_.xlsx
2025-08-12 11:13:50,461 - cadastro - ERROR - Erro no processamento: Planilha fora do padrão. Colunas faltantes: FRETE, COMPLEMENTO
2025-08-12 11:14:06,808 - cadastro - INFO - Iniciando processamento para arquivos: Planilha_Online_Todos_Cadastrados.xlsx e Template_Produtos_Mpozenato_Cadastro_.xlsx
2025-08-12 11:14:43,615 - cadastro - INFO - Iniciando processamento para arquivos: Template_Produtos_Mpozenato_Cadastro_.xlsx e Template_Produtos_Mpozenato_Cadastro_.xlsx
2025-08-12 11:14:43,640 - cadastro - ERROR - Erro no processamento: Planilha fora do padrão. Colunas faltantes: EAN, NOMEONCLICK, NOMEE-COMMERCE, TIPODEPRODUTO, EMBALTURA, EMBLARGURA, EMBCOMPRIMENTO, VOLUMES, EANCOMPONENTES, MARCA, CUSTO, DE, POR, FORNECEDOR, OUTROS, FRETE, NCM, CODFORN, CATEGORIA, GRUPO, COMPLEMENTO, DISPONIBILIDADEWEB, DESCRICAOHTML, PESOBRUTO, PESOLIQUIDO, VOLPESOBRUTO, VOLPESOLIQ, VOLLARGURA, VOLALTURA, VOLCOMPRIMENTO, CATEGORIAPRINCIPALTRAY, CATEGORIAPRINCIPALCORP, NIVELADICIONAL1CORP, CUSTOTOTAL
2025-08-12 11:32:39,352 - cadastro - INFO - Iniciando processamento para arquivos: Planilha_Online_Scala.xlsx e Template_Produtos_Mpozenato_Cadastro_.xlsx
2025-08-12 11:32:39,383 - cadastro - ERROR - Erro no processamento: Planilha fora do padrão. Colunas faltantes: FRETE, COMPLEMENTO
2025-08-12 13:08:45,688 - cadastro - INFO - Iniciando processamento para arquivos: Planilha_Online_PLUMADECOR.xlsx e Template_Produtos_Mpozenato_Cadastro_.xlsx
2025-08-12 13:09:21,098 - cadastro - INFO - Iniciando processamento para arquivos: Template_Produtos_Mpozenato_Cadastro_.xlsx e Template_Produtos_Mpozenato_Cadastro_.xlsx
2025-08-12 13:09:21,125 - cadastro - ERROR - Erro no processamento: Planilha fora do padrão. Colunas faltantes: EAN, NOMEONCLICK, NOMEE-COMMERCE, TIPODEPRODUTO, EMBALTURA, EMBLARGURA, EMBCOMPRIMENTO, VOLUMES, EANCOMPONENTES, MARCA, CUSTO, DE, POR, FORNECEDOR, OUTROS, FRETE, NCM, CODFORN, CATEGORIA, GRUPO, COMPLEMENTO, DISPONIBILIDADEWEB, DESCRICAOHTML, PESOBRUTO, PESOLIQUIDO, VOLPESOBRUTO, VOLPESOLIQ, VOLLARGURA, VOLALTURA, VOLCOMPRIMENTO, CATEGORIAPRINCIPALTRAY, CATEGORIAPRINCIPALCORP, NIVELADICIONAL1CORP, CUSTOTOTAL
2025-08-12 13:39:19,885 - cadastro - INFO - Iniciando processamento para arquivos: PlanilhaExemplo-CompletaSomenteValidos_2025-08-12-11.xlsx e Atributos_Extraidos_20250811_145820.xlsx
2025-08-12 13:39:22,619 - cadastro - ERROR - Erro no processamento: Planilha fora do padrão. Colunas faltantes: NOMEONCLICK, NOMEE-COMMERCE, TIPODEPRODUTO, EMBALTURA, EMBLARGURA, EMBCOMPRIMENTO, VOLUMES, EANCOMPONENTES, MARCA, CUSTO, DE, POR, FORNECEDOR, OUTROS, FRETE, NCM, CODFORN, CATEGORIA, GRUPO, COMPLEMENTO, DISPONIBILIDADEWEB, DESCRICAOHTML, PESOBRUTO, PESOLIQUIDO, VOLPESOBRUTO, VOLPESOLIQ, VOLLARGURA, VOLALTURA, VOLCOMPRIMENTO, CATEGORIAPRINCIPALTRAY, CATEGORIAPRINCIPALCORP, NIVELADICIONAL1CORP, CUSTOTOTAL
2025-08-12 14:47:19,493 - cadastro - INFO - Iniciando processamento para arquivos: Planilha_Online_KIDS_MOBILI.xlsx e Template_Produtos_Mpozenato_Cadastro_.xlsx
2025-08-12 14:48:50,711 - cadastro - INFO - Iniciando processamento para arquivos: Planilha_Online_KIDS_MOBILI.xlsx e Template_Produtos_Mpozenato_Cadastro_.xlsx
2025-08-13 11:26:01,918 - cadastro - INFO - Iniciando processamento para arquivos: Template_Produtos_Mpozenato_CADASTRO_AB.xlsx e Template_Produtos_Mpozenato_Cadastro_.xlsx
2025-08-13 11:26:02,040 - cadastro - ERROR - Erro no processamento: Planilha fora do padrão. Colunas faltantes: EAN, NOMEONCLICK, NOMEE-COMMERCE, TIPODEPRODUTO, EMBALTURA, EMBLARGURA, EMBCOMPRIMENTO, VOLUMES, EANCOMPONENTES, MARCA, CUSTO, DE, POR, FORNECEDOR, OUTROS, FRETE, NCM, CODFORN, CATEGORIA, GRUPO, COMPLEMENTO, DISPONIBILIDADEWEB, DESCRICAOHTML, PESOBRUTO, PESOLIQUIDO, VOLPESOBRUTO, VOLPESOLIQ, VOLLARGURA, VOLALTURA, VOLCOMPRIMENTO, CATEGORIAPRINCIPALTRAY, CATEGORIAPRINCIPALCORP, NIVELADICIONAL1CORP, CUSTOTOTAL
2025-08-13 11:27:05,979 - cadastro - INFO - Iniciando processamento para arquivos: Planilha_Online_AB.xlsx e Template_Produtos_Mpozenato_Cadastro_.xlsx
2025-08-13 11:31:31,001 - cadastro - INFO - Iniciando processamento para arquivos: Planilha_Online_LUCIANE.xlsx e Template_Produtos_Mpozenato_Cadastro_.xlsx
2025-08-13 14:57:36,205 - cadastro - INFO - Iniciando processamento para arquivos: Planilha_Online_AB.xlsx e Template_Produtos_Mpozenato_Cadastro_.xlsx
2025-08-13 15:01:00,233 - cadastro - INFO - Iniciando processamento para arquivos: Planilha_Online_KIDS_MOBILI.xlsx e Template_Produtos_Mpozenato_Cadastro_.xlsx
2025-08-13 15:13:52,670 - cadastro - INFO - Iniciando processamento para arquivos: Planilha_Online_AB.xlsx e Template_Produtos_Mpozenato_Cadastro_.xlsx
2025-08-13 16:50:05,350 - cadastro - INFO - Iniciando processamento para arquivos: Planilha_Online_AB.xlsx e Template_Produtos_Mpozenato_Cadastro_.xlsx
2025-08-13 16:50:31,348 - cadastro - INFO - Iniciando processamento para arquivos: Template_Produtos_Mpozenato_Cadastro_.xlsx e Template_Produtos_Mpozenato_Cadastro_.xlsx
2025-08-13 16:50:31,373 - cadastro - ERROR - Erro no processamento: Planilha fora do padrão. Colunas faltantes: EAN, NOMEONCLICK, NOMEE-COMMERCE, TIPODEPRODUTO, EMBALTURA, EMBLARGURA, EMBCOMPRIMENTO, VOLUMES, EANCOMPONENTES, MARCA, CUSTO, DE, POR, FORNECEDOR, OUTROS, FRETE, NCM, CODFORN, CATEGORIA, GRUPO, COMPLEMENTO, DISPONIBILIDADEWEB, DESCRICAOHTML, PESOBRUTO, PESOLIQUIDO, VOLPESOBRUTO, VOLPESOLIQ, VOLLARGURA, VOLALTURA, VOLCOMPRIMENTO, CATEGORIAPRINCIPALTRAY, CATEGORIAPRINCIPALCORP, NIVELADICIONAL1CORP, CUSTOTOTAL
2025-08-13 16:54:17,929 - cadastro - INFO - Iniciando processamento para arquivos: Planilha_Online_LUCIANE.xlsx e Template_Produtos_Mpozenato_Cadastro_.xlsx
