Banqueta Alta Bar Estofada Milli Sintético Caramelo A14     - Mpozenato - 7908816379767 - sucesso
Banqueta Alta Bar Estofada Milli Sintético Preto A14        - Mpozenato - 7908816379774 - sucesso
Banqueta Alta Bar Estofada Milli Sintético Verde A14        - Mpozenato - 7908816379781 - sucesso
Banqueta Alta Bar Estofada Milli Linho Grafite/Caramelo A14 - Mpozenato - 7908816379798 - sucesso
Banqueta Alta Bar Estofada Milli Linho Caramelo/Areia A14   - Mpozenato - 7908816379804 - sucesso
Banqueta Alta Bar Estofada Milli Linho Caramelo/Cinza A14   - Mpozenato - 7908816379811 - sucesso
Banqueta Alta Bar Estofada Milli Linho Cinza/Preto A14      - Mpozenato - 7908816379828 - sucesso
Banqueta Alta Bar Estofada Milli Linho Cinza A14            - Mpozenato - 7908816379835 - sucesso
Banqueta Alta Bar Estofada Milli Linho Areia A14            - Mpozenato - 7908816379842 - sucesso
Banqueta Alta Bar Estofada Kit 2 Milli Sintético Caramelo A14 - Mpozenato - 7908816379859 - sucesso
Banqueta Alta Bar Estofada Kit 2 Milli Sintético Preto A14   - Mpozenato - 7908816379866 - sucesso
Banqueta Alta Bar Estofada Kit 2 Milli Sintético Verde A14  - Mpozenato - 7908816379873 - sucesso
Banqueta Alta Bar Estofada Kit 2 Milli Linho Grafite/Caramelo A14 - Mpozenato - 7908816379880 - sucesso
Banqueta Alta Bar Estofada Kit 2 Milli Linho Caramelo/Areia A14 - Mpozenato - 7908816379897 - sucesso
Banqueta Alta Bar Estofada Kit 2 Milli Linho Caramelo/Cinza A14 - Mpozenato - 7908816379903 - sucesso
Banqueta Alta Bar Estofada Kit 2 Milli Linho Cinza/Preto A14 - Mpozenato - 7908816379910 - sucesso
Banqueta Alta Bar Estofada Kit 2 Milli Linho Cinza A14      - Mpozenato - 7908816379927 - sucesso
Banqueta Alta Bar Estofada Kit 2 Milli Linho Areia A14      - Mpozenato - 7908816379934 - sucesso
Banqueta Alta Bar Estofada Kit 4 Milli Sintético Caramelo A14 - Mpozenato - 7908816379941 - sucesso
Banqueta Alta Bar Estofada Kit 4 Milli Sintético Preto A14  - Mpozenato - 7908816379958 - sucesso
Banqueta Alta Bar Estofada Kit 4 Milli Sintético Verde A14  - Mpozenato - 7908816379965 - sucesso
Banqueta Alta Bar Estofada Kit 4 Milli Linho Grafite/Caramelo A14 - Mpozenato - 7908816379972 - sucesso
Banqueta Alta Bar Estofada Kit 4 Milli Linho Caramelo/Areia A14 - Mpozenato - 7908816379989 - sucesso
Banqueta Alta Bar Estofada Kit 4 Milli Linho Caramelo/Cinza A14 - Mpozenato - 7908816379996 - sucesso
Banqueta Alta Bar Estofada Kit 4 Milli Linho Cinza/Preto A14 - Mpozenato - 7908816380008 - sucesso
Banqueta Alta Bar Estofada Kit 4 Milli Linho Cinza A14      - Mpozenato - 7908816380015 - sucesso
Banqueta Alta Bar Estofada Kit 4 Milli Linho Areia A14      - Mpozenato - 7908816380022 - sucesso
Banqueta Alta Bar Estofada Kit 6 Milli Sintético Caramelo A14 - Mpozenato - 7908816380039 - sucesso
Banqueta Alta Bar Estofada Kit 6 Milli Sintético Preto A14  - Mpozenato - 7908816380046 - sucesso
Banqueta Alta Bar Estofada Kit 6 Milli Sintético Verde A14  - Mpozenato - 7908816380053 - sucesso
Banqueta Alta Bar Estofada Kit 6 Milli Linho Grafite/Caramelo A14 - Mpozenato - 7908816380060 - sucesso
Banqueta Alta Bar Estofada Kit 6 Milli Linho Caramelo/Areia A14 - Mpozenato - 7908816380077 - sucesso
Banqueta Alta Bar Estofada Kit 6 Milli Linho Caramelo/Cinza A14 - Mpozenato - 7908816380084 - sucesso
Banqueta Alta Bar Estofada Kit 6 Milli Linho Cinza/Preto A14 - Mpozenato - 7908816380091 - sucesso
Banqueta Alta Bar Estofada Kit 6 Milli Linho Cinza A14      - Mpozenato - 7908816380107 - sucesso
Banqueta Alta Bar Estofada Kit 6 Milli Linho Areia A14      - Mpozenato - 7908816380114 - sucesso
Banqueta Alta Bar Estofada Kit 8 Milli Sintético Caramelo A14 - Mpozenato - 7908816380121 - sucesso
Banqueta Alta Bar Estofada Kit 8 Milli Sintético Preto A14  - Mpozenato - 7908816380138 - sucesso
Banqueta Alta Bar Estofada Kit 8 Milli Sintético Verde A14  - Mpozenato - 7908816380145 - sucesso
Banqueta Alta Bar Estofada Kit 8 Milli Linho Grafite/Caramelo A14 - Mpozenato - 7908816380152 - sucesso
Banqueta Alta Bar Estofada Kit 8 Milli Linho Caramelo/Areia A14 - Mpozenato - 7908816380169 - sucesso
Banqueta Alta Bar Estofada Kit 8 Milli Linho Caramelo/Cinza A14 - Mpozenato - 7908816380176 - sucesso
Banqueta Alta Bar Estofada Kit 8 Milli Linho Cinza/Preto A14 - Mpozenato - 7908816380183 - sucesso
Banqueta Alta Bar Estofada Kit 8 Milli Linho Cinza A14      - Mpozenato - 7908816380190 - sucesso
Banqueta Alta Bar Estofada Kit 8 Milli Linho Areia A14      - Mpozenato - 7908816380206 - sucesso
Banqueta Alta Bar Estofada Kit 10 Milli Sintético Caramelo A14 - Mpozenato - 7908816380213 - sucesso
Banqueta Alta Bar Estofada Kit 10 Milli Sintético Preto A14 - Mpozenato - 7908816380220 - sucesso
Banqueta Alta Bar Estofada Kit 10 Milli Sintético Verde A14 - Mpozenato - 7908816380237 - sucesso
Banqueta Alta Bar Estofada Kit 10 Milli Linho Grafite/Caramelo A14 - Mpozenato - 7908816380244 - sucesso
Banqueta Alta Bar Estofada Kit 10 Milli Linho Caramelo/Areia A14 - Mpozenato - 7908816380251 - sucesso
Banqueta Alta Bar Estofada Kit 10 Milli Linho Caramelo/Cinza A14 - Mpozenato - 7908816380268 - sucesso
Banqueta Alta Bar Estofada Kit 10 Milli Linho Cinza/Preto A14 - Mpozenato - 7908816380275 - sucesso
Banqueta Alta Bar Estofada Kit 10 Milli Linho Cinza A14     - Mpozenato - 7908816380282 - sucesso
Banqueta Alta Bar Estofada Kit 10 Milli Linho Areia A14     - Mpozenato - 7908816380299 - sucesso
Banqueta Cozinha Média Milli Sintético Caramelo A14         - Mpozenato - 7908816380305 - sucesso
Banqueta Cozinha Média Milli Sintético Preto A14            - Mpozenato - 7908816380312 - sucesso
Banqueta Cozinha Média Milli Sintético Verde A14            - Mpozenato - 7908816380329 - sucesso
Banqueta Cozinha Média Milli Linho Grafite/Caramelo A14     - Mpozenato - 7908816380336 - sucesso
Banqueta Cozinha Média Milli Linho Caramelo/Areia A14       - Mpozenato - 7908816380343 - sucesso
Banqueta Cozinha Média Milli Linho Caramelo/Cinza A14       - Mpozenato - 7908816380350 - sucesso
Banqueta Cozinha Média Milli Linho Cinza/Preto A14          - Mpozenato - 7908816380367 - sucesso
Banqueta Cozinha Média Milli Linho Cinza A14                - Mpozenato - 7908816380374 - sucesso
Banqueta Cozinha Média Milli Linho Areia A14                - Mpozenato - 7908816380381 - sucesso
Banqueta Cozinha Média Kit 2 Milli Sintético Caramelo A14   - Mpozenato - 7908816380398 - sucesso
Banqueta Cozinha Média Kit 2 Milli Sintético Preto A14      - Mpozenato - 7908816380404 - sucesso
Banqueta Cozinha Média Kit 2 Milli Sintético Verde A14      - Mpozenato - 7908816380411 - sucesso
Banqueta Cozinha Média Kit 2 Milli Linho Grafite/Caramelo A14 - Mpozenato - 7908816380428 - sucesso
Banqueta Cozinha Média Kit 2 Milli Linho Caramelo/Areia A14 - Mpozenato - 7908816380435 - sucesso
Banqueta Cozinha Média Kit 2 Milli Linho Caramelo/Cinza A14 - Mpozenato - 7908816380442 - sucesso
Banqueta Cozinha Média Kit 2 Milli Linho Cinza/Preto A14    - Mpozenato - 7908816380459 - sucesso
Banqueta Cozinha Média Kit 2 Milli Linho Cinza A14          - Mpozenato - 7908816380466 - sucesso
Banqueta Cozinha Média Kit 2 Milli Linho Areia A14          - Mpozenato - 7908816380473 - sucesso
Banqueta Cozinha Média Kit 4 Milli Sintético Caramelo A14   - Mpozenato - 7908816380480 - sucesso
Banqueta Cozinha Média Kit 4 Milli Sintético Preto A14      - Mpozenato - 7908816380497 - sucesso
Banqueta Cozinha Média Kit 4 Milli Sintético Verde A14      - Mpozenato - 7908816380503 - sucesso
Banqueta Cozinha Média Kit 4 Milli Linho Grafite/Caramelo A14 - Mpozenato - 7908816380510 - sucesso
Banqueta Cozinha Média Kit 4 Milli Linho Caramelo/Areia A14 - Mpozenato - 7908816380527 - sucesso
Banqueta Cozinha Média Kit 4 Milli Linho Caramelo/Cinza A14 - Mpozenato - 7908816380534 - sucesso
Banqueta Cozinha Média Kit 4 Milli Linho Cinza/Preto A14    - Mpozenato - 7908816380541 - sucesso
Banqueta Cozinha Média Kit 4 Milli Linho Cinza A14          - Mpozenato - 7908816380558 - sucesso
Banqueta Cozinha Média Kit 4 Milli Linho Areia A14          - Mpozenato - 7908816380565 - sucesso
Banqueta Cozinha Média Kit 6 Milli Sintético Caramelo A14   - Mpozenato - 7908816380572 - sucesso
Banqueta Cozinha Média Kit 6 Milli Sintético Preto A14      - Mpozenato - 7908816380589 - sucesso
Banqueta Cozinha Média Kit 6 Milli Sintético Verde A14      - Mpozenato - 7908816380596 - sucesso
Banqueta Cozinha Média Kit 6 Milli Linho Grafite/Caramelo A14 - Mpozenato - 7908816380602 - sucesso
Banqueta Cozinha Média Kit 6 Milli Linho Caramelo/Areia A14 - Mpozenato - 7908816380619 - sucesso
Banqueta Cozinha Média Kit 6 Milli Linho Caramelo/Cinza A14 - Mpozenato - 7908816380626 - sucesso
Banqueta Cozinha Média Kit 6 Milli Linho Cinza/Preto A14    - Mpozenato - 7908816380633 - sucesso
Banqueta Cozinha Média Kit 6 Milli Linho Cinza A14          - Mpozenato - 7908816380640 - sucesso
Banqueta Cozinha Média Kit 6 Milli Linho Areia A14          - Mpozenato - 7908816380657 - sucesso
Banqueta Cozinha Média Kit 8 Milli Sintético Caramelo A14   - Mpozenato - 7908816380664 - sucesso
Banqueta Cozinha Média Kit 8 Milli Sintético Preto A14      - Mpozenato - 7908816380671 - sucesso
Banqueta Cozinha Média Kit 8 Milli Sintético Verde A14      - Mpozenato - 7908816380688 - sucesso
Banqueta Cozinha Média Kit 8 Milli Linho Grafite/Caramelo A14 - Mpozenato - 7908816380695 - sucesso
Banqueta Cozinha Média Kit 8 Milli Linho Caramelo/Areia A14 - Mpozenato - 7908816380701 - sucesso
Banqueta Cozinha Média Kit 8 Milli Linho Caramelo/Cinza A14 - Mpozenato - 7908816380718 - sucesso
Banqueta Cozinha Média Kit 8 Milli Linho Cinza/Preto A14    - Mpozenato - 7908816380725 - sucesso
Banqueta Cozinha Média Kit 8 Milli Linho Cinza A14          - Mpozenato - 7908816380732 - sucesso
Banqueta Cozinha Média Kit 8 Milli Linho Areia A14          - Mpozenato - 7908816380749 - sucesso
Banqueta Cozinha Média Kit 10 Milli Sintético Caramelo A14  - Mpozenato - 7908816380756 - sucesso
Banqueta Cozinha Média Kit 10 Milli Sintético Preto A14     - Mpozenato - 7908816380763 - sucesso
Banqueta Cozinha Média Kit 10 Milli Sintético Verde A14     - Mpozenato - 7908816380770 - sucesso
Banqueta Cozinha Média Kit 10 Milli Linho Grafite/Caramelo A14 - Mpozenato - 7908816380787 - sucesso
Banqueta Cozinha Média Kit 10 Milli Linho Caramelo/Areia A14 - Mpozenato - 7908816380794 - sucesso
Banqueta Cozinha Média Kit 10 Milli Linho Caramelo/Cinza A14 - Mpozenato - 7908816380800 - sucesso
Banqueta Cozinha Média Kit 10 Milli Linho Cinza/Preto A14   - Mpozenato - 7908816380817 - sucesso
Banqueta Cozinha Média Kit 10 Milli Linho Cinza A14          - Mpozenato - 7908816380824 - sucesso
Banqueta Cozinha Média Kit 10 Milli Linho Areia A14         - Mpozenato - 7908816380831 - sucesso
