2025-08-11 16:52:22 | Produtos: 372 | Tempo: 2.03s | Status: sucesso
2025-08-11 16:53:13 | Produtos: 372 | Tempo: 2.11s | Status: sucesso
2025-08-11 16:54:08 | Produtos: 372 | Tempo: 1.97s | Status: sucesso
2025-08-11 16:59:56 | Produtos: 372 | Tempo: 2.13s | Status: sucesso
2025-08-11 17:00:04 | Produtos: 372 | Tempo: 2.05s | Status: sucesso
2025-08-11 17:00:27 | Produtos: 0 | Tempo: 0.00s | Status: ERRO: Planilha Online faltando as seguintes colunas: EAN, NOMEONCLICK, NOMEE-COMMERCE, TIPODEPRODUTO, EMBALTURA, EMBLARGURA, EMBCOMPRIMENTO, VOLUMES, EANCOMPONENTES, MARCA, CUSTO, DE, POR, FORNECEDOR, OUTROS, FRETE, NCM, CODFORN, CATEGORIA, GRUPO, COMPLEMENTO, DISPONIBILIDADEWEB, DESCRICAOHTML, PESOBRUTO, PESOLIQUIDO, VOLPESOBRUTO, VOLPESOLIQ, VOLLARGURA, VOLALTURA, VOLCOMPRIMENTO, CATEGORIAPRINCIPALTRAY, CATEGORIAPRINCIPALCORP, NIVELADICIONAL1CORP, CUSTOTOTAL
2025-08-11 17:00:49 | Produtos: 372 | Tempo: 2.15s | Status: sucesso
2025-08-11 17:23:04 | Produtos: 372 | Tempo: 1.99s | Status: sucesso
2025-08-11 21:30:37 | Produtos: 0 | Tempo: 0.00s | Status: ERRO: Planilha Online faltando as seguintes colunas: FRETE, COMPLEMENTO
2025-08-11 21:31:15 | Produtos: 84 | Tempo: 3.32s | Status: sucesso
2025-08-11 21:42:40 | Produtos: 0 | Tempo: 0.00s | Status: ERRO: Planilha Online faltando as seguintes colunas: COMPLEMENTO
2025-08-11 21:43:41 | Produtos: 1033 | Tempo: 22.81s | Status: sucesso
2025-08-11 21:56:14 | Produtos: 84 | Tempo: 2.85s | Status: sucesso
2025-08-11 21:59:11 | Produtos: 0 | Tempo: 0.00s | Status: ERRO: Planilha Online faltando as seguintes colunas: FRETE, COMPLEMENTO
2025-08-11 22:12:12 | Produtos: 1033 | Tempo: 21.05s | Status: sucesso
2025-08-11 22:38:00 | Produtos: 84 | Tempo: 3.53s | Status: sucesso
2025-08-11 22:38:22 | Produtos: 84 | Tempo: 5.96s | Status: sucesso
2025-08-12 08:13:46 | Produtos: 372 | Tempo: 2.08s | Status: sucesso
2025-08-12 08:50:21 | Itens: 372 | Tempo: 2.05s | Status: sucesso
2025-08-12 09:07:45 | Itens: 372 | Tempo: 2.09s | Status: sucesso
2025-08-12 10:08:35 | Itens: 1033 | Tempo: 8.98s | Status: sucesso
2025-08-12 10:18:05 | Itens: 372 | Tempo: 2.08s | Status: sucesso
2025-08-12 11:00:30 | Itens: 372 | Tempo: 2.06s | Status: sucesso
2025-08-12 11:01:15 | Itens: 372 | Tempo: 2.01s | Status: sucesso
2025-08-12 11:01:38 | Itens: 372 | Tempo: 2.10s | Status: sucesso
2025-08-12 11:05:41 | Itens: 1033 | Tempo: 6.89s | Status: sucesso
2025-08-12 11:07:49 | Itens: 372 | Tempo: 2.24s | Status: sucesso
2025-08-12 11:09:15 | Itens: 372 | Tempo: 2.02s | Status: sucesso
2025-08-12 11:12:25 | Itens: 372 | Tempo: 2.11s | Status: sucesso
2025-08-12 11:13:00 | Itens: 372 | Tempo: 2.05s | Status: sucesso
2025-08-12 11:14:13 | Itens: 1033 | Tempo: 6.78s | Status: sucesso
2025-08-12 13:08:47 | Itens: 372 | Tempo: 2.03s | Status: sucesso
2025-08-12 14:47:20 | Itens: 34 | Tempo: 0.63s | Status: sucesso
2025-08-12 14:48:51 | Itens: 34 | Tempo: 0.63s | Status: sucesso
2025-08-13 11:27:06 | Itens: 108 | Tempo: 0.98s | Status: sucesso
2025-08-13 11:31:32 | Itens: 97 | Tempo: 1.24s | Status: sucesso
2025-08-13 14:57:37 | Módulo: cadastro | Itens: 108 | Tempo: 1.12s | Status: sucesso | Usuário: Sistema
2025-08-13 15:01:00 | Módulo: cadastro | Itens: 34 | Tempo: 0.64s | Status: sucesso | Usuário: Sistema
2025-08-13 15:13:53 | Módulo: cadastro | Itens: 108 | Tempo: 1.09s | Status: sucesso | Usuário: Sistema
2025-08-13 16:50:06 | Módulo: cadastro | Itens: 108 | Tempo: 1.15s | Status: sucesso | Usuário: Sistema
2025-08-13 16:54:19 | Módulo: cadastro | Itens: 97 | Tempo: 1.21s | Status: sucesso | Usuário: Sistema
