=== Processamento em 12/08/2025 10:08:36 ===
Total de produtos: 1033

Lista de produtos:
7908816369126 - Cuba Pia Para Banheiro Meia Lua 39cm Thaís C08 Branco - Mpozenato
7908816369133 - Cuba Pia Para Banheiro Meia Lua 39cm Thaís C08 Bege - Mpozenato
7908816369140 - Cuba Pia Para Banheiro Meia Lua 39cm Thaís C08 Cinza - Mpozenato
7908816369157 - Cuba Pia Para Banheiro Meia Lua 39cm Thaís C08 Preto - Mpozenato
7908816369164 - Cuba Pia Para Banheiro Meia Lua 39cm Thaís C08 Branco Granit - Mpozenato
7908816369171 - Cuba Pia Para Banheiro Meia Lua 39cm Thaís C08 Preto Granit - Mpozenato
7908816369188 - Cuba Pia Para Banheiro Redonda 26cm Celine C08 Branco - Mpozenato
7908816369195 - Cuba Pia Para Banheiro Redonda 26cm Celine C08 Bege - Mpozenato
7908816369201 - Cuba Pia Para Banheiro Redonda 26cm Celine C08 Cinza - Mpozenato
7908816369218 - Cuba Pia Para Banheiro Redonda 26cm Celine C08 Preto - Mpozenato
7908816369225 - Cuba Pia Para Banheiro Redonda 26cm Celine C08 Branco Granit - Mpozenato
7908816369232 - Cuba Pia Para Banheiro Redonda 26cm Celine C08 Preto Granit - Mpozenato
7908816369249 - Cuba Pia Para Banheiro Redonda 34cm Sara C08 Branco - Mpozenato
7908816369256 - Cuba Pia Para Banheiro Redonda 34cm Sara C08 Bege - Mpozenato
7908816369263 - Cuba Pia Para Banheiro Redonda 34cm Sara C08 Cinza - Mpozenato
7908816369270 - Cuba Pia Para Banheiro Redonda 34cm Sara C08 Preto - Mpozenato
7908816369287 - Cuba Pia Para Banheiro Redonda 34cm Sara C08 Branco Granit - Mpozenato
7908816369294 - Cuba Pia Para Banheiro Redonda 34cm Sara C08 Preto Granit - Mpozenato
7908816369300 - Cuba Pia Para Banheiro Oval Canoa 46cm Tânia C08 Branco - Mpozenato
7908816369317 - Cuba Pia Para Banheiro Oval Canoa 46cm Tânia C08 Bege - Mpozenato
7908816369324 - Cuba Pia Para Banheiro Oval Canoa 46cm Tânia C08 Cinza - Mpozenato
7908816369331 - Cuba Pia Para Banheiro Oval Canoa 46cm Tânia C08 Preto - Mpozenato
7908816369348 - Cuba Pia Para Banheiro Oval Canoa 46cm Tânia C08 Branco Granit - Mpozenato
7908816369355 - Cuba Pia Para Banheiro Oval Canoa 46cm Tânia C08 Preto Granit - Mpozenato
7908816369362 - Cuba Pia Para Banheiro Retangular 38cm Dalila C08 Branco - Mpozenato
7908816369379 - Cuba Pia Para Banheiro Retangular 38cm Dalila C08 Bege - Mpozenato
7908816369386 - Cuba Pia Para Banheiro Retangular 38cm Dalila C08 Cinza - Mpozenato
7908816369393 - Cuba Pia Para Banheiro Retangular 38cm Dalila C08 Preto - Mpozenato
7908816369409 - Cuba Pia Para Banheiro Retangular 38cm Dalila C08 Branco Granit - Mpozenato
7908816369416 - Cuba Pia Para Banheiro Retangular 38cm Dalila C08 Preto Granit - Mpozenato
7908816369423 - Cuba Pia Para Banheiro Gota 43cm Maitê C08 Branco - Mpozenato
7908816369430 - Cuba Pia Para Banheiro Gota 43cm Maitê C08 Bege - Mpozenato
7908816369447 - Cuba Pia Para Banheiro Gota 43cm Maitê C08 Cinza - Mpozenato
7908816369454 - Cuba Pia Para Banheiro Gota 43cm Maitê C08 Preto - Mpozenato
7908816369461 - Cuba Pia Para Banheiro Gota 43cm Maitê C08 Branco Granit - Mpozenato
7908816369478 - Cuba Pia Para Banheiro Gota 43cm Maitê C08 Preto Granit - Mpozenato
7908816369485 - Cuba Pia Para Banheiro Quadrada 32cm Ágata C08 Branco - Mpozenato
7908816369492 - Cuba Pia Para Banheiro Quadrada 32cm Ágata C08 Bege - Mpozenato
7908816369508 - Cuba Pia Para Banheiro Quadrada 32cm Ágata C08 Cinza - Mpozenato
7908816369515 - Cuba Pia Para Banheiro Quadrada 32cm Ágata C08 Preto - Mpozenato
7908816369522 - Cuba Pia Para Banheiro Quadrada 32cm Ágata C08 Branco Granit - Mpozenato
7908816369539 - Cuba Pia Para Banheiro Quadrada 32cm Ágata C08 Preto Granit - Mpozenato
7908816369546 - Cuba Pia de Apoio Para Banheiro Quadrada 33cm Aya C08 Branco - Mpozenato
7908816369553 - Cuba Pia de Apoio Para Banheiro Quadrada 33cm Aya C08 Bege - Mpozenato
7908816369560 - Cuba Pia de Apoio Para Banheiro Quadrada 33cm Aya C08 Cinza - Mpozenato
7908816369577 - Cuba Pia de Apoio Para Banheiro Quadrada 33cm Aya C08 Preto - Mpozenato
7908816369584 - Cuba Pia de Apoio Para Banheiro Quadrada 33cm Aya C08 Verde - Mpozenato
7908816369591 - Cuba Pia Para Banheiro Retangular 36cm Jasmin C08 Branco - Mpozenato
7908816369607 - Cuba Pia Para Banheiro Retangular 36cm Jasmin C08 Bege - Mpozenato
7908816369614 - Cuba Pia Para Banheiro Retangular 36cm Jasmin C08 Cinza - Mpozenato
7908816369621 - Cuba Pia Para Banheiro Retangular 36cm Jasmin C08 Preto - Mpozenato
7908816369638 - Cuba Pia Para Banheiro Retangular 36cm Jasmin C08 Verde - Mpozenato
7908816369645 - Cuba Pia de Apoio Para Banheiro Retangular 30cm Joy C08 Branco - Mpozenato
7908816369652 - Cuba Pia de Apoio Para Banheiro Retangular 30cm Joy C08 Bege - Mpozenato
7908816369669 - Cuba Pia de Apoio Para Banheiro Retangular 30cm Joy C08 Cinza - Mpozenato
7908816369676 - Cuba Pia de Apoio Para Banheiro Retangular 30cm Joy C08 Preto - Mpozenato
7908816369683 - Cuba Pia de Apoio Para Banheiro Retangular 30cm Joy C08 Verde - Mpozenato
7908816369690 - Cuba Pia de Apoio Para Banheiro Retangular 55cm Ivy C08 Branco - Mpozenato
7908816369706 - Cuba Pia de Apoio Para Banheiro Retangular 55cm Ivy C08 Bege - Mpozenato
7908816369713 - Cuba Pia de Apoio Para Banheiro Retangular 55cm Ivy C08 Cinza - Mpozenato
7908816369720 - Cuba Pia de Apoio Para Banheiro Retangular 55cm Ivy C08 Preto - Mpozenato
7908816369737 - Cuba Pia de Apoio Para Banheiro Retangular 55cm Ivy C08 Verde - Mpozenato
7908816369744 - Cuba Pia de Apoio Para Banheiro Retangular 54cm Alva C08 Branco - Mpozenato
7908816369751 - Cuba Pia de Apoio Para Banheiro Retangular 54cm Alva C08 Bege - Mpozenato
7908816369768 - Cuba Pia de Apoio Para Banheiro Retangular 54cm Alva C08 Cinza - Mpozenato
7908816369775 - Cuba Pia de Apoio Para Banheiro Retangular 54cm Alva C08 Preto - Mpozenato
7908816369782 - Cuba Pia de Apoio Para Banheiro Retangular 54cm Alva C08 Verde - Mpozenato
7908816369799 - Cuba Pia de Apoio Para Banheiro Oval 43cm Hera C08 Branco - Mpozenato
7908816369805 - Cuba Pia de Apoio Para Banheiro Oval 43cm Hera C08 Bege - Mpozenato
7908816369812 - Cuba Pia de Apoio Para Banheiro Oval 43cm Hera C08 Cinza - Mpozenato
7908816369829 - Cuba Pia de Apoio Para Banheiro Oval 43cm Hera C08 Preto - Mpozenato
7908816369836 - Cuba Pia de Apoio Para Banheiro Oval 43cm Hera C08 Verde - Mpozenato
7908816368747 - Poltrona Amamentação Base Balanço e Puff Vick Linho Bege F03 - Mpozenato
7908816368754 - Poltrona Amamentação Base Balanço e Puff Vick Linho Cinza F03 - Mpozenato
7908816368761 - Poltrona Amamentação Base Balanço e Puff Vick Veludo Off F03 - Mpozenato
7908816368778 - Poltrona Amamentação Base Balanço e Puff Vick Veludo Cinza F03 - Mpozenato
7908816368785 - Poltrona Amamentação Base Balanço e Puff Vick Bouclê Off F03 - Mpozenato
7908816368792 - Poltrona Amamentação Base Balanço e Puff Vick Bouclê Cinza F03 - Mpozenato
7908816368808 - Poltrona Amamentação Base Madeira Balanço Vick Linho Bege F03 - Mpozenato
7908816368815 - Poltrona Amamentação Base Madeira Balanço Vick Linho Cinza F03 - Mpozenato
7908816368822 - Poltrona Amamentação Base Madeira Balanço Vick Veludo Off F03 - Mpozenato
7908816368839 - Poltrona Amamentação Base Madeira Balanço Vick Veludo Cinza F03 - Mpozenato
7908816368846 - Poltrona Amamentação Base Madeira Balanço Vick Bouclê Off F03 - Mpozenato
7908816369843 - Poltrona Amamentação Base Madeira Balanço Vick Bouclê Cinza F03 - Mpozenato
7908816368853 - Poltrona Amamentação Base Balanço e Puff Lola Linho Bege F03 - Mpozenato
7908816368860 - Poltrona Amamentação Base Balanço e Puff Lola Linho Cinza F03 - Mpozenato
7908816368877 - Poltrona Amamentação Base Balanço e Puff Lola Bouclê Off F03 - Mpozenato
7908816368884 - Poltrona Amamentação Base Balanço e Puff Lola Veludo Off F03 - Mpozenato
7908816368891 - Poltrona Amamentação Base Balanço e Puff Lola Veludo Cinza F03 - Mpozenato
7908816368907 - Poltrona Amamentação Base Madeira Balanço Lola Linho Bege F03 - Mpozenato
7908816368914 - Poltrona Amamentação Base Madeira Balanço Lola Linho Cinza F03 - Mpozenato
7908816368921 - Poltrona Amamentação Base Madeira Balanço Lola Bouclê Off F03 - Mpozenato
7908816368938 - Poltrona Amamentação Base Madeira Balanço Lola Veludo Off F03 - Mpozenato
7908816368945 - Poltrona Amamentação Base Madeira Balanço Lola Veludo Cinza F03 - Mpozenato
7908816368952 - Poltrona Amamentação Base Balanço e Puff Maju Linho Cinza F03 - Mpozenato
7908816368969 - Poltrona Amamentação Base Balanço e Puff Maju Linho Bege F03 - Mpozenato
7908816368976 - Poltrona Amamentação Base Balanço e Puff Maju Veludo Off F03 - Mpozenato
7908816368983 - Poltrona Amamentação Base Balanço e Puff Maju Veludo Cinza F03 - Mpozenato
7908816368990 - Poltrona Amamentação Base Balanço e Puff Maju Bouclê Cinza F03 - Mpozenato
7908816369003 - Poltrona Amamentação Base Balanço e Puff Maju Bouclê Off F03 - Mpozenato
7908816369010 - Poltrona Amamentação Base Balanço e Puff Maju Sintético Branco F03 - Mpozenato
7908816369027 - Poltrona Amamentação Base Madeira Balanço Maju Linho Cinza F03 - Mpozenato
7908816369034 - Poltrona Amamentação Base Madeira Balanço Maju Linho Bege F03 - Mpozenato
7908816369041 - Poltrona Amamentação Base Madeira Balanço Maju Veludo Off F03 - Mpozenato
7908816369058 - Poltrona Amamentação Base Madeira Balanço Maju Veludo Cinza F03 - Mpozenato
7908816369850 - Poltrona Amamentação Base Madeira Balanço Maju Bouclê Cinza F03 - Mpozenato
7908816369065 - Poltrona Amamentação Base Madeira Balanço Maju Bouclê Off F03 - Mpozenato
7908816369072 - Poltrona Amamentação Base Balanço Maju Sintético Branco F03 - Mpozenato
7899370006582 - Colchão Solteiro Espuma D33 88x15x188 Dream Preto - Gazin
7895171314000 - Pia de Cozinha com Cuba e Válvula Bali 140cm Aço Inox - Ghel Plus
7895171319005 - 200x56/01 CUBA N2-110 BALI - COMPONENTE
7908816367405 - Pia de Cozinha com Cuba e Válvula Bali 200cm Aço Inox - Ghel Plus
7908816370832 - Buffet Aparador Cristaleira e Mesa de Centro Ester Off/Castanho - HB Móveis
7908816370825 - Buffet Aparador Cristaleira e Mesa de Centro Agnes Off/Castanho H01 - Mpozenato
7908816370818 - Buffet Aparador Cristaleira e Mesa Centro Ester Pistache/Castanho - HB Móveis
7908816370801 - Buffet Aparador Cristaleira e Mesa Centro Agnes Pistache/Castanho H01 - Mpozenato
7908816371563 - Armário de Cozinha Aéreo 2 Portas 80cm Minsk Freijó Z06 - Mpozenato
7908816371570 - Armário de Cozinha Aéreo 2 Portas 80cm Minsk Freijó/Soft Z06 - Mpozenato
7908816371587 - Armário de Cozinha 80cm 2 Portas de Vidro Minsk Freijó Z06 - Mpozenato
7908816371594 - Armário de Cozinha Aéreo 2 Portas 120cm Minsk Freijó Z06 - Mpozenato
7908816371600 - Armário de Cozinha Aéreo 2 Portas 120cm Minsk Freijó/Soft Z06 - Mpozenato
7908816371617 - Armário de Cozinha 120cm 2 Portas de Vidro Minsk Freijó Z06 - Mpozenato
7908816371624 - Armário Aéreo de Canto Reto Minsk Freijó Z06 - Mpozenato
7908816371631 - Armário Aéreo de Canto Reto Minsk Freijó/Soft Z06 - Mpozenato
7908816371648 - Balcão de Cozinha Com Tampo 80cm 2 Portas Minsk Vanilla Z06 - Mpozenato
7908816371655 - Balcão de Cozinha Com Tampo 80cm 2 Portas Minsk Branco Z06 - Mpozenato
7908816371662 - Balcão de Canto Reto Com Tampo e Painel 94cm Minsk Vanilla Z06 - Mpozenato
7908816371679 - Balcão de Canto Reto Com Tampo e Painel 94cm Minsk Branco Z06 - Mpozenato
7908816371686 - Paneleiro Cozinha Torre Quente Duplo Minsk Vanilla/Freijó Z06 - Mpozenato
7908816371693 - Paneleiro Cozinha Torre Quente Duplo Minsk Branco/Freijó Z06 - Mpozenato
7908816371709 - Paneleiro Cozinha Torre Quente Duplo Minsk Branco/Soft/Freijó Z06 - Mpozenato
7908816371716 - Paneleiro Cristaleira 2 Portas 38cm Minsk Freijó Z06 - Mpozenato
7908816371723 - Paneleiro de Cozinha 3 Portas Minsk Vanilla/Freijó Z06 - Mpozenato
7908816371730 - Paneleiro de Cozinha 3 Portas Minsk Branco/Freijó Z06 - Mpozenato
7908816371747 - Paneleiro de Cozinha 3 Portas Minsk Branco/Soft/Freijó Z06 - Mpozenato
7908816371754 - Paneleiro de Cozinha Portas de Vidro Minsk Vanilla/Freijó Z06 - Mpozenato
7908816371761 - Paneleiro de Cozinha Portas de Vidro Minsk Branco/Freijó Z06 - Mpozenato
7908816371778 - Armário de Cozinha CP05 Com Tampo 120cm Minsk Vanilla/Freijó Z06 - Mpozenato
7908816371785 - Armário de Cozinha CP05 Com Tampo 120cm Minsk Branco/Freijó Z06 - Mpozenato
7908816371792 - Armário de Cozinha CP05 Com Tampo 120cm Minsk Branco/Soft Z06 - Mpozenato
7908816371808 - Armário de Cozinha CP06 Com Tampo 120cm Minsk Branco/Soft Z06 - Mpozenato
7908816371815 - Armário de Cozinha CP07 Com Tampo 120cm Minsk Vanilla/Freijó Z06 - Mpozenato
7908816371822 - Armário de Cozinha CP08 Com Tampo 120cm Minsk Branco/Freijó Z06 - Mpozenato
7908816371839 - Balcão de Cozinha Com Tampo 91cm Vivian Nogueira/Off White Z06 - Mpozenato
7908816371846 - Balcão de Cozinha Com Tampo 91cm Vivian Freijó/Gris Z06 - Mpozenato
7908816371853 - Balcão de Cozinha Com Tampo 91cm Vivian Freijó/Supremo Z06 - Mpozenato
7908816371860 - Armário de Cozinha Compacta 221cm Vivian Nogueira/Off White Z06 - Mpozenato
7908816371877 - Armário de Cozinha Compacta 221cm Vivian Freijó/Gris Z06 - Mpozenato
7908816371884 - Armário de Cozinha Compacta 221cm Vivian Freijó/Supremo Z06 - Mpozenato
7908816371891 - Cozinha Compacta Com Balcão 221cm Vivian Nogueira/Off White Z06 - Mpozenato
7908816371907 - Cozinha Compacta Com Balcão 221cm Vivian Freijó/Gris Z06 - Mpozenato
7908816371914 - Cozinha Compacta Com Balcão 221cm Vivian Freijó/Supremo Z06 - Mpozenato
7908816371921 - Balcão de Cozinha Com Tampo 91cm Vivian Plus Freijó/Soft Z06 - Mpozenato
7908816371938 - Balcão de Cozinha Com Tampo 91cm Vivian Plus Freijó/Gris Z06 - Mpozenato
7908816371945 - Armário de Cozinha Compacta 221cm Vivian Plus Freijó/Soft Z06 - Mpozenato
7908816371952 - Armário de Cozinha Compacta 221cm Vivian Plus Freijó/Gris Z06 - Mpozenato
7908816371969 - Cozinha Compacta Com Balcão 221cm Vivian Plus Freijó/Soft Z06 - Mpozenato
7908816371976 - Cozinha Compacta Com Balcão 221cm Vivian Plus Freijó/Gris Z06 - Mpozenato
7908816371983 - Armário de Cozinha Compacta 132cm Stella Freijó/Soft Z06 - Mpozenato
7908816371990 - Armário de Cozinha Compacta 132cm Stella Plus Freijó/Soft Z06 - Mpozenato
7908816372003 - Armário de Cozinha Compacta 132cm Stella Plus Freijó/Gris Z06 - Mpozenato
7908816372010 - Armário de Cozinha Compacta 180cm Turim Plus Freijó/Soft Z06 - Mpozenato
7908816372027 - Armário de Cozinha Compacta 180cm Turim Plus Freijó/Supremo Z06 - Mpozenato
7908816372034 - Armário de Cozinha Compacta 121cm Pádua Plus Freijó/Soft Z06 - Mpozenato
7908816372041 - Armário de Cozinha Compacta 121cm Pádua Plus Freijó/Gris Z06 - Mpozenato
7908816372058 - Armário de Cozinha Compacta 90cm Bruna Plus Freijó/Soft Z06 - Mpozenato
7908816372065 - Armário de Cozinha Compacta 90cm Bruna Plus Freijó/Supremo Z06 - Mpozenato
7908816372072 - Armário de Cozinha Compacta 121cm Bruna Plus Freijó/Soft Z06 - Mpozenato
7908816372089 - Armário de Cozinha Compacta 121cm Bruna Plus Freijó/Supremo Z06 - Mpozenato
7908816372096 - Balcão de Cozinha Com Tampo 120cm Louis Plus Freijó/Soft Z06 - Mpozenato
7908816372102 - Balcão de Cozinha Com Tampo 120cm Louis Plus Freijó/Gris Z06 - Mpozenato
7908816372119 - Armário de Cozinha Compacta 251cm Louis Plus Freijó/Soft Z06 - Mpozenato
7908816372126 - Armário de Cozinha Compacta 251cm Louis Plus Freijó/Gris Z06 - Mpozenato
7908816372133 - Cozinha Compacta Com Balcão 251cm Louis Plus Freijó/Soft Z06 - Mpozenato
7908816372140 - Cozinha Compacta Com Balcão 251cm Louis Plus Freijó/Gris Z06 - Mpozenato
7908816372157 - TAMPO 1200 MDF 12MM - COMPONENTE - Mpozenato
7908816372164 - Balcão de Cozinha Com Tampo 3 Portas Laura Plus Soft/Freijó Z06 - Mpozenato
7908816372171 - Balcão de Cozinha Sem Tampo 120cm Laura Plus Soft/Freijó Z06 - Mpozenato
7908816372188 - Balcão de Cozinha Com Tampo 120cm Laura Plus Soft/Freijó Z06 - Mpozenato
7908816372195 - Balcão de Cozinha Com Pia 120cm Laura Plus Soft/Freijó Z06 - Mpozenato
7908816372201 - Armário de Cozinha Compacta 251cm Laura Plus Soft/Freijó Z06 - Mpozenato
7908816372218 - Armário de Cozinha Compacta 251cm Laura Plus Freijó Z06 - Mpozenato
7908816372225 - Cozinha Compacta Com Balcão 251cm Laura Plus Soft/Freijó Z06 - Mpozenato
7908816372232 - Cozinha Compacta Com Balcão 251cm Laura Plus Freijó/Soft Z06 - Mpozenato
7908816372249 - Cozinha Compacta Balcão Sem Tampo Laura Plus Soft/Freijó Z06 - Mpozenato
7908816372256 - Cozinha Compacta Balcão Sem Tampo Laura Plus Freijó/Soft Z06 - Mpozenato
7908816372263 - Cozinha Compacta Balcão Com Tampo 120cm Laura Plus Soft/Freijó Z06 - Mpozenato
7908816372270 - Cozinha Compacta Balcão Com Tampo 120cm Laura Plus Freijó/Soft Z06 - Mpozenato
7908816372287 - Cozinha Compacta Balcão Com Pia 120cm Laura Plus Soft/Freijó Z06 - Mpozenato
7908816372294 - Cozinha Compacta Balcão Com Pia 120cm Laura Plus Freijó/Soft Z06 - Mpozenato
7908816372300 - Mesa Bancada Gourmet Para Cozinha Salt Branco Z06 - Mpozenato
7908816372317 - Mesa Bancada Gourmet Para Cozinha Salt Preto Z06 - Mpozenato
7908816372324 - Mesa Bancada Gourmet Cantinho do Café Salt Branco Z06 - Mpozenato
7908816372331 - Mesa Bancada Gourmet Cantinho do Café Salt Preto Z06 - Mpozenato
7908816372348 - Estante Escrivaninha Para Escritório Home Office Salt Branco Z06 - Mpozenato
7908816372355 - Estante Escrivaninha Para Escritório Home Office Salt Preto Z06 - Mpozenato
7908816372362 - Estante Escrivaninha Com Mesa Bancada Retrátil Salt Branco Z06 - Mpozenato
7908816372379 - Estante Escrivaninha Com Mesa Bancada Retrátil Salt Preto Z06 - Mpozenato
7908816372386 - Mesa Escrivaninha Bancada de Estudos Para Quarto Salt Branco Z06 - Mpozenato
7908816372393 - Mesa Escrivaninha Bancada de Estudos Para Quarto Salt Preto Z06 - Mpozenato
7908816372409 - Estante Painel Para TV 75 Pol 215cm Guape Nature/Off Flex L06 - Mpozenato
7908816372416 - Painel TV 65 Pol e Bancada Suspensa Aruna Freijó/Off L06 - Mpozenato
7908816372423 - Painel TV 60 Pol e Bancada Suspensa Cherry Nature/Off L06 - Mpozenato
7908816372430 - Mesa de Centro Para Sala Estilo Industrial Ville Caramelo L06 - Mpozenato
7908816372447 - Aparador Para Sala Industrial Com Prateleira Ville Caramelo L06 - Mpozenato
7908816372454 - Cabeceira Casal e Queen Painel Ripado 241cm Palmeira Nature L06 - Mpozenato
7908816372461 - Cabeceira Casal e Queen Painel Ripado 241cm Palmeira Off L06 - Mpozenato
7908816372478 - Aparador e Mesa de Centro Estilo Industrial Ville Caramelo L06 - Mpozenato
7908816372485 - Estante Painel Para TV 70 Pol 200cm Malik Tauari/Off L06 - Mpozenato
7908816372492 - Estante Painel Para TV 70 Pol 200cm Apollo Tauari/Off L06 - Mpozenato
7908816372508 - Painel TV 65 Pol e Bancada Suspensa Illumi Tauari/Off L06 - Mpozenato
7908816372515 - Rack Bancada Para TV 75 Pol 239cm Martan Tauari/Off Flex L06 - Mpozenato
7908816372522 - Rack Bancada TV 75 Pol 239cm com LED Martan Tauari/Off Flex L06 - Mpozenato
7908816372539 - Painel TV 75 Pol 239cm com LED Martan Tauari/Off Flex L06 - Mpozenato
7908816372546 - Painel TV 75 Pol 201cm Ripado com Prateleira Benty Nature L06 - Mpozenato
7908816372553 - Painel TV 55 Pol Extensível até 180cm Lana Nature/Off Flex L06 - Mpozenato
7908816372560 - Painel TV 75 Pol e Rack Bancada 239cm Martan Tauari/Off Flex L06 - Mpozenato
7908816372577 - Painel TV 75 Pol e Rack 239cm com LED Martan Tauari/Off Flex L06 - Mpozenato
7908816372584 - Painel TV 75 Pol Benty e Rack Bancada 200cm Nice Nature/Off L06 - Mpozenato
7908816372591 - Painel TV 55 Pol Lana e Rack 180cm Color Nature/Off Flex L06 - Mpozenato
7908816372607 - Painel TV 55 Pol Lana e Rack 180cm Agata Nature/Off Flex L06 - Mpozenato
7908816372614 - Painel TV 55 Pol Lana e Rack 160cm Arum Nature/Off Flex L06 - Mpozenato
7908816361694 - Tampo Para Balcão de Cozinha 98cm MDP M24 Branco - Mpozenato
7908816361700 - Tampo Para Balcão de Cozinha 98cm MDP M24 Preto - Mpozenato
7908816361717 - Tampo Para Balcão de Cozinha 98cm MDP M24 Freijó - Mpozenato
7908816361724 - Tampo Para Balcão de Cozinha 98cm MDP M24 Grafite - Mpozenato
7908816361731 - Tampo Para Balcão de Cozinha 118cm MDP M24 Branco - Mpozenato
7908816361748 - Tampo Para Balcão de Cozinha 118cm MDP M24 Preto - Mpozenato
7908816361755 - Tampo Para Balcão de Cozinha 118cm MDP M24 Freijó - Mpozenato
7908816361762 - Tampo Para Balcão de Cozinha 118cm MDP M24 Grafite - Mpozenato
7908816361779 - Tampo Para Balcão de Cozinha 148cm MDP M24 Branco - Mpozenato
7908816361786 - Tampo Para Balcão de Cozinha 148cm MDP M24 Preto - Mpozenato
7908816361793 - Tampo Para Balcão de Cozinha 148cm MDP M24 Freijó - Mpozenato
7908816361809 - Tampo Para Balcão de Cozinha 148cm MDP M24 Grafite - Mpozenato
7908816361816 - Tampo Para Balcão de Cozinha 178cm MDP M24 Branco - Mpozenato
7908816361823 - Tampo Para Balcão de Cozinha 178cm MDP M24 Preto - Mpozenato
7908816361830 - Tampo Para Balcão de Cozinha 178cm MDP M24 Freijó - Mpozenato
7908816361847 - Tampo Para Balcão de Cozinha 178cm MDP M24 Grafite - Mpozenato
7908816361854 - Balcão de Cozinha Para Cooktop 80cm Pérola M24 Branco - Mpozenato
7908816361861 - Balcão de Cozinha Para Cooktop 80cm Pérola M24 Preto - Mpozenato
7908816361878 - Balcão de Cozinha Para Cooktop 80cm Pérola M24 Freijó/Grafite - Mpozenato
7908816361885 - Balcão de Cozinha Para Cooktop 80cm Pérola M24 Grafite/Freijó - Mpozenato
7908816361892 - Balcão Para Pia 100cm Sem Tampo Pérola M24 Branco - Mpozenato
7908816361908 - Balcão Para Pia 100cm Sem Tampo Pérola M24 Preto - Mpozenato
7908816361915 - Balcão Para Pia 100cm Sem Tampo Pérola M24 Freijó/Grafite - Mpozenato
7908816361922 - Balcão Para Pia 100cm Sem Tampo Pérola M24 Grafite/Freijó - Mpozenato
7908816361939 - Balcão Para Pia 120cm Sem Tampo Pérola M24 Branco - Mpozenato
7908816361946 - Balcão Para Pia 120cm Sem Tampo Pérola M24 Preto - Mpozenato
7908816361953 - Balcão Para Pia 120cm Sem Tampo Pérola M24 Freijó/Grafite - Mpozenato
7908816361960 - Balcão Para Pia 120cm Sem Tampo Pérola M24 Grafite/Freijó - Mpozenato
7908816361977 - Balcão Para Pia 150cm Sem Tampo Pérola M24 Branco - Mpozenato
7908816361984 - Balcão Para Pia 150cm Sem Tampo Pérola M24 Preto - Mpozenato
7908816361991 - Balcão Para Pia 150cm Sem Tampo Pérola M24 Freijó/Grafite - Mpozenato
7908816362004 - Balcão Para Pia 150cm Sem Tampo Pérola M24 Grafite/Freijó - Mpozenato
7908816362011 - Balcão Para Pia 180cm Sem Tampo Pérola M24 Branco - Mpozenato
7908816362028 - Balcão Para Pia 180cm Sem Tampo Pérola M24 Preto - Mpozenato
7908816362035 - Balcão Para Pia 180cm Sem Tampo Pérola M24 Freijó/Grafite - Mpozenato
7908816362042 - Balcão Para Pia 180cm Sem Tampo Pérola M24 Grafite/Freijó - Mpozenato
7908816362059 - Armário de Cozinha Aéreo 70cm Pérola M24 Branco - Mpozenato
7908816362066 - Armário de Cozinha Aéreo 70cm Pérola M24 Preto - Mpozenato
7908816362073 - Armário de Cozinha Aéreo 70cm Pérola M24 Freijó/Grafite - Mpozenato
7908816362080 - Armário de Cozinha Aéreo 70cm Pérola M24 Grafite/Freijó - Mpozenato
7908816362097 - Armário de Cozinha Aéreo 80cm Pérola M24 Branco - Mpozenato
7908816362103 - Armário de Cozinha Aéreo 80cm Pérola M24 Preto - Mpozenato
7908816362110 - Armário de Cozinha Aéreo 80cm Pérola M24 Freijó/Grafite - Mpozenato
7908816362127 - Armário de Cozinha Aéreo 80cm Pérola M24 Grafite/Freijó - Mpozenato
7908816362134 - Armário de Cozinha Aéreo 100cm Pérola M24 Branco - Mpozenato
7908816362141 - Armário de Cozinha Aéreo 100cm Pérola M24 Preto - Mpozenato
7908816362158 - Armário de Cozinha Aéreo 100cm Pérola M24 Freijó/Grafite - Mpozenato
7908816362165 - Armário de Cozinha Aéreo 100cm Pérola M24 Grafite/Freijó - Mpozenato
7908816362172 - Armário de Cozinha Aéreo 120cm Pérola M24 Branco - Mpozenato
7908816362189 - Armário de Cozinha Aéreo 120cm Pérola M24 Preto - Mpozenato
7908816362196 - Armário de Cozinha Aéreo 120cm Pérola M24 Freijó/Grafite - Mpozenato
7908816362202 - Armário de Cozinha Aéreo 120cm Pérola M24 Grafite/Freijó - Mpozenato
7908816362219 - Armário de Cozinha Aéreo 150cm Pérola M24 Branco - Mpozenato
7908816362226 - Armário de Cozinha Aéreo 150cm Pérola M24 Preto - Mpozenato
7908816362233 - Armário de Cozinha Aéreo 150cm Pérola M24 Freijó/Grafite - Mpozenato
7908816362240 - Armário de Cozinha Aéreo 150cm Pérola M24 Grafite/Freijó - Mpozenato
7908816362257 - Armário de Cozinha Aéreo Nicho 60cm Pérola M24 Branco - Mpozenato
7908816362264 - Armário de Cozinha Aéreo Nicho 60cm Pérola M24 Preto - Mpozenato
7908816362271 - Armário de Cozinha Aéreo Nicho 60cm Pérola M24 Freijó - Mpozenato
7908816363643 - Armário de Cozinha Aéreo Nicho 60cm Pérola M24 Grafite - Mpozenato
7908816362288 - Nicho Aéreo Adega Vertical 20cm Pérola M24 Branco - Mpozenato
7908816362295 - Nicho Aéreo Adega Vertical 20cm Pérola M24 Preto - Mpozenato
7908816362301 - Nicho Aéreo Adega Vertical 20cm Pérola M24 Freijó - Mpozenato
7908816363650 - Nicho Aéreo Adega Vertical 20cm Pérola M24 Grafite - Mpozenato
7908816362318 - Balcão de Cozinha Porta Pano 20cm Pérola M24 Branco - Mpozenato
7908816362325 - Balcão de Cozinha Porta Pano 20cm Pérola M24 Preto - Mpozenato
7908816362332 - Balcão de Cozinha Porta Pano 20cm Pérola M24 Freijó - Mpozenato
7908816363667 - Balcão de Cozinha Porta Pano 20cm Pérola M24 Grafite - Mpozenato
7908816362349 - Paneleiro de Cozinha Torre Quente Pérola M24 Branco - Mpozenato
7908816362356 - Paneleiro de Cozinha Torre Quente Pérola M24 Preto - Mpozenato
7908816362363 - Paneleiro de Cozinha Torre Quente Pérola M24 Freijó/Grafite - Mpozenato
7908816362370 - Paneleiro de Cozinha Torre Quente Pérola M24 Grafite/Freijó - Mpozenato
7908816362394 - Armário de Cozinha e Balcão Cooktop Pérola M24 Branco - Mpozenato
7908816362400 - Armário de Cozinha e Balcão Cooktop Pérola M24 Preto - Mpozenato
7908816362417 - Armário de Cozinha e Balcão Cooktop Pérola M24 Freijó/Grafite - Mpozenato
7908816362424 - Armário de Cozinha e Balcão Cooktop Pérola M24 Grafite/Freijó - Mpozenato
7908816362431 - Balcão de Cozinha Com Tampo 98cm Pérola M24 Branco - Mpozenato
7908816362448 - Balcão de Cozinha Com Tampo 98cm Pérola M24 Preto - Mpozenato
7908816362455 - Balcão de Cozinha Com Tampo 98cm Pérola M24 Freijó/Grafite - Mpozenato
7908816362462 - Balcão de Cozinha Com Tampo 98cm Pérola M24 Grafite/Freijó - Mpozenato
7908816362479 - Balcão de Cozinha Com Tampo 118cm Pérola M24 Branco - Mpozenato
7908816362486 - Balcão de Cozinha Com Tampo 118cm Pérola M24 Preto - Mpozenato
7908816362493 - Balcão de Cozinha Com Tampo 118cm Pérola M24 Freijó/Grafite - Mpozenato
7908816362509 - Balcão de Cozinha Com Tampo 118cm Pérola M24 Grafite/Freijó - Mpozenato
7908816362516 - Balcão de Cozinha Com Tampo 148cm Pérola M24 Branco - Mpozenato
7908816362523 - Balcão de Cozinha Com Tampo 148cm Pérola M24 Preto - Mpozenato
7908816362530 - Balcão de Cozinha Com Tampo 148cm Pérola M24 Freijó/Grafite - Mpozenato
7908816362547 - Balcão de Cozinha Com Tampo 148cm Pérola M24 Grafite/Freijó - Mpozenato
7908816362554 - Balcão de Cozinha Com Tampo 178cm Pérola M24 Branco - Mpozenato
7908816362561 - Balcão de Cozinha Com Tampo 178cm Pérola M24 Preto - Mpozenato
7908816362578 - Balcão de Cozinha Com Tampo 178cm Pérola M24 Freijó/Grafite - Mpozenato
7908816362585 - Balcão de Cozinha Com Tampo 178cm Pérola M24 Grafite/Freijó - Mpozenato
7908816362592 - Balcão de Cozinha Com Pia Inox 100cm Pérola M24 Branco - Mpozenato
7908816362608 - Balcão de Cozinha Com Pia Inox 100cm Pérola M24 Preto - Mpozenato
7908816362615 - Balcão de Cozinha Com Pia Inox 100cm Pérola M24 Freijó/Grafite - Mpozenato
7908816362622 - Balcão de Cozinha Com Pia Inox 100cm Pérola M24 Grafite/Freijó - Mpozenato
7908816362639 - Balcão de Cozinha Com Pia Inox 120cm Pérola M24 Branco - Mpozenato
7908816362646 - Balcão de Cozinha Com Pia Inox 120cm Pérola M24 Preto - Mpozenato
7908816362653 - Balcão de Cozinha Com Pia Inox 120cm Pérola M24 Freijó/Grafite - Mpozenato
7908816362660 - Balcão de Cozinha Com Pia Inox 120cm Pérola M24 Grafite/Freijó - Mpozenato
7908816362677 - Balcão de Cozinha Com Pia Inox 150cm Pérola M24 Branco - Mpozenato
7908816362684 - Balcão de Cozinha Com Pia Inox 150cm Pérola M24 Preto - Mpozenato
7908816362691 - Balcão de Cozinha Com Pia Inox 150cm Pérola M24 Freijó/Grafite - Mpozenato
7908816362707 - Balcão de Cozinha Com Pia Inox 150cm Pérola M24 Grafite/Freijó - Mpozenato
7908816362714 - Balcão de Cozinha Com Pia Inox 180cm Pérola M24 Branco - Mpozenato
7908816362721 - Balcão de Cozinha Com Pia Inox 180cm Pérola M24 Preto - Mpozenato
7908816362738 - Balcão de Cozinha Com Pia Inox 180cm Pérola M24 Freijó/Grafite - Mpozenato
7908816362745 - Balcão de Cozinha Com Pia Inox 180cm Pérola M24 Grafite/Freijó - Mpozenato
7908816363674 - Armário de Cozinha CP01 Para Pia 100cm Pérola M24 Branco - Mpozenato
7908816363681 - Armário de Cozinha CP01 Para Pia 100cm Pérola M24 Preto - Mpozenato
7908816363698 - Armário de Cozinha CP01 Para Pia 100cm Pérola M24 Freijó/Grafite - Mpozenato
7908816363704 - Armário de Cozinha CP01 Para Pia 100cm Pérola M24 Grafite/Freijó - Mpozenato
7908816363711 - Armário de Cozinha CP01 Para Pia 120cm Pérola M24 Branco - Mpozenato
7908816363728 - Armário de Cozinha CP01 Para Pia 120cm Pérola M24 Preto - Mpozenato
7908816363735 - Armário de Cozinha CP01 Para Pia 120cm Pérola M24 Freijó/Grafite - Mpozenato
7908816363742 - Armário de Cozinha CP01 Para Pia 120cm Pérola M24 Grafite/Freijó - Mpozenato
7908816363759 - Armário de Cozinha CP01 Para Pia 150cm Pérola M24 Branco - Mpozenato
7908816363766 - Armário de Cozinha CP01 Para Pia 150cm Pérola M24 Preto - Mpozenato
7908816363773 - Armário de Cozinha CP01 Para Pia 150cm Pérola M24 Freijó/Grafite - Mpozenato
7908816363780 - Armário de Cozinha CP01 Para Pia 150cm Pérola M24 Grafite/Freijó - Mpozenato
7908816363797 - Armário de Cozinha CP01 Para Pia 180cm Pérola M24 Branco - Mpozenato
7908816363803 - Armário de Cozinha CP01 Para Pia 180cm Pérola M24 Preto - Mpozenato
7908816363810 - Armário de Cozinha CP01 Para Pia 180cm Pérola M24 Freijó/Grafite - Mpozenato
7908816363827 - Armário de Cozinha CP01 Para Pia 180cm Pérola M24 Grafite/Freijó - Mpozenato
7908816363834 - Armário de Cozinha CP01 e Tampo 98cm Pérola M24 Branco - Mpozenato
7908816363841 - Armário de Cozinha CP01 e Tampo 98cm Pérola M24 Preto - Mpozenato
7908816363858 - Armário de Cozinha CP01 e Tampo 98cm Pérola M24 Freijó/Grafite - Mpozenato
7908816363865 - Armário de Cozinha CP01 e Tampo 98cm Pérola M24 Grafite/Freijó - Mpozenato
7908816363872 - Armário de Cozinha CP01 e Tampo 118cm Pérola M24 Branco - Mpozenato
7908816363889 - Armário de Cozinha CP01 e Tampo 118cm Pérola M24 Preto - Mpozenato
7908816363896 - Armário de Cozinha CP01 e Tampo 118cm Pérola M24 Freijó/Grafite - Mpozenato
7908816363902 - Armário de Cozinha CP01 e Tampo 118cm Pérola M24 Grafite/Freijó - Mpozenato
7908816363919 - Armário de Cozinha CP01 e Tampo 148cm Pérola M24 Branco - Mpozenato
7908816363926 - Armário de Cozinha CP01 e Tampo 148cm Pérola M24 Preto - Mpozenato
7908816363933 - Armário de Cozinha CP01 e Tampo 148cm Pérola M24 Freijó/Grafite - Mpozenato
7908816363940 - Armário de Cozinha CP01 e Tampo 148cm Pérola M24 Grafite/Freijó - Mpozenato
7908816363957 - Armário de Cozinha CP01 e Tampo 178cm Pérola M24 Branco - Mpozenato
7908816363964 - Armário de Cozinha CP01 e Tampo 178cm Pérola M24 Preto - Mpozenato
7908816363971 - Armário de Cozinha CP01 e Tampo 178cm Pérola M24 Freijó/Grafite - Mpozenato
7908816363988 - Armário de Cozinha CP01 e Tampo 178cm Pérola M24 Grafite/Freijó - Mpozenato
7908816363995 - Armário de Cozinha CP01 Com Pia 100cm Pérola M24 Branco - Mpozenato
7908816364008 - Armário de Cozinha CP01 Com Pia 100cm Pérola M24 Preto - Mpozenato
7908816364015 - Armário de Cozinha CP01 Com Pia 100cm Pérola M24 Freijó/Grafite - Mpozenato
7908816364022 - Armário de Cozinha CP01 Com Pia 100cm Pérola M24 Grafite/Freijó - Mpozenato
7908816364039 - Armário de Cozinha CP01 Com Pia 120cm Pérola M24 Branco - Mpozenato
7908816364046 - Armário de Cozinha CP01 Com Pia 120cm Pérola M24 Preto - Mpozenato
7908816364053 - Armário de Cozinha CP01 Com Pia 120cm Pérola M24 Freijó/Grafite - Mpozenato
7908816364060 - Armário de Cozinha CP01 Com Pia 120cm Pérola M24 Grafite/Freijó - Mpozenato
7908816364077 - Armário de Cozinha CP01 Com Pia 150cm Pérola M24 Branco - Mpozenato
7908816364084 - Armário de Cozinha CP01 Com Pia 150cm Pérola M24 Preto - Mpozenato
7908816364091 - Armário de Cozinha CP01 Com Pia 150cm Pérola M24 Freijó/Grafite - Mpozenato
7908816364107 - Armário de Cozinha CP01 Com Pia 150cm Pérola M24 Grafite/Freijó - Mpozenato
7908816364114 - Armário de Cozinha CP01 Com Pia 180cm Pérola M24 Branco - Mpozenato
7908816364121 - Armário de Cozinha CP01 Com Pia 180cm Pérola M24 Preto - Mpozenato
7908816364138 - Armário de Cozinha CP01 Com Pia 180cm Pérola M24 Freijó/Grafite - Mpozenato
7908816364145 - Armário de Cozinha CP01 Com Pia 180cm Pérola M24 Grafite/Freijó - Mpozenato
7908816364152 - Armário de Cozinha CP02 Para Pia 100cm Pérola M24 Branco - Mpozenato
7908816364169 - Armário de Cozinha CP02 Para Pia 100cm Pérola M24 Preto - Mpozenato
7908816364176 - Armário de Cozinha CP02 Para Pia 100cm Pérola M24 Freijó/Grafite - Mpozenato
7908816364183 - Armário de Cozinha CP02 Para Pia 100cm Pérola M24 Grafite/Freijó - Mpozenato
7908816364190 - Armário de Cozinha CP02 Para Pia 120cm Pérola M24 Branco - Mpozenato
7908816364206 - Armário de Cozinha CP02 Para Pia 120cm Pérola M24 Preto - Mpozenato
7908816364213 - Armário de Cozinha CP02 Para Pia 120cm Pérola M24 Freijó/Grafite - Mpozenato
7908816364220 - Armário de Cozinha CP02 Para Pia 120cm Pérola M24 Grafite/Freijó - Mpozenato
7908816364237 - Armário de Cozinha CP02 Para Pia 150cm Pérola M24 Branco - Mpozenato
7908816364244 - Armário de Cozinha CP02 Para Pia 150cm Pérola M24 Preto - Mpozenato
7908816364251 - Armário de Cozinha CP02 Para Pia 150cm Pérola M24 Freijó/Grafite - Mpozenato
7908816364268 - Armário de Cozinha CP02 Para Pia 150cm Pérola M24 Grafite/Freijó - Mpozenato
7908816364275 - Armário de Cozinha CP02 Para Pia 180cm Pérola M24 Branco - Mpozenato
7908816364282 - Armário de Cozinha CP02 Para Pia 180cm Pérola M24 Preto - Mpozenato
7908816364299 - Armário de Cozinha CP02 Para Pia 180cm Pérola M24 Freijó/Grafite - Mpozenato
7908816364305 - Armário de Cozinha CP02 Para Pia 180cm Pérola M24 Grafite/Freijó - Mpozenato
7908816364312 - Armário de Cozinha CP02 e Tampo 98cm Pérola M24 Branco - Mpozenato
7908816364329 - Armário de Cozinha CP02 e Tampo 98cm Pérola M24 Preto - Mpozenato
7908816364336 - Armário de Cozinha CP02 e Tampo 98cm Pérola M24 Freijó/Grafite - Mpozenato
7908816364343 - Armário de Cozinha CP02 e Tampo 98cm Pérola M24 Grafite/Freijó - Mpozenato
7908816364350 - Armário de Cozinha CP02 e Tampo 118cm Pérola M24 Branco - Mpozenato
7908816364367 - Armário de Cozinha CP02 e Tampo 118cm Pérola M24 Preto - Mpozenato
7908816364374 - Armário de Cozinha CP02 e Tampo 118cm Pérola M24 Freijó/Grafite - Mpozenato
7908816364381 - Armário de Cozinha CP02 e Tampo 118cm Pérola M24 Grafite/Freijó - Mpozenato
7908816364398 - Armário de Cozinha CP02 e Tampo 148cm Pérola M24 Branco - Mpozenato
7908816364404 - Armário de Cozinha CP02 e Tampo 148cm Pérola M24 Preto - Mpozenato
7908816364411 - Armário de Cozinha CP02 e Tampo 148cm Pérola M24 Freijó/Grafite - Mpozenato
7908816364428 - Armário de Cozinha CP02 e Tampo 148cm Pérola M24 Grafite/Freijó - Mpozenato
7908816364435 - Armário de Cozinha CP02 e Tampo 178cm Pérola M24 Branco - Mpozenato
7908816364442 - Armário de Cozinha CP02 e Tampo 178cm Pérola M24 Preto - Mpozenato
7908816364459 - Armário de Cozinha CP02 e Tampo 178cm Pérola M24 Freijó/Grafite - Mpozenato
7908816364466 - Armário de Cozinha CP02 e Tampo 178cm Pérola M24 Grafite/Freijó - Mpozenato
7908816364473 - Armário de Cozinha CP02 Com Pia 100cm Pérola M24 Branco - Mpozenato
7908816364480 - Armário de Cozinha CP02 Com Pia 100cm Pérola M24 Preto - Mpozenato
7908816364497 - Armário de Cozinha CP02 Com Pia 100cm Pérola M24 Freijó/Grafite - Mpozenato
7908816364503 - Armário de Cozinha CP02 Com Pia 100cm Pérola M24 Grafite/Freijó - Mpozenato
7908816364510 - Armário de Cozinha CP02 Com Pia 120cm Pérola M24 Branco - Mpozenato
7908816364527 - Armário de Cozinha CP02 Com Pia 120cm Pérola M24 Preto - Mpozenato
7908816364534 - Armário de Cozinha CP02 Com Pia 120cm Pérola M24 Freijó/Grafite - Mpozenato
7908816364541 - Armário de Cozinha CP02 Com Pia 120cm Pérola M24 Grafite/Freijó - Mpozenato
7908816364558 - Armário de Cozinha CP02 Com Pia 150cm Pérola M24 Branco - Mpozenato
7908816364565 - Armário de Cozinha CP02 Com Pia 150cm Pérola M24 Preto - Mpozenato
7908816364572 - Armário de Cozinha CP02 Com Pia 150cm Pérola M24 Freijó/Grafite - Mpozenato
7908816364589 - Armário de Cozinha CP02 Com Pia 150cm Pérola M24 Grafite/Freijó - Mpozenato
7908816364596 - Armário de Cozinha CP02 Com Pia 180cm Pérola M24 Branco - Mpozenato
7908816364602 - Armário de Cozinha CP02 Com Pia 180cm Pérola M24 Preto - Mpozenato
7908816364619 - Armário de Cozinha CP02 Com Pia 180cm Pérola M24 Freijó/Grafite - Mpozenato
7908816364626 - Armário de Cozinha CP02 Com Pia 180cm Pérola M24 Grafite/Freijó - Mpozenato
7908816364633 - Armário de Cozinha CP07 Para Pia 100cm Pérola M24 Branco - Mpozenato
7908816364640 - Armário de Cozinha CP07 Para Pia 100cm Pérola M24 Preto - Mpozenato
7908816364657 - Armário de Cozinha CP07 Para Pia 100cm Pérola M24 Freijó/Grafite - Mpozenato
7908816364664 - Armário de Cozinha CP07 Para Pia 100cm Pérola M24 Grafite/Freijó - Mpozenato
7908816364671 - Armário de Cozinha CP07 Para Pia 120cm Pérola M24 Branco - Mpozenato
7908816364688 - Armário de Cozinha CP07 Para Pia 120cm Pérola M24 Preto - Mpozenato
7908816364695 - Armário de Cozinha CP07 Para Pia 120cm Pérola M24 Freijó/Grafite - Mpozenato
7908816364701 - Armário de Cozinha CP07 Para Pia 120cm Pérola M24 Grafite/Freijó - Mpozenato
7908816364718 - Armário de Cozinha CP07 Para Pia 150cm Pérola M24 Branco - Mpozenato
7908816364725 - Armário de Cozinha CP07 Para Pia 150cm Pérola M24 Preto - Mpozenato
7908816364732 - Armário de Cozinha CP07 Para Pia 150cm Pérola M24 Freijó/Grafite - Mpozenato
7908816364749 - Armário de Cozinha CP07 Para Pia 150cm Pérola M24 Grafite/Freijó - Mpozenato
7908816364756 - Armário de Cozinha CP07 Para Pia 180cm Pérola M24 Branco - Mpozenato
7908816364763 - Armário de Cozinha CP07 Para Pia 180cm Pérola M24 Preto - Mpozenato
7908816364770 - Armário de Cozinha CP07 Para Pia 180cm Pérola M24 Freijó/Grafite - Mpozenato
7908816364787 - Armário de Cozinha CP07 Para Pia 180cm Pérola M24 Grafite/Freijó - Mpozenato
7908816364794 - Armário de Cozinha CP07 e Tampo 98cm Pérola M24 Branco - Mpozenato
7908816364800 - Armário de Cozinha CP07 e Tampo 98cm Pérola M24 Preto - Mpozenato
7908816364817 - Armário de Cozinha CP07 e Tampo 98cm Pérola M24 Freijó/Grafite - Mpozenato
7908816364824 - Armário de Cozinha CP07 e Tampo 98cm Pérola M24 Grafite/Freijó - Mpozenato
7908816364831 - Armário de Cozinha CP07 e Tampo 118cm Pérola M24 Branco - Mpozenato
7908816364848 - Armário de Cozinha CP07 e Tampo 118cm Pérola M24 Preto - Mpozenato
7908816364855 - Armário de Cozinha CP07 e Tampo 118cm Pérola M24 Freijó/Grafite - Mpozenato
7908816364862 - Armário de Cozinha CP07 e Tampo 118cm Pérola M24 Grafite/Freijó - Mpozenato
7908816364879 - Armário de Cozinha CP07 e Tampo 148cm Pérola M24 Branco - Mpozenato
7908816364886 - Armário de Cozinha CP07 e Tampo 148cm Pérola M24 Preto - Mpozenato
7908816364893 - Armário de Cozinha CP07 e Tampo 148cm Pérola M24 Freijó/Grafite - Mpozenato
7908816364909 - Armário de Cozinha CP07 e Tampo 148cm Pérola M24 Grafite/Freijó - Mpozenato
7908816364916 - Armário de Cozinha CP07 e Tampo 178cm Pérola M24 Branco - Mpozenato
7908816364923 - Armário de Cozinha CP07 e Tampo 178cm Pérola M24 Preto - Mpozenato
7908816364930 - Armário de Cozinha CP07 e Tampo 178cm Pérola M24 Freijó/Grafite - Mpozenato
7908816364947 - Armário de Cozinha CP07 e Tampo 178cm Pérola M24 Grafite/Freijó - Mpozenato
7908816364954 - Armário de Cozinha CP07 Com Pia 100cm Pérola M24 Branco - Mpozenato
7908816364961 - Armário de Cozinha CP07 Com Pia 100cm Pérola M24 Preto - Mpozenato
7908816364978 - Armário de Cozinha CP07 Com Pia 100cm Pérola M24 Freijó/Grafite - Mpozenato
7908816364985 - Armário de Cozinha CP07 Com Pia 100cm Pérola M24 Grafite/Freijó - Mpozenato
7908816364992 - Armário de Cozinha CP07 Com Pia 120cm Pérola M24 Branco - Mpozenato
7908816365005 - Armário de Cozinha CP07 Com Pia 120cm Pérola M24 Preto - Mpozenato
7908816365012 - Armário de Cozinha CP07 Com Pia 120cm Pérola M24 Freijó/Grafite - Mpozenato
7908816365029 - Armário de Cozinha CP07 Com Pia 120cm Pérola M24 Grafite/Freijó - Mpozenato
7908816365036 - Armário de Cozinha CP07 Com Pia 150cm Pérola M24 Branco - Mpozenato
7908816365043 - Armário de Cozinha CP07 Com Pia 150cm Pérola M24 Preto - Mpozenato
7908816365050 - Armário de Cozinha CP07 Com Pia 150cm Pérola M24 Freijó/Grafite - Mpozenato
7908816365067 - Armário de Cozinha CP07 Com Pia 150cm Pérola M24 Grafite/Freijó - Mpozenato
7908816365074 - Armário de Cozinha CP07 Com Pia 180cm Pérola M24 Branco - Mpozenato
7908816365081 - Armário de Cozinha CP07 Com Pia 180cm Pérola M24 Preto - Mpozenato
7908816365098 - Armário de Cozinha CP07 Com Pia 180cm Pérola M24 Freijó/Grafite - Mpozenato
7908816365104 - Armário de Cozinha CP07 Com Pia 180cm Pérola M24 Grafite/Freijó - Mpozenato
7908816365111 - Armário de Cozinha CP04 Para Pia 100cm Pérola M24 Branco - Mpozenato
7908816365128 - Armário de Cozinha CP04 Para Pia 100cm Pérola M24 Preto - Mpozenato
7908816365135 - Armário de Cozinha CP04 Para Pia 100cm Pérola M24 Freijó/Grafite - Mpozenato
7908816365142 - Armário de Cozinha CP04 Para Pia 100cm Pérola M24 Grafite/Freijó - Mpozenato
7908816365159 - Armário de Cozinha CP04 Para Pia 120cm Pérola M24 Branco - Mpozenato
7908816365166 - Armário de Cozinha CP04 Para Pia 120cm Pérola M24 Preto - Mpozenato
7908816365173 - Armário de Cozinha CP04 Para Pia 120cm Pérola M24 Freijó/Grafite - Mpozenato
7908816365180 - Armário de Cozinha CP04 Para Pia 120cm Pérola M24 Grafite/Freijó - Mpozenato
7908816365197 - Armário de Cozinha CP04 Para Pia 150cm Pérola M24 Branco - Mpozenato
7908816365203 - Armário de Cozinha CP04 Para Pia 150cm Pérola M24 Preto - Mpozenato
7908816365210 - Armário de Cozinha CP04 Para Pia 150cm Pérola M24 Freijó/Grafite - Mpozenato
7908816365227 - Armário de Cozinha CP04 Para Pia 150cm Pérola M24 Grafite/Freijó - Mpozenato
7908816365234 - Armário de Cozinha CP04 Para Pia 180cm Pérola M24 Branco - Mpozenato
7908816365241 - Armário de Cozinha CP04 Para Pia 180cm Pérola M24 Preto - Mpozenato
7908816365258 - Armário de Cozinha CP04 Para Pia 180cm Pérola M24 Freijó/Grafite - Mpozenato
7908816365265 - Armário de Cozinha CP04 Para Pia 180cm Pérola M24 Grafite/Freijó - Mpozenato
7908816365272 - Armário de Cozinha CP04 e Tampo 98cm Pérola M24 Branco - Mpozenato
7908816365289 - Armário de Cozinha CP04 e Tampo 98cm Pérola M24 Preto - Mpozenato
7908816365296 - Armário de Cozinha CP04 e Tampo 98cm Pérola M24 Freijó/Grafite - Mpozenato
7908816365302 - Armário de Cozinha CP04 e Tampo 98cm Pérola M24 Grafite/Freijó - Mpozenato
7908816365319 - Armário de Cozinha CP04 e Tampo 118cm Pérola M24 Branco - Mpozenato
7908816365326 - Armário de Cozinha CP04 e Tampo 118cm Pérola M24 Preto - Mpozenato
7908816365333 - Armário de Cozinha CP04 e Tampo 118cm Pérola M24 Freijó/Grafite - Mpozenato
7908816365340 - Armário de Cozinha CP04 e Tampo 118cm Pérola M24 Grafite/Freijó - Mpozenato
7908816365357 - Armário de Cozinha CP04 e Tampo 148cm Pérola M24 Branco - Mpozenato
7908816365364 - Armário de Cozinha CP04 e Tampo 148cm Pérola M24 Preto - Mpozenato
7908816365371 - Armário de Cozinha CP04 e Tampo 148cm Pérola M24 Freijó/Grafite - Mpozenato
7908816365388 - Armário de Cozinha CP04 e Tampo 148cm Pérola M24 Grafite/Freijó - Mpozenato
7908816365395 - Armário de Cozinha CP04 e Tampo 178cm Pérola M24 Branco - Mpozenato
7908816365401 - Armário de Cozinha CP04 e Tampo 178cm Pérola M24 Preto - Mpozenato
7908816365418 - Armário de Cozinha CP04 e Tampo 178cm Pérola M24 Freijó/Grafite - Mpozenato
7908816365425 - Armário de Cozinha CP04 e Tampo 178cm Pérola M24 Grafite/Freijó - Mpozenato
7908816365432 - Armário de Cozinha CP04 Com Pia 100cm Pérola M24 Branco - Mpozenato
7908816365449 - Armário de Cozinha CP04 Com Pia 100cm Pérola M24 Preto - Mpozenato
7908816365456 - Armário de Cozinha CP04 Com Pia 100cm Pérola M24 Freijó/Grafite - Mpozenato
7908816365463 - Armário de Cozinha CP04 Com Pia 100cm Pérola M24 Grafite/Freijó - Mpozenato
7908816365470 - Armário de Cozinha CP04 Com Pia 120cm Pérola M24 Branco - Mpozenato
7908816365487 - Armário de Cozinha CP04 Com Pia 120cm Pérola M24 Preto - Mpozenato
7908816365494 - Armário de Cozinha CP04 Com Pia 120cm Pérola M24 Freijó/Grafite - Mpozenato
7908816365500 - Armário de Cozinha CP04 Com Pia 120cm Pérola M24 Grafite/Freijó - Mpozenato
7908816365517 - Armário de Cozinha CP04 Com Pia 150cm Pérola M24 Branco - Mpozenato
7908816365524 - Armário de Cozinha CP04 Com Pia 150cm Pérola M24 Preto - Mpozenato
7908816365531 - Armário de Cozinha CP04 Com Pia 150cm Pérola M24 Freijó/Grafite - Mpozenato
7908816365548 - Armário de Cozinha CP04 Com Pia 150cm Pérola M24 Grafite/Freijó - Mpozenato
7908816365555 - Armário de Cozinha CP04 Com Pia 180cm Pérola M24 Branco - Mpozenato
7908816365562 - Armário de Cozinha CP04 Com Pia 180cm Pérola M24 Preto - Mpozenato
7908816365579 - Armário de Cozinha CP04 Com Pia 180cm Pérola M24 Freijó/Grafite - Mpozenato
7908816365586 - Armário de Cozinha CP04 Com Pia 180cm Pérola M24 Grafite/Freijó - Mpozenato
7908816365593 - Armário de Cozinha CP03 Para Pia 100cm Pérola M24 Branco - Mpozenato
7908816365609 - Armário de Cozinha CP03 Para Pia 100cm Pérola M24 Preto - Mpozenato
7908816365616 - Armário de Cozinha CP03 Para Pia 100cm Pérola M24 Freijó/Grafite - Mpozenato
7908816365623 - Armário de Cozinha CP03 Para Pia 100cm Pérola M24 Grafite/Freijó - Mpozenato
7908816365630 - Armário de Cozinha CP03 Para Pia 120cm Pérola M24 Branco - Mpozenato
7908816365647 - Armário de Cozinha CP03 Para Pia 120cm Pérola M24 Preto - Mpozenato
7908816365654 - Armário de Cozinha CP03 Para Pia 120cm Pérola M24 Freijó/Grafite - Mpozenato
7908816365661 - Armário de Cozinha CP03 Para Pia 120cm Pérola M24 Grafite/Freijó - Mpozenato
7908816365678 - Armário de Cozinha CP03 Para Pia 150cm Pérola M24 Branco - Mpozenato
7908816365685 - Armário de Cozinha CP03 Para Pia 150cm Pérola M24 Preto - Mpozenato
7908816365692 - Armário de Cozinha CP03 Para Pia 150cm Pérola M24 Freijó/Grafite - Mpozenato
7908816365708 - Armário de Cozinha CP03 Para Pia 150cm Pérola M24 Grafite/Freijó - Mpozenato
7908816365715 - Armário de Cozinha CP03 Para Pia 180cm Pérola M24 Branco - Mpozenato
7908816365722 - Armário de Cozinha CP03 Para Pia 180cm Pérola M24 Preto - Mpozenato
7908816365739 - Armário de Cozinha CP03 Para Pia 180cm Pérola M24 Freijó/Grafite - Mpozenato
7908816365746 - Armário de Cozinha CP03 Para Pia 180cm Pérola M24 Grafite/Freijó - Mpozenato
7908816365753 - Armário de Cozinha CP03 e Tampo 98cm Pérola M24 Branco - Mpozenato
7908816365760 - Armário de Cozinha CP03 e Tampo 98cm Pérola M24 Preto - Mpozenato
7908816365777 - Armário de Cozinha CP03 e Tampo 98cm Pérola M24 Freijó/Grafite - Mpozenato
7908816365784 - Armário de Cozinha CP03 e Tampo 98cm Pérola M24 Grafite/Freijó - Mpozenato
7908816365791 - Armário de Cozinha CP03 e Tampo 118cm Pérola M24 Branco - Mpozenato
7908816365807 - Armário de Cozinha CP03 e Tampo 118cm Pérola M24 Preto - Mpozenato
7908816365814 - Armário de Cozinha CP03 e Tampo 118cm Pérola M24 Freijó/Grafite - Mpozenato
7908816365821 - Armário de Cozinha CP03 e Tampo 118cm Pérola M24 Grafite/Freijó - Mpozenato
7908816365838 - Armário de Cozinha CP03 e Tampo 148cm Pérola M24 Branco - Mpozenato
7908816365845 - Armário de Cozinha CP03 e Tampo 148cm Pérola M24 Preto - Mpozenato
7908816365852 - Armário de Cozinha CP03 e Tampo 148cm Pérola M24 Freijó/Grafite - Mpozenato
7908816365869 - Armário de Cozinha CP03 e Tampo 148cm Pérola M24 Grafite/Freijó - Mpozenato
7908816365876 - Armário de Cozinha CP03 e Tampo 178cm Pérola M24 Branco - Mpozenato
7908816365883 - Armário de Cozinha CP03 e Tampo 178cm Pérola M24 Preto - Mpozenato
7908816365890 - Armário de Cozinha CP03 e Tampo 178cm Pérola M24 Freijó/Grafite - Mpozenato
7908816365906 - Armário de Cozinha CP03 e Tampo 178cm Pérola M24 Grafite/Freijó - Mpozenato
7908816365913 - Armário de Cozinha CP03 Com Pia 100cm Pérola M24 Branco - Mpozenato
7908816365920 - Armário de Cozinha CP03 Com Pia 100cm Pérola M24 Preto - Mpozenato
7908816365937 - Armário de Cozinha CP03 Com Pia 100cm Pérola M24 Freijó/Grafite - Mpozenato
7908816365944 - Armário de Cozinha CP03 Com Pia 100cm Pérola M24 Grafite/Freijó - Mpozenato
7908816365951 - Armário de Cozinha CP03 Com Pia 120cm Pérola M24 Branco - Mpozenato
7908816365968 - Armário de Cozinha CP03 Com Pia 120cm Pérola M24 Preto - Mpozenato
7908816365975 - Armário de Cozinha CP03 Com Pia 120cm Pérola M24 Freijó/Grafite - Mpozenato
7908816365982 - Armário de Cozinha CP03 Com Pia 120cm Pérola M24 Grafite/Freijó - Mpozenato
7908816365999 - Armário de Cozinha CP03 Com Pia 150cm Pérola M24 Branco - Mpozenato
7908816366002 - Armário de Cozinha CP03 Com Pia 150cm Pérola M24 Preto - Mpozenato
7908816366019 - Armário de Cozinha CP03 Com Pia 150cm Pérola M24 Freijó/Grafite - Mpozenato
7908816366026 - Armário de Cozinha CP03 Com Pia 150cm Pérola M24 Grafite/Freijó - Mpozenato
7908816366033 - Armário de Cozinha CP03 Com Pia 180cm Pérola M24 Branco - Mpozenato
7908816366040 - Armário de Cozinha CP03 Com Pia 180cm Pérola M24 Preto - Mpozenato
7908816366057 - Armário de Cozinha CP03 Com Pia 180cm Pérola M24 Freijó/Grafite - Mpozenato
7908816366064 - Armário de Cozinha CP03 Com Pia 180cm Pérola M24 Grafite/Freijó - Mpozenato
7908816366071 - Armário de Cozinha CP05 Para Pia 100cm Pérola M24 Branco - Mpozenato
7908816366088 - Armário de Cozinha CP05 Para Pia 100cm Pérola M24 Preto - Mpozenato
7908816366095 - Armário de Cozinha CP05 Para Pia 100cm Pérola M24 Freijó/Grafite - Mpozenato
7908816366101 - Armário de Cozinha CP05 Para Pia 100cm Pérola M24 Grafite/Freijó - Mpozenato
7908816366118 - Armário de Cozinha CP05 Para Pia 120cm Pérola M24 Branco - Mpozenato
7908816366125 - Armário de Cozinha CP05 Para Pia 120cm Pérola M24 Preto - Mpozenato
7908816366132 - Armário de Cozinha CP05 Para Pia 120cm Pérola M24 Freijó/Grafite - Mpozenato
7908816366149 - Armário de Cozinha CP05 Para Pia 120cm Pérola M24 Grafite/Freijó - Mpozenato
7908816366156 - Armário de Cozinha CP05 Para Pia 150cm Pérola M24 Branco - Mpozenato
7908816366163 - Armário de Cozinha CP05 Para Pia 150cm Pérola M24 Preto - Mpozenato
7908816366170 - Armário de Cozinha CP05 Para Pia 150cm Pérola M24 Freijó/Grafite - Mpozenato
7908816366187 - Armário de Cozinha CP05 Para Pia 150cm Pérola M24 Grafite/Freijó - Mpozenato
7908816366194 - Armário de Cozinha CP05 Para Pia 180cm Pérola M24 Branco - Mpozenato
7908816366200 - Armário de Cozinha CP05 Para Pia 180cm Pérola M24 Preto - Mpozenato
7908816367023 - Armário de Cozinha CP05 Para Pia 180cm Pérola M24 Freijó/Grafite - Mpozenato
7908816366217 - Armário de Cozinha CP05 Para Pia 180cm Pérola M24 Grafite/Freijó - Mpozenato
7908816366224 - Armário de Cozinha CP05 e Tampo 98cm Pérola M24 Branco - Mpozenato
7908816366231 - Armário de Cozinha CP05 e Tampo 98cm Pérola M24 Preto - Mpozenato
7908816366248 - Armário de Cozinha CP05 e Tampo 98cm Pérola M24 Freijó/Grafite - Mpozenato
7908816366255 - Armário de Cozinha CP05 e Tampo 98cm Pérola M24 Grafite/Freijó - Mpozenato
7908816366262 - Armário de Cozinha CP05 e Tampo 118cm Pérola M24 Branco - Mpozenato
7908816366279 - Armário de Cozinha CP05 e Tampo 118cm Pérola M24 Preto - Mpozenato
7908816366286 - Armário de Cozinha CP05 e Tampo 118cm Pérola M24 Freijó/Grafite - Mpozenato
7908816366293 - Armário de Cozinha CP05 e Tampo 118cm Pérola M24 Grafite/Freijó - Mpozenato
7908816366309 - Armário de Cozinha CP05 e Tampo 148cm Pérola M24 Branco - Mpozenato
7908816366316 - Armário de Cozinha CP05 e Tampo 148cm Pérola M24 Preto - Mpozenato
7908816366323 - Armário de Cozinha CP05 e Tampo 148cm Pérola M24 Freijó/Grafite - Mpozenato
7908816366330 - Armário de Cozinha CP05 e Tampo 148cm Pérola M24 Grafite/Freijó - Mpozenato
7908816366347 - Armário de Cozinha CP05 e Tampo 178cm Pérola M24 Branco - Mpozenato
7908816366354 - Armário de Cozinha CP05 e Tampo 178cm Pérola M24 Preto - Mpozenato
7908816366361 - Armário de Cozinha CP05 e Tampo 178cm Pérola M24 Freijó/Grafite - Mpozenato
7908816366378 - Armário de Cozinha CP05 e Tampo 178cm Pérola M24 Grafite/Freijó - Mpozenato
7908816366385 - Armário de Cozinha CP05 Com Pia 100cm Pérola M24 Branco - Mpozenato
7908816366392 - Armário de Cozinha CP05 Com Pia 100cm Pérola M24 Preto - Mpozenato
7908816366408 - Armário de Cozinha CP05 Com Pia 100cm Pérola M24 Freijó/Grafite - Mpozenato
7908816366415 - Armário de Cozinha CP05 Com Pia 100cm Pérola M24 Grafite/Freijó - Mpozenato
7908816366422 - Armário de Cozinha CP05 Com Pia 120cm Pérola M24 Branco - Mpozenato
7908816366439 - Armário de Cozinha CP05 Com Pia 120cm Pérola M24 Preto - Mpozenato
7908816366446 - Armário de Cozinha CP05 Com Pia 120cm Pérola M24 Freijó/Grafite - Mpozenato
7908816366453 - Armário de Cozinha CP05 Com Pia 120cm Pérola M24 Grafite/Freijó - Mpozenato
7908816366460 - Armário de Cozinha CP05 Com Pia 150cm Pérola M24 Branco - Mpozenato
7908816366477 - Armário de Cozinha CP05 Com Pia 150cm Pérola M24 Preto - Mpozenato
7908816366484 - Armário de Cozinha CP05 Com Pia 150cm Pérola M24 Freijó/Grafite - Mpozenato
7908816366491 - Armário de Cozinha CP05 Com Pia 150cm Pérola M24 Grafite/Freijó - Mpozenato
7908816366507 - Armário de Cozinha CP05 Com Pia 180cm Pérola M24 Branco - Mpozenato
7908816366514 - Armário de Cozinha CP05 Com Pia 180cm Pérola M24 Preto - Mpozenato
7908816366521 - Armário de Cozinha CP05 Com Pia 180cm Pérola M24 Freijó/Grafite - Mpozenato
7908816366538 - Armário de Cozinha CP05 Com Pia 180cm Pérola M24 Grafite/Freijó - Mpozenato
7908816366545 - Armário de Cozinha CP06 Para Pia 100cm Pérola M24 Branco - Mpozenato
7908816366552 - Armário de Cozinha CP06 Para Pia 100cm Pérola M24 Preto - Mpozenato
7908816366569 - Armário de Cozinha CP06 Para Pia 100cm Pérola M24 Freijó/Grafite - Mpozenato
7908816366576 - Armário de Cozinha CP06 Para Pia 100cm Pérola M24 Grafite/Freijó - Mpozenato
7908816366583 - Armário de Cozinha CP06 Para Pia 120cm Pérola M24 Branco - Mpozenato
7908816366590 - Armário de Cozinha CP06 Para Pia 120cm Pérola M24 Preto - Mpozenato
7908816366606 - Armário de Cozinha CP06 Para Pia 120cm Pérola M24 Freijó/Grafite - Mpozenato
7908816366613 - Armário de Cozinha CP06 Para Pia 120cm Pérola M24 Grafite/Freijó - Mpozenato
7908816366620 - Armário de Cozinha CP06 Para Pia 150cm Pérola M24 Branco - Mpozenato
7908816366637 - Armário de Cozinha CP06 Para Pia 150cm Pérola M24 Preto - Mpozenato
7908816366644 - Armário de Cozinha CP06 Para Pia 150cm Pérola M24 Freijó/Grafite - Mpozenato
7908816366651 - Armário de Cozinha CP06 Para Pia 150cm Pérola M24 Grafite/Freijó - Mpozenato
7908816366668 - Armário de Cozinha CP06 Para Pia 180cm Pérola M24 Branco - Mpozenato
7908816366675 - Armário de Cozinha CP06 Para Pia 180cm Pérola M24 Preto - Mpozenato
7908816366682 - Armário de Cozinha CP06 Para Pia 180cm Pérola M24 Freijó/Grafite - Mpozenato
7908816366699 - Armário de Cozinha CP06 Para Pia 180cm Pérola M24 Grafite/Freijó - Mpozenato
7908816366705 - Armário de Cozinha CP06 e Tampo 98cm Pérola M24 Branco - Mpozenato
7908816366712 - Armário de Cozinha CP06 e Tampo 98cm Pérola M24 Preto - Mpozenato
7908816366729 - Armário de Cozinha CP06 e Tampo 98cm Pérola M24 Freijó/Grafite - Mpozenato
7908816366736 - Armário de Cozinha CP06 e Tampo 98cm Pérola M24 Grafite/Freijó - Mpozenato
7908816366743 - Armário de Cozinha CP06 e Tampo 118cm Pérola M24 Branco - Mpozenato
7908816366750 - Armário de Cozinha CP06 e Tampo 118cm Pérola M24 Preto - Mpozenato
7908816366767 - Armário de Cozinha CP06 e Tampo 118cm Pérola M24 Freijó/Grafite - Mpozenato
7908816366774 - Armário de Cozinha CP06 e Tampo 118cm Pérola M24 Grafite/Freijó - Mpozenato
7908816366781 - Armário de Cozinha CP06 e Tampo 148cm Pérola M24 Branco - Mpozenato
7908816366798 - Armário de Cozinha CP06 e Tampo 148cm Pérola M24 Preto - Mpozenato
7908816366804 - Armário de Cozinha CP06 e Tampo 148cm Pérola M24 Freijó/Grafite - Mpozenato
7908816366811 - Armário de Cozinha CP06 e Tampo 148cm Pérola M24 Grafite/Freijó - Mpozenato
7908816366828 - Armário de Cozinha CP06 e Tampo 178cm Pérola M24 Branco - Mpozenato
7908816366835 - Armário de Cozinha CP06 e Tampo 178cm Pérola M24 Preto - Mpozenato
7908816366842 - Armário de Cozinha CP06 e Tampo 178cm Pérola M24 Freijó/Grafite - Mpozenato
7908816366859 - Armário de Cozinha CP06 e Tampo 178cm Pérola M24 Grafite/Freijó - Mpozenato
7908816366866 - Armário de Cozinha CP06 Com Pia 100cm Pérola M24 Branco - Mpozenato
7908816366873 - Armário de Cozinha CP06 Com Pia 100cm Pérola M24 Preto - Mpozenato
7908816366880 - Armário de Cozinha CP06 Com Pia 100cm Pérola M24 Freijó/Grafite - Mpozenato
7908816366897 - Armário de Cozinha CP06 Com Pia 100cm Pérola M24 Grafite/Freijó - Mpozenato
7908816366903 - Armário de Cozinha CP06 Com Pia 120cm Pérola M24 Branco - Mpozenato
7908816366910 - Armário de Cozinha CP06 Com Pia 120cm Pérola M24 Preto - Mpozenato
7908816366927 - Armário de Cozinha CP06 Com Pia 120cm Pérola M24 Freijó/Grafite - Mpozenato
7908816366934 - Armário de Cozinha CP06 Com Pia 120cm Pérola M24 Grafite/Freijó - Mpozenato
7908816366941 - Armário de Cozinha CP06 Com Pia 150cm Pérola M24 Branco - Mpozenato
7908816366958 - Armário de Cozinha CP06 Com Pia 150cm Pérola M24 Preto - Mpozenato
7908816366965 - Armário de Cozinha CP06 Com Pia 150cm Pérola M24 Freijó/Grafite - Mpozenato
7908816366972 - Armário de Cozinha CP06 Com Pia 150cm Pérola M24 Grafite/Freijó - Mpozenato
7908816366989 - Armário de Cozinha CP06 Com Pia 180cm Pérola M24 Branco - Mpozenato
7908816366996 - Armário de Cozinha CP06 Com Pia 180cm Pérola M24 Preto - Mpozenato
7908816367009 - Armário de Cozinha CP06 Com Pia 180cm Pérola M24 Freijó/Grafite - Mpozenato
7908816367016 - Armário de Cozinha CP06 Com Pia 180cm Pérola M24 Grafite/Freijó - Mpozenato
7908816367030 - Armário de Cozinha CP08 Para Pia 140cm Pérola M24 Branco - Mpozenato
7908816367047 - Armário de Cozinha CP08 Para Pia 140cm Pérola M24 Preto - Mpozenato
7908816367054 - Armário de Cozinha CP08 Para Pia 140cm Pérola M24 Freijó/Grafite - Mpozenato
7908816367061 - Armário de Cozinha CP08 Para Pia 140cm Pérola M24 Grafite/Freijó - Mpozenato
7908816367078 - Armário de Cozinha CP08 e Tampo 118cm Pérola M24 Branco - Mpozenato
7908816367085 - Armário de Cozinha CP08 e Tampo 118cm Pérola M24 Preto - Mpozenato
7908816367092 - Armário de Cozinha CP08 e Tampo 118cm Pérola M24 Freijó/Grafite - Mpozenato
7908816367108 - Armário de Cozinha CP08 e Tampo 118cm Pérola M24 Grafite/Freijó - Mpozenato
7908816367115 - Armário de Cozinha CP08 Com Pia 140cm Pérola M24 Branco - Mpozenato
7908816367122 - Armário de Cozinha CP08 Com Pia 140cm Pérola M24 Preto - Mpozenato
7908816367139 - Armário de Cozinha CP08 Com Pia 140cm Pérola M24 Freijó/Grafite - Mpozenato
7908816367146 - Armário de Cozinha CP08 Com Pia 140cm Pérola M24 Grafite/Freijó - Mpozenato
7908816367153 - Armário de Cozinha CP10 Para Pia 180cm Pérola M24 Branco - Mpozenato
7908816367160 - Armário de Cozinha CP10 Para Pia 180cm Pérola M24 Preto - Mpozenato
7908816367177 - Armário de Cozinha CP10 Para Pia 180cm Pérola M24 Freijó/Grafite - Mpozenato
7908816367184 - Armário de Cozinha CP10 Para Pia 180cm Pérola M24 Grafite/Freijó - Mpozenato
7908816367191 - Armário de Cozinha CP10 e Tampo 178cm Pérola M24 Branco - Mpozenato
7908816367207 - Armário de Cozinha CP10 e Tampo 178cm Pérola M24 Preto - Mpozenato
7908816367214 - Armário de Cozinha CP10 e Tampo 178cm Pérola M24 Freijó/Grafite - Mpozenato
7908816367221 - Armário de Cozinha CP10 e Tampo 178cm Pérola M24 Grafite/Freijó - Mpozenato
7908816367238 - Armário de Cozinha CP10 Com Pia 180cm Pérola M24 Branco - Mpozenato
7908816367245 - Armário de Cozinha CP10 Com Pia 180cm Pérola M24 Preto - Mpozenato
7908816367252 - Armário de Cozinha CP10 Com Pia 180cm Pérola M24 Freijó/Grafite - Mpozenato
7908816367269 - Armário de Cozinha CP10 Com Pia 180cm Pérola M24 Grafite/Freijó - Mpozenato
7908816367276 - Armário de Cozinha CP11 Para Pia 200cm Pérola M24 Branco - Mpozenato
7908816367283 - Armário de Cozinha CP11 Para Pia 200cm Pérola M24 Preto - Mpozenato
7908816367290 - Armário de Cozinha CP11 Para Pia 200cm Pérola M24 Freijó/Grafite - Mpozenato
7908816367306 - Armário de Cozinha CP11 Para Pia 200cm Pérola M24 Grafite/Freijó - Mpozenato
7908816367313 - Armário de Cozinha CP11 e Tampo 178cm Pérola M24 Branco - Mpozenato
7908816367320 - Armário de Cozinha CP11 e Tampo 178cm Pérola M24 Preto - Mpozenato
7908816367337 - Armário de Cozinha CP11 e Tampo 178cm Pérola M24 Freijó/Grafite - Mpozenato
7908816367344 - Armário de Cozinha CP11 e Tampo 178cm Pérola M24 Grafite/Freijó - Mpozenato
7908816367351 - Armário de Cozinha CP11 Com Pia 200cm Pérola M24 Branco - Mpozenato
7908816367368 - Armário de Cozinha CP11 Com Pia 200cm Pérola M24 Preto - Mpozenato
7908816367375 - Armário de Cozinha CP11 Com Pia 200cm Pérola M24 Freijó/Grafite - Mpozenato
7908816367382 - Armário de Cozinha CP11 Com Pia 200cm Pérola M24 Grafite/Freijó - Mpozenato
7908816367566 - Penteadeira Camarim Suspensa 1 Porta Elle M24 Freijó Branco - Mpozenato
7908816367573 - Armário de Cozinha Aéreo 118cm 3 Portas Duda M24 Branco/Freijó - Mpozenato
7908816367580 - Armário de Cozinha Aéreo 118cm 3 Portas Duda M24 Preto/Freijó - Mpozenato
7908816367597 - Armário de Cozinha Aéreo 118cm 3 Portas Duda M24 Grafite/Freijó - Mpozenato
7908816367603 - Penteadeira Suspensa 60cm 1 Gaveta Carina M24 Branco - Mpozenato
7908816367610 - Penteadeira Suspensa 60cm 1 Gaveta Carina M24 Preto - Mpozenato
7908816367627 - Penteadeira Suspensa 60cm 1 Gaveta Carina M24 Freijó - Mpozenato
7908816367634 - Penteadeira Suspensa 60cm 1 Gaveta Carina M24 Grafite - Mpozenato
7908816369089 - Balcão Buffet Cantinho do Café Bianca Branco/Freijó Z34 - Mpozenato
7908816369096 - Balcão Buffet Cantinho do Café Bianca Freijó/Branco Z34 - Mpozenato
7908816369102 - Balcão Buffet Cantinho do Café Bianca Freijó/Grafite Z34 - Mpozenato
7908816369119 - Balcão Buffet Cantinho do Café Bianca Preto/Freijó Z34 - Mpozenato
7908816368525 - Armário de Cozinha Aéreo 100cm Basculante Mia M24 Freijó/Grafite - Mpozenato
7908816368730 - Armário de Cozinha Aéreo 100cm Basculante Mia M24 Freijó/Preto - Mpozenato
7908816368532 - Armário de Cozinha Aéreo 100cm Basculante Mia M24 Preto/Grafite - Mpozenato
7908816368549 - Balcão de Cozinha 100cm Sem Tampo Julia M24 Freijó/Grafite - Mpozenato
7908816368556 - Balcão de Cozinha 100cm Sem Tampo Julia M24 Freijó/Preto - Mpozenato
7908816368563 - Balcão de Cozinha 100cm Sem Tampo Julia M24 Preto/Grafite - Mpozenato
7908816368570 - Tampo Para Balcão de Cozinha 100cm MDP M24 Freijó - Mpozenato
7908816368587 - Balcão de Cozinha Com Tampo 100cm Julia M24 Freijó/Grafite - Mpozenato
7908816368594 - Balcão de Cozinha Com Tampo 100cm Julia M24 Freijó/Preto - Mpozenato
7908816368600 - Balcão de Cozinha Com Tampo 100cm Julia M24 Preto/Grafite - Mpozenato
7908816368617 - Balcão de Cozinha Com Pia Inox 100cm Julia M24 Freijó/Grafite - Mpozenato
7908816368624 - Balcão de Cozinha Com Pia Inox 100cm Julia M24 Freijó/Preto - Mpozenato
7908816368631 - Balcão de Cozinha Com Pia Inox 100cm Julia M24 Preto/Grafite - Mpozenato
7908816368648 - Armário de Cozinha Nichos CP01 Para Pia 100cm M24 Freijó/Grafite - Mpozenato
7908816368655 - Armário de Cozinha Nichos CP01 Para Pia 100cm M24 Freijó/Preto - Mpozenato
7908816368662 - Armário de Cozinha Nichos CP01 Para Pia 100cm M24 Preto/Grafite - Mpozenato
7908816368679 - Armário de Cozinha Nichos CP01 e Tampo 100cm M24 Freijó/Grafite - Mpozenato
7908816368686 - Armário de Cozinha Nichos CP01 e Tampo 100cm M24 Freijó/Preto - Mpozenato
7908816368693 - Armário de Cozinha Nichos CP01 e Tampo 100cm M24 Preto/Grafite - Mpozenato
7908816368709 - Armário de Cozinha Com Nicho CP01 e Pia 100cm M24 Freijó/Grafite - Mpozenato
7908816368716 - Armário de Cozinha Com Nicho CP01 e Pia 100cm M24 Freijó/Preto - Mpozenato
7908816368723 - Armário de Cozinha Com Nicho CP01 e Pia 100cm M24 Preto/Grafite - Mpozenato
7908816362752 - Estante Painel Para TV 70 Pol 242cm Le Gard M01 Off/Calacata - Mpozenato
7908816367641 - Estante Painel Para TV 70 Pol 242cm Le Gard M01 Off/Cinamomo - Mpozenato
7908816367658 - Estante Painel Para TV 70 Pol 242cm Le Gard M01 Cumaru - Mpozenato
7908816367665 - Estante Painel Para TV 60 Pol 200cm Sam M01 Off/Cinamomo - Mpozenato
7908816367672 - Estante Painel Para TV 60 Pol 200cm Sam M01 Cumaru - Mpozenato
7908816367689 - Estante Painel Para TV 75 Pol 183cm Luara M01 Off/Calacata - Mpozenato
7908816367696 - Estante Painel Para TV 75 Pol 183cm Luara M01 Off/Cinamomo - Mpozenato
7908816367702 - Estante Painel Para TV 75 Pol 183cm Luara M01 Cumaru/Opala - Mpozenato
7908816367719 - Estante Painel de TV 65 Pol 183cm Ramona M01 Cumaru/Opala - Mpozenato
7908816367726 - Estante Painel de TV 65 Pol 183cm Ramona M01 Off/Cinamomo - Mpozenato
7908816367733 - Estante Painel Para TV 75 Pol 160cm Anny M01 Cumaru - Mpozenato
7908816367740 - Estante Painel Para TV 75 Pol 160cm Anny M01 Off/Cinamomo - Mpozenato
7908816367757 - Estante Painel Para TV 75 Pol 160cm Anny M01 Cumaru/Opala - Mpozenato
7908816367764 - Painel Para TV 75 Polegadas 238cm André M01 Off White - Mpozenato
7908816367771 - Painel Para TV 75 Polegadas 238cm André M01 Cumaru - Mpozenato
7908816367788 - Painel Para TV 75 Polegadas 238cm André M01 Off/Cinamomo - Mpozenato
7908816367795 - Painel Para TV 75 Polegadas 179cm Logus M01 Off White - Mpozenato
7908816367801 - Painel Para TV 75 Polegadas 179cm Logus M01 Cumaru - Mpozenato
7908816367818 - Painel Para TV 75 Polegadas 179cm Logus M01 Off/Cinamomo - Mpozenato
7908816367825 - Painel TV 75 Pol e Bancada Suspensa Emília M01 Off/Cinamomo - Mpozenato
7908816367832 - Painel TV 75 Pol e Bancada Suspensa Emília M01 Cumaru - Mpozenato
7908816367849 - Painel TV 65 Pol e Bancada Suspensa Igor M01 Cumaru - Mpozenato
7908816367856 - Painel TV 55 Pol e Bancada Suspensa Veena M01 Off/Calacata - Mpozenato
7908816367863 - Painel TV 55 Pol e Bancada Suspensa Veena M01 Off/Cinamomo - Mpozenato
7908816367870 - Painel TV 50 Pol e Bancada Suspensa Keren M01 Cumaru/Opala - Mpozenato
7908816367887 - Painel TV 50 Pol e Bancada Suspensa Keren M01 Off/Calacata - Mpozenato
7908816367894 - Painel TV 50 Pol e Bancada Suspensa Keren M01 Off/Cinamomo - Mpozenato
7908816367900 - Painel TV 55 Pol e Bancada Suspensa Neris M01 Cumaru - Mpozenato
7908816367917 - Painel TV 55 Pol e Bancada Suspensa Neris M01 Off/Cinamomo - Mpozenato
7908816367924 - Painel TV 55 Pol e Bancada Suspensa Neris M01 Off/Cumaru - Mpozenato
7908816367931 - Painel TV 55 Pol e Bancada Suspensa Talyn M01 Off/Cinamomo - Mpozenato
7908816367948 - Painel TV 55 Pol e Bancada Suspensa Talyn M01 Cumaru/Opala - Mpozenato
7908816367955 - Painel TV 55 Pol e Bancada Suspensa Talyn M01 Cumaru - Mpozenato
7908816367962 - Rack Bancada de TV 75 Pol 200cm Celina M01 Cumaru - Mpozenato
7908816367979 - Rack Bancada de TV 75 Pol 200cm Celina M01 Off/Cinamomo - Mpozenato
7908816367986 - Rack Bancada de TV 75 Pol 200cm Celina M01 Cumaru/Opala - Mpozenato
7908816367993 - Rack Bancada de TV 65 Pol 150cm Keli M01 Off/Cinamomo - Mpozenato
7908816368006 - Rack Bancada de TV 65 Pol 150cm Keli M01 Cumaru/Opala - Mpozenato
7908816368013 - Rack Bancada de TV 65 Pol 182cm Tery M01 Off White/Calacata - Mpozenato
7908816368020 - Rack Bancada de TV 65 Pol 182cm Tery M01 Off White/Cinamomo - Mpozenato
7908816368037 - Rack Bancada de TV 65 Pol 182cm Tery M01 Cumaru - Mpozenato
7908816368044 - Estante Painel Para TV 50 Pol 182cm Fire M01 Cumaru - Mpozenato
7908816368051 - Rack Bancada de TV 70 Pol 164cm Gaia M01 Cumaru - Mpozenato
7908816368068 - Rack Bancada de TV 70 Pol 164cm Gaia M01 Off/Cinamomo - Mpozenato
7908816368075 - Rack Bancada de TV 70 Pol 164cm Gaia M01 Cumaru/Opala - Mpozenato
7908816368082 - Rack Bancada de TV 55 Pol 136cm Alana M01 Naturale/Off - Mpozenato
7908816368099 - Rack Bancada de TV 55 Pol 136cm Alana M01 Off/Cinamomo - Mpozenato
7908816368105 - Rack Bancada de TV 55 Pol 136cm Alana M01 Cumaru/Opala - Mpozenato
7908816368112 - Rack Bancada de TV 50 Pol 136cm Espain M01 Fendi/Naturali - Mpozenato
7908816368129 - Rack Bancada de TV 50 Pol 136cm Espain M01 Off/Calacata - Mpozenato
7908816368136 - Rack Bancada de TV 50 Pol 136cm Espain M01 Off/Cinamomo - Mpozenato
7908816368143 - Cristaleira de Vidro Com LED Eva 90cm M01 Off/Calacata - Mpozenato
7908816368150 - Cristaleira de Vidro Com LED Eva 90cm M01 Off/Cinamomo - Mpozenato
7908816368167 - Cristaleira de Vidro Com LED Eva 90cm M01 Cumaru/Opala - Mpozenato
7908816368174 - Buffet Aparador Sala de Estar 135cm Toni M01 Off/Calacata - Mpozenato
7908816368181 - Buffet Aparador Sala de Estar 135cm Toni M01 Off/Cinamomo - Mpozenato
7908816368198 - Buffet Aparador Sala de Estar 135cm Toni M01 Cumaru/Opala - Mpozenato
7908816368204 - Aparador de Sala Com Prateleiras 150cm Fire M01 Off/Cinamomo - Mpozenato
7908816368211 - Aparador de Sala Com Prateleiras 150cm Fire M01 Cumaru/Opala - Mpozenato
7908816368228 - Mesa de Centro Com Detalhe Ripado Fire M01 Off/Calacata - Mpozenato
7908816368235 - Mesa de Centro Com Detalhe Ripado Fire M01 Off/Cinamomo - Mpozenato
7908816368242 - Mesa de Centro Com Detalhe Ripado Fire M01 Cumaru/Opala - Mpozenato
7908816368259 - Rack Bancada de TV 50 Pol 121cm Rute M01 Naturale/Off - Mpozenato
7908816368266 - Rack Bancada de TV 50 Pol 121cm Rute M01 Off/Calacata - Mpozenato
7908816368273 - Rack Bancada de TV 50 Pol 121cm Rute M01 Off/Cinamomo - Mpozenato
7908816368280 - Rack Bancada de TV 75 Pol 183cm Arvin M01 Off/Cinamomo - Mpozenato
7908816368297 - Rack Bancada de TV 75 Pol 183cm Arvin M01 Cumaru/Opala - Mpozenato
7908816368303 - Rack Bancada de TV 60 Pol 136cm Helena M01 Off/Cinamomo - Mpozenato
7908816368310 - Rack Bancada de TV 60 Pol 136cm Helena M01 Cumaru/Opala - Mpozenato
7908816368327 - Estante Painel Para TV 60 Pol 160cm Orla M01 Off/Cinamomo - Mpozenato
7908816368334 - Estante Painel Para TV 60 Pol 160cm Orla M01 Cumaru/Opala - Mpozenato
7908816368341 - Balcão Buffet Sala de Jantar 183cm Mônica M01 Off/Cinamomo - Mpozenato
7908816368358 - Balcão Buffet Sala de Jantar 183cm Mônica M01 Cumaru/Opala - Mpozenato
7908816368365 - Cristaleira de Vidro Com LED 67cm Melina M01 Off/Cinamomo - Mpozenato
7908816368372 - Cristaleira de Vidro Com LED 67cm Melina M01 Cumaru/Opala - Mpozenato
7908816368389 - Aparador Sala de Estar 136cm Pés Retrô Gil M01 Off/Cinamomo - Mpozenato
7908816368396 - Aparador Sala de Estar 136cm Pés Retrô Gil M01 Cumaru/Opala - Mpozenato
7908816368402 - Mesa de Centro para Sala 90cm Indy M01 Off/Cinamomo - Mpozenato
7908816368419 - Mesa de Centro para Sala 90cm Indy M01 Cumaru/Opala - Mpozenato
7908816368426 - Estante Painel Para TV 75 Pol 216cm Mical M01 Off/Cinamomo - Mpozenato
7908816368433 - Estante Painel Para TV 75 Pol 216cm Mical M01 Cumaru - Mpozenato
7908816368440 - Cristaleira de Vidro Melina e Buffet Monica M01 Off/Cinamomo - Mpozenato
7908816368457 - Cristaleira de Vidro Melina e Buffet Monica M01 Cumaru/Opala - Mpozenato
7908816368464 - Cristaleira de Vidro Eva e Buffet Monica M01 Off/Cinamomo - Mpozenato
7908816368471 - Cristaleira de Vidro Eva e Buffet Monica M01 Cumaru/Opala - Mpozenato
7908816368488 - Cristaleira de Vidro Melina e Buffet Toni M01 Off/Cinamomo - Mpozenato
7908816368495 - Cristaleira de Vidro Melina e Buffet Toni M01 Cumaru/Opala - Mpozenato
7908816368501 - Mesa de Centro e Aparador Ripado Fire M01 Off White/Cinamomo - Mpozenato
7908816368518 - Mesa de Centro e Aparador Ripado Fire M01 Cumaru/Opala - Mpozenato
7908816370849 - Painel TV 55 Pol e Bancada Suspensa Romeo Nature/Off Flex Z49 - Mpozenato
7908816370856 - Painel TV 55 Pol e Bancada Suspensa Romeo Off/Nature Flex Z49 - Mpozenato
7908816371068 - Sofá Retrátil 2 Lugares Para Sala 175cm Dijon Couro Bordô S07 - Mpozenato
7908816371075 - Sofá Retrátil 2 Lugares Para Sala 175cm Dijon Couro Bege S07 - Mpozenato
7908816371082 - Sofá Retrátil 2 Lugares Para Sala 175cm Dijon Couro Mel S07 - Mpozenato
7908816371099 - Sofá Retrátil 2 Lugares Para Sala 175cm Dijon Couro Creme S07 - Mpozenato
7908816371105 - Sofá Retrátil 2 Lugares Para Sala 175cm Dijon Couro Caramelo S07 - Mpozenato
7908816371112 - Sofá Retrátil 2 Lugares Para Sala 215cm Dijon Couro Bordô S07 - Mpozenato
7908816371129 - Sofá Retrátil 2 Lugares Para Sala 215cm Dijon Couro Bege S07 - Mpozenato
7908816371136 - Sofá Retrátil 2 Lugares Para Sala 215cm Dijon Couro Mel S07 - Mpozenato
7908816371143 - Sofá Retrátil 2 Lugares Para Sala 215cm Dijon Couro Creme S07 - Mpozenato
7908816371150 - Sofá Retrátil 2 Lugares Para Sala 215cm Dijon Couro Caramelo S07 - Mpozenato
7908816371167 - Sofá Retrátil 3 Lugares Para Sala 250cm Dijon Couro Bordô S07 - Mpozenato
7908816371174 - Sofá Retrátil 3 Lugares Para Sala 250cm Dijon Couro Bege S07 - Mpozenato
7908816371181 - Sofá Retrátil 3 Lugares Para Sala 250cm Dijon Couro Mel S07 - Mpozenato
7908816371198 - Sofá Retrátil 3 Lugares Para Sala 250cm Dijon Couro Creme S07 - Mpozenato
7908816371204 - Sofá Retrátil 3 Lugares Para Sala 250cm Dijon Couro Caramelo S07 - Mpozenato
7908816371211 - MODULO BALI/Dijon CR B208 VNH S07 - Mpozenato
7908816371228 - MODULO BALI/Dijon CR B204 BG S07 - Mpozenato
7908816371235 - MODULO BALI/Dijon CR B201 MEL S07 - Mpozenato
7908816371242 - MODULO BALI/Dijon CR A121 PRL S07 - Mpozenato
7908816371259 - MODULO BALI/Dijon CR A113 CRM S07 - Mpozenato
7908816371266 - Sofá Retrátil 3 Lugares Para Sala 257cm Dijon Couro Bordô S07 - Mpozenato
7908816371273 - Sofá Retrátil 3 Lugares Para Sala 257cm Dijon Couro Bege S07 - Mpozenato
7908816371280 - Sofá Retrátil 3 Lugares Para Sala 257cm Dijon Couro Mel S07 - Mpozenato
7908816371297 - Sofá Retrátil 3 Lugares Para Sala 257cm Dijon Couro Creme S07 - Mpozenato
7908816371303 - Sofá Retrátil 3 Lugares Para Sala 257cm Dijon Couro Caramelo S07 - Mpozenato
7908816371310 - Sofá Retrátil 3 Lugares Para Sala 297cm Dijon Couro Bordô S07 - Mpozenato
7908816371327 - Sofá Retrátil 3 Lugares Para Sala 297cm Dijon Couro Bege S07 - Mpozenato
7908816371334 - Sofá Retrátil 3 Lugares Para Sala 297cm Dijon Couro Mel S07 - Mpozenato
7908816371341 - Sofá Retrátil 3 Lugares Para Sala 297cm Dijon Couro Creme S07 - Mpozenato
7908816371358 - Sofá Retrátil 3 Lugares Para Sala 297cm Dijon Couro Caramelo S07 - Mpozenato
7908816371365 - Sofá Retrátil 4 Lugares Para Sala 332cm Dijon Couro Bordô S07 - Mpozenato
7908816371372 - Sofá Retrátil 4 Lugares Para Sala 332cm Dijon Couro Bege S07 - Mpozenato
7908816371389 - Sofá Retrátil 4 Lugares Para Sala 332cm Dijon Couro Mel S07 - Mpozenato
7908816371396 - Sofá Retrátil 4 Lugares Para Sala 332cm Dijon Couro Creme S07 - Mpozenato
7908816371402 - Sofá Retrátil 4 Lugares Para Sala 332cm Dijon Couro Caramelo S07 - Mpozenato
7908816371419 - Sofá Retrátil 4 Lugares Para Sala 339cm Dijon Couro Bordô S07 - Mpozenato
7908816371426 - Sofá Retrátil 4 Lugares Para Sala 339cm Dijon Couro Bege S07 - Mpozenato
7908816371433 - Sofá Retrátil 4 Lugares Para Sala 339cm Dijon Couro Mel S07 - Mpozenato
7908816371440 - Sofá Retrátil 4 Lugares Para Sala 339cm Dijon Couro Creme S07 - Mpozenato
7908816371457 - Sofá Retrátil 4 Lugares Para Sala 339cm Dijon Couro Caramelo S07 - Mpozenato
7908816371464 - Sofá Retrátil 4 Lugares Para Sala 379cm Dijon Couro Bordô S07 - Mpozenato
7908816371471 - Sofá Retrátil 4 Lugares Para Sala 379cm Dijon Couro Bege S07 - Mpozenato
7908816371488 - Sofá Retrátil 4 Lugares Para Sala 379cm Dijon Couro Mel S07 - Mpozenato
7908816371495 - Sofá Retrátil 4 Lugares Para Sala 379cm Dijon Couro Creme S07 - Mpozenato
7908816371501 - Sofá Retrátil 4 Lugares Para Sala 379cm Dijon Couro Caramelo S07 - Mpozenato
7908816371518 - Sofá Retrátil 5 Lugares Para Sala 414cm Dijon Couro Bordô S07 - Mpozenato
7908816371525 - Sofá Retrátil 5 Lugares Para Sala 414cm Dijon Couro Bege S07 - Mpozenato
7908816371532 - Sofá Retrátil 5 Lugares Para Sala 414cm Dijon Couro Mel S07 - Mpozenato
7908816371549 - Sofá Retrátil 5 Lugares Para Sala 414cm Dijon Couro Creme S07 - Mpozenato
7908816371556 - Sofá Retrátil 5 Lugares Para Sala 414cm Dijon Couro Caramelo S07 - Mpozenato
7908141235462 - Guarda Roupa Casal 270cm 4 Portas Jacarandá Flex Off/Freijó - Albatroz
7908141235479 - Guarda Roupa Casal 270cm 4 Espelhos Jacarandá Flex Off/Freijó - Albatroz
7908141236230 - Guarda Roupa Casal 240cm Ripado 6 Portas Doble Off/Freijó - Albatroz
7908141234366 - Guarda Roupa Casal 240cm Ripado 6 Portas Doble Freijó/Titanium - Albatroz
7908141236285 - Guarda Roupa Casal 240cm com Espelho Doble Off/Freijó - Albatroz
7908141234410 - Guarda Roupa Casal 240cm com Espelho Doble Freijó/Titanium - Albatroz
7908141236292 - Guarda Roupa Casal 212cm 4 Portas Vivacce Off/Freijó - Albatroz
7908141234526 - Guarda Roupa Casal 212cm 4 Portas Vivacce Freijó/Titanium - Albatroz
7908141236346 - Guarda Roupa Casal 212cm com Espelho Vivacce Off/Freijó - Albatroz
7908141234571 - Guarda Roupa Casal 212cm com Espelho Vivacce Freijó/Titanium - Albatroz
7908141233772 - Guarda Roupa Solteiro 120cm 3 Portas Ipê Cinamomo/Branco - Albatroz
7908816369874 - Cômoda Para Quarto 7 Gavetas 160cm Fontaine A02 Cinamomo - Mpozenato
7908816369881 - Cômoda Para Quarto 7 Gavetas 160cm Fontaine A02 Off/Cinamomo - Mpozenato
7908816369898 - Cômoda Para Quarto 7 Gavetas 160cm Fontaine A02 Off/Freijó - Mpozenato
7908816369904 - Cômoda Para Quarto 7 Gavetas 160cm Fontaine A02 Freijó/Titanium - Mpozenato
7908816369911 - Cômoda Para Quarto com Painel TV 43 Pol Azaleia A02 Off/Cinamomo - Mpozenato
7908816369928 - Cômoda Para Quarto com Painel TV 43 Pol Azaleia A02 Freijó/Off - Mpozenato
7908141236827 - Cômoda Para Quarto 10 Gavetas 151cm Duetto Off/Freijó - Albatroz
7908141233604 - Cômoda Para Quarto 2 Portas 125cm Verona Off/Cinamomo - Albatroz
7908141235400 - Cômoda Para Quarto 2 Portas 125cm Verona Freijó/Titanium - Albatroz
7908141233628 - Cômoda Para Quarto 6 Gavetas 90cm Vittoria Off/Cinamomo - Albatroz
7908141236711 - Cômoda Para Quarto 6 Gavetas 90cm Vittoria Off/Freijó - Albatroz
7908141236735 - Cômoda Para Quarto 6 Gavetas 90cm Vittoria Cinamomo/Salvia - Albatroz
7908141233802 - Cômoda Sapateira 1 Porta 4 Gavetas 120cm Ipê Branco/Cinamomo - Albatroz
7908816369935 - Penteadeira Escrivaninha com Espelho Bent A02 Off/Cinamomo - Mpozenato
7908816369942 - Penteadeira Camarim Com Espelho Studio Beauty A02 Off/Cinamomo - Mpozenato
7908141235912 - Cabeceira Casal Queen e King 2 Mesas Laterais Olinda Freijó - Albatroz
7908141236032 - Mesa de Cabeceira 2 Gavetas Sole Flex Branco/Freijó - Albatroz
7908141236018 - Mesa de Cabeceira 2 Gavetas Sole Flex Freijó/Off White - Albatroz
7908141236025 - Mesa de Cabeceira 2 Gavetas Sole Flex Freijó/Titanium - Albatroz
7908816369959 - Mesa de Cabeceira com Gavetas Kit 2 Sole Flex Branco/Freijó - Albatroz
7908816369966 - Mesa de Cabeceira com Gavetas Kit 2 Sole Flex Freijó/Off White - Albatroz
7908816369973 - Mesa de Cabeceira com Gavetas Kit 2 Sole Flex Freijó/Titanium - Albatroz
7908816369980 - Guarda Roupa Casal 270cm 6 Portas Fascine A02 Off/Cinamomo - Mpozenato
7908816369997 - Guarda Roupa Casal 270cm 6 Portas Fascine A02 Cinamomo - Mpozenato
7908816370009 - Guarda Roupa Casal 270cm 6 Portas Fascine A02 Off/Freijó - Mpozenato
7908816370016 - Guarda Roupa Casal 270cm com Espelho Fascine A02 Off/Cinamomo - Mpozenato
7908816370023 - Guarda Roupa Casal 270cm com Espelho Fascine A02 Cinamomo - Mpozenato
7908816370030 - Guarda Roupa Casal 270cm com Espelho Fascine A02 Off/Freijó - Mpozenato
7908816370047 - Guarda Roupa Casal 240cm 2 Portas Aline Flex A02 Off/Sálvia - Mpozenato
7908816370054 - Guarda Roupa Casal 240cm 2 Portas Aline Flex A02 Off/Titanium - Mpozenato
7908816370061 - Guarda Roupa Casal 240cm com Espelho Aline Flex A02 Off/Sálvia - Mpozenato
7908816370078 - Guarda Roupa Casal 240cm com Espelho Aline Flex A02 Off/Titanium - Mpozenato
7908816370085 - Guarda Roupa Casal 237cm 6 Portas Vinna A02 Cinamomo - Mpozenato
7908816370092 - Guarda Roupa Casal 237cm 6 Portas Vinna A02 Off/Cinamomo - Mpozenato
7908816370108 - Guarda Roupa Casal 237cm 6 Portas Vinna A02 Off/Freijó - Mpozenato
7908816370115 - Guarda Roupa Casal 237cm com Espelho Vinna A02 Cinamomo - Mpozenato
7908816370122 - Guarda Roupa Casal 237cm com Espelho Vinna A02 Off/Cinamomo - Mpozenato
7908816370139 - Guarda Roupa Casal 237cm com Espelho Vinna A02 Off/Freijó - Mpozenato
7908816370146 - Guarda Roupa Casal 201cm 11 Portas Thony A02 Off/Cinamomo - Mpozenato
7908816370153 - Guarda Roupa Casal 201cm 11 Portas Thony A02 Cinamomo - Mpozenato
7908816370795 - Guarda Roupa Casal 200cm 6 Portas Viny A02 Off/Cinamomo - Mpozenato
7908816370160 - Guarda Roupa Casal 200cm 6 Portas Viny A02 Cinamomo - Mpozenato
7908816370177 - Guarda Roupa Casal 200cm com Espelho Viny A02 Off/Cinamomo - Mpozenato
7908816370184 - Guarda Roupa Casal 200cm com Espelho Viny A02 Cinamomo - Mpozenato
7908816370191 - Guarda Roupa Solteiro 160cm Rizatto Flex A02 Off/Cinamomo - Mpozenato
7908816370207 - Guarda Roupa Solteiro 160cm Rizatto Flex A02 Off/Titanium - Mpozenato
7908816370214 - Guarda Roupa Solteiro com Espelho Rizatto Flex A02 Off/Cinamomo - Mpozenato
7908816370221 - Guarda Roupa Solteiro com Espelho Rizatto Flex A02 Off/Titanium - Mpozenato
7908141233215 - Guarda Roupa Solteiro 160cm 4 Portas Doble Cinamomo/Off - Albatroz
7908141225906 - Guarda Roupa Solteiro 160cm 4 Portas Doble Branco - Albatroz
7908141236520 - Guarda Roupa Solteiro 160cm 4 Portas Doble Off/Freijó - Albatroz
7908141236476 - Guarda Roupa Solteiro 160cm 4 Portas Doble Freijó/Titanium - Albatroz
7908141236469 - Guarda Roupa Solteiro 160cm com Espelho Doble Cinamomo/Off - Albatroz
7908141226064 - Guarda Roupa Solteiro 160cm com Espelho Doble Branco - Albatroz
7908141236568 - Guarda Roupa Solteiro 160cm com Espelho Doble Off/Freijó - Albatroz
7908141236513 - Guarda Roupa Solteiro 160cm com Espelho Doble Freijó/Titanium - Albatroz
7908816370238 - Guarda Roupa Solteiro 163cm Capelinha Artto A02 Off/Cinamomo - Mpozenato
7908816370245 - Guarda Roupa Solteiro 163cm Capelinha Artto A02 Cinamomo/Sálvia - Mpozenato
7908816370252 - Guarda Roupa Solteiro 163cm Capelinha Artto A02 Off/Freijó - Mpozenato
7908816370269 - Guarda Roupa Solteiro 103cm 4 Portas Dony A02 Off/Cinamomo - Mpozenato
7908816370276 - Guarda Roupa Solteiro 103cm 4 Portas Dony A02 Cinamomo - Mpozenato
7908816370283 - Guarda Roupa Solteiro 103cm 4 Portas Dony A02 Freijó/Titanium - Mpozenato
7908816370290 - Guarda Roupa Solteiro 103cm 4 Portas Dony Flex A02 Branco - Mpozenato
7908816370306 - Guarda Roupa Solteiro 103cm com Espelho Dony A02 Off/Cinamomo - Mpozenato
7908816370313 - Guarda Roupa Solteiro 103cm com Espelho Dony A02 Cinamomo - Mpozenato
7908816370320 - Guarda Roupa Solteiro 103cm com Espelho Dony A02 Freijó/Titanium - Mpozenato
7908816370337 - Guarda Roupa Solteiro 103cm com Espelho Dony Flex A02 Branco - Mpozenato
7908816370344 - Guarda Roupa Solteiro 154cm 6 Portas Dony A02 Off/Cinamomo - Mpozenato
7908816370351 - Guarda Roupa Solteiro 154cm 6 Portas Dony A02 Cinamomo - Mpozenato
7908816370368 - Guarda Roupa Solteiro 154cm 6 Portas Dony A02 Freijó/Titanium - Mpozenato
7908816370375 - Guarda Roupa Solteiro 154cm com Espelho Dony A02 Off/Cinamomo - Mpozenato
7908816370382 - Guarda Roupa Solteiro 154cm com Espelho Dony A02 Cinamomo - Mpozenato
7908816370399 - Guarda Roupa Solteiro 154cm com Espelho Dony A02 Freijó/Titanium - Mpozenato
7908816370405 - Guarda Roupa Cômoda com Espelho 103cm Maite A02 Off/Cinamomo - Mpozenato
7908816370412 - Guarda Roupa Cômoda com Espelho 103cm Maite A02 Cinamomo - Mpozenato
7908816370429 - Guarda Roupa Cômoda com Espelho 103cm Maite A02 Freijó/Titanium - Mpozenato
7908816370436 - Guarda Roupa Cômoda com Espelho 103cm Maite A02 Off/Freijó - Mpozenato
7908816370443 - Guarda Roupa Cômoda com Espelho 103cm Maite A02 Azul/Rosa/Titanium - Mpozenato
7908816370450 - Guarda Roupa Cômoda com Espelho 158cm Suiça A02 Branco - Mpozenato
7908816370467 - Guarda Roupa Cômoda com Espelho 158cm Suiça A02 Cinamomo - Mpozenato
7908816370474 - Guarda Roupa Cômoda com Espelho 158cm Suiça A02 Off/Cinamomo - Mpozenato
7908816370481 - Guarda Roupa Cômoda com Espelho 158cm Suiça A02 Off/Freijó - Mpozenato
7908141235363 - Cômoda Para Quarto 8 Gavetas 136cm Doble Flex Branco/Freijó - Albatroz
7908141232812 - Cômoda Para Quarto 8 Gavetas 136cm Doble Flex Off/Cinamomo - Albatroz
7908141235370 - Cômoda Para Quarto 8 Gavetas 136cm Doble Flex Off/Freijó - Albatroz
7908141235356 - Cômoda Para Quarto 8 Gavetas 136cm Doble Flex Freijó/Titanium - Albatroz
7908141236179 - Cômoda Para Quarto 1 Porta 125cm Ripada Duetto Off/Freijó - Albatroz
7908816370498 - Cômoda Para Quarto 2 Portas 124cm Ester A02 Branco - Mpozenato
7908816370504 - Cômoda Para Quarto 2 Portas 124cm Ester A02 Cinamomo - Mpozenato
7908816370511 - Cômoda Para Quarto 2 Portas 124cm Ester A02 Off/Cinamomo - Mpozenato
7908816370528 - Cômoda Para Quarto 2 Portas 124cm Ester A02 Freijó/Titanium - Mpozenato
7908816370535 - Cômoda Para Quarto 8 Gavetas 120cm Lynd A02 Branco/Freijó - Mpozenato
7908816370542 - Cômoda Para Quarto 8 Gavetas 120cm Lynd A02 Off/Cinamomo - Mpozenato
7908816370559 - Cômoda Para Quarto 8 Gavetas 120cm Lynd A02 Off/Freijó - Mpozenato
7908816370566 - Cômoda Para Quarto 120cm Tampo Vidro Lynd A02 Branco/Freijó - Mpozenato
7908816370573 - Cômoda Para Quarto 120cm Tampo Vidro Lynd A02 Off/Cinamomo - Mpozenato
7908816370580 - Cômoda Para Quarto 120cm Tampo Vidro Lynd A02 Off/Freijó - Mpozenato
7908141233574 - Cômoda Para Quarto 109cm 1 Porta Belize Plus Off/Cinamomo - Albatroz
7908141235981 - Cômoda Para Quarto 109cm 1 Porta Belize Plus Off/Freijó - Albatroz
7908816370597 - Cômoda Para Quarto 1 Porta 84cm Franci A02 Off/Cinamomo - Mpozenato
7908816370603 - Cômoda Para Quarto 1 Porta 84cm Franci A02 Cinamomo - Mpozenato
7908816370610 - Cômoda Para Quarto 1 Porta 84cm Franci A02 Freijó/Titanium - Mpozenato
7908816370627 - Cômoda Para Quarto 1 Porta 84cm Franci Flex A02 Branco - Mpozenato
7908141236117 - Cômoda Para Quarto 4 Gavetas 70cm Sole Flex Branco/Freijó - Albatroz
7908141233673 - Cômoda Para Quarto 4 Gavetas 70cm Sole Flex Off/Cinamomo - Albatroz
7908141236124 - Cômoda Para Quarto 4 Gavetas 70cm Sole Flex Off/Freijó - Albatroz
7908141236100 - Cômoda Para Quarto 4 Gavetas 70cm Sole Flex Freijó/Titanium - Albatroz
7908816370634 - Cômoda Para Quarto Com Penteadeira Laris A02 Branco - Mpozenato
7908816370641 - Cômoda Para Quarto Com Penteadeira Laris A02 Cinamomo - Mpozenato
7908816370658 - Cômoda Para Quarto Com Penteadeira Laris A02 Off/Cinamomo - Mpozenato
7908816370665 - Cômoda Para Quarto Com Penteadeira Laris A02 Off/Freijó - Mpozenato
7908816370672 - Cômoda Para Quarto 5 Gavetas 56cm Thais A02 Branco/Freijó - Mpozenato
7908816370689 - Cômoda Para Quarto 5 Gavetas 56cm Thais A02 Off/Cinamomo - Mpozenato
7908816370696 - Cômoda Para Quarto 5 Gavetas 56cm Thais A02 Off/Freijó - Mpozenato
7908816370702 - Cômoda Para Quarto 5 Gavetas 56cm Thais Flex A02 Branco - Mpozenato
7908141234632 - Mesa Escrivaninha 3 Gavetas Painel TV 40 Pol Doble Branco - Albatroz
7908141234649 - Mesa Escrivaninha 3 Gavetas Painel TV 40 Pol Doble Off/Cinamomo - Albatroz
7908816370719 - Painel TV 42 Pol Suspenso com Closet 108cm Mimo A02 Branco - Mpozenato
7908816370726 - Painel TV 42 Pol Suspenso com Closet 108cm Mimo A02 Off/Cinamomo - Mpozenato
7908816370733 - Penteadeira Camarim Escrivaninha com LED Sulla A02 Branco - Mpozenato
7908816370740 - Penteadeira Camarim Escrivaninha com LED Sulla A02 Off/Cinamomo - Mpozenato
7908816370757 - Penteadeira Escrivaninha com Espelho 129cm Mandi A02 Branco - Mpozenato
7908816370764 - Penteadeira Escrivaninha com Espelho 129cm Mandi A02 Off/Cinamomo - Mpozenato
7908816370771 - Penteadeira Camarim com LED 2 Portas Loli A02 Branco - Mpozenato
7908816370788 - Penteadeira Camarim com LED 2 Portas Loli A02 Off/Cinamomo - Mpozenato
7908816370863 - Rack Bancada Para TV 45 Pol 136cm Lucca Off White/Freijó C01 - Mpozenato
7908816370870 - Rack Bancada Para TV 45 Pol 136cm Lucca Areia/Freijó C01 - Mpozenato
7908816370887 - Rack Bancada Para TV 55 Pol 150cm Lucca Off White/Freijó C01 - Mpozenato
7908816370894 - Rack Bancada Para TV 55 Pol 150cm Lucca Areia/Freijó C01 - Mpozenato
7908816370900 - Rack Bancada Para TV 65 Pol 180cm Lucca Off White/Freijó C01 - Mpozenato
7908816370917 - Rack Bancada Para TV 65 Pol 180cm Lucca Areia/Freijó C01 - Mpozenato
7908816370924 - Painel TV 65 Pol Extensível 136cm até 180cm Lucca Off White C01 - Mpozenato
7908816370931 - Painel TV 65 Pol Extensível 136cm até 180cm Lucca Areia C01 - Mpozenato
7908816370948 - Balcão Buffet Sala de Jantar 179cm Lucca Off/Freijó C01 - Mpozenato
7908816370955 - Balcão Buffet Sala de Jantar 179cm Lucca Areia/Freijó C01 - Mpozenato
7908816370962 - Cristaleira Porta de Vidro Com LED 90cm Lucca Off/Freijó C01 - Mpozenato
7908816370979 - Cristaleira Porta de Vidro Com LED 90cm Lucca Areia/Freijó C01 - Mpozenato
7908816370986 - Painel Para TV 45 Pol e Rack Bancada 136cm Lucca Off/Freijó C01 - Mpozenato
7908816370993 - Painel Para TV 45 Pol e Rack Bancada 136cm Lucca Areia/Freijó C01 - Mpozenato
7908816371006 - Painel Para TV 55 Pol e Rack Bancada 150cm Lucca Off/Freijó C01 - Mpozenato
7908816371013 - Painel Para TV 55 Pol e Rack Bancada 150cm Lucca Areia/Freijó C01 - Mpozenato
7908816371020 - Painel Para TV 65 Pol e Rack Bancada 180cm Lucca Off/Freijó C01 - Mpozenato
7908816371037 - Painel Para TV 65 Pol e Rack Bancada 180cm Lucca Areia/Freijó C01 - Mpozenato
7908816371044 - Buffet Aparador e Cristaleira com LED Lucca Off White/Freijó C01 - Mpozenato
7908816371051 - Buffet Aparador e Cristaleira com LED Lucca Areia/Freijó C01 - Mpozenato
