=== Processamento em 12/08/2025 14:47:20 ===
Total de produtos: 34

Lista de produtos:
7901064702363 - Mini Cama Infantil 148x68cm Com Proteção Lateral Unicórnio K06 - Mpozenato
7901064702370 - Mini Cama Infantil 148x68cm Com Proteção Lateral Ursinhos K06 - Mpozenato
7901064702387 - Mini Cama Infantil 148x68cm Com Proteção Lateral Balões K06 - Mpozenato
7901064702394 - Mini Cama Infantil 148x68cm Com Proteção Lateral Aviador K06 - Mpozenato
7901064702400 - Mini Cama Infantil 148x68cm Com Proteção Lateral Dinossauro K06 - Mpozenato
7901064702417 - Mini Cama Infantil 148x68cm Com Proteção Lateral Circo K06 - Mpozenato
7901064702424 - Mini Cama Infantil 148x68cm Com Proteção Lateral Nuvens K06 - Mpozenato
7901064702431 - Mini Cama Infantil 148x68cm Com Proteção Lateral Futebol K06 - Mpozenato
7901064702448 - Cama Solteiro Infantil Para Colchão 188x88cm Unicórnio K06 - Mpozenato
7901064702455 - Cama Solteiro Infantil Para Colchão 188x88cm Ursinhos K06 - Mpozenato
7901064702462 - Cama Solteiro Infantil Para Colchão 188x88cm Balões K06 - Mpozenato
7901064702479 - Cama Solteiro Infantil Para Colchão 188x88cm Aviador K06 - Mpozenato
7901064702486 - Cama Solteiro Infantil Para Colchão 188x88cm Dinossauro K06 - Mpozenato
7901064702493 - Cama Solteiro Infantil Para Colchão 188x88cm Circo K06 - Mpozenato
7901064702509 - Cama Solteiro Infantil Para Colchão 188x88cm Nuvens K06 - Mpozenato
7901064702516 - Cama Solteiro Infantil Para Colchão 188x88cm Futebol K06 - Mpozenato
7901064702523 - Cama Solteiro Infantil Com Auxiliar 188x88cm Unicórnio K06 - Mpozenato
7901064702530 - Cama Solteiro Infantil Com Auxiliar 188x88cm Ursinhos K06 - Mpozenato
7901064702547 - Cama Solteiro Infantil Com Auxiliar 188x88cm Balões K06 - Mpozenato
7901064702554 - Cama Solteiro Infantil Com Auxiliar 188x88cm Aviador K06 - Mpozenato
7901064702561 - Cama Solteiro Infantil Com Auxiliar 188x88cm Dinossauro K06 - Mpozenato
7901064702578 - Cama Solteiro Infantil Com Auxiliar 188x88cm Circo K06 - Mpozenato
7901064702585 - Cama Solteiro Infantil Com Auxiliar 188x88cm Nuvens K06 - Mpozenato
7901064702592 - Cama Solteiro Infantil Com Auxiliar 188x88cm Futebol K06 - Mpozenato
7901064702608 - Cama Solteiro Infantil Baixa Para Colchão 188x88cm Unicórnio K06 - Mpozenato
7901064702615 - Cama Solteiro Infantil Baixa Para Colchão 188x88cm Ursinhos K06 - Mpozenato
7901064702622 - Cama Solteiro Infantil Baixa Para Colchão 188x88cm Balões K06 - Mpozenato
7901064702639 - Cama Solteiro Infantil Baixa Para Colchão 188x88cm Aviador K06 - Mpozenato
7901064702646 - Cama Solteiro Infantil Baixa Para Colchão 188x88cm Dinossauro K06 - Mpozenato
7901064702653 - Cama Solteiro Infantil Baixa Para Colchão 188x88cm Circo K06 - Mpozenato
7901064702660 - Cama Solteiro Infantil Baixa Para Colchão 188x88cm Nuvens K06 - Mpozenato
7901064702677 - Cama Solteiro Infantil Baixa Para Colchão 188x88cm Futebol K06 - Mpozenato
7901064702684 - Cama Solteiro Infantil Baixa Para Colchão 188x88cm Policial K06 - Mpozenato
7901064702691 - Cama Solteiro Infantil Baixa Para Colchão 188x88cm Trenzinho K06 - Mpozenato
