=== Processamento em 12/08/2025 09:07:45 ===
Total de produtos: 372

Lista de produtos:
7908816396382 - MOD 80 C/BRA ESQ BENFICA/ELIOS CR BEGE - COMPONENTE
7908816396399 - MOD 80 C/BRA ESQ BENFICA/ELIOS CR MRM - COMPONENTE
7908816396405 - MOD 80 C/BRA ESQ BENFICA/ELIOS CR PRETO - COMPONENTE
7908816396412 - MOD 90 C/BRA ESQ BENFICA/ELIOS CR BEGE - COMPONENTE
7908816396429 - MOD 90 C/BRA ESQ BENFICA/ELIOS CR MRM - COMPONENTE
7908816396436 - MOD 90 C/BRA ESQ BENFICA/ELIOS CR PRETO - COMPONENTE
7908816396443 - MOD 100 C/BRA ESQ BENFICA/ELIOS CR BEGE - COMPONENTE
7908816396450 - MOD 100 C/BRA ESQ BENFICA/ELIOS CR MRM - COMPONENTE
7908816396467 - MOD 100 C/BRA ESQ BENFICA/ELIOS CR PRETO - COMPONENTE
7908816396474 - MOD 110 C/BRA ESQ BENFICA/ELIOS CR BEGE - COMPONENTE
7908816396481 - MOD 110 C/BRA ESQ BENFICA/ELIOS CR MRM - COMPONENTE
7908816396498 - MOD 110 C/BRA ESQ BENFICA/ELIOS CR PRETO - COMPONENTE
7908816396504 - MOD 120 C/BRA ESQ BENFICA/ELIOS CR BEGE - COMPONENTE
7908816396511 - MOD 120 C/BRA ESQ BENFICA/ELIOS CR MRM - COMPONENTE
7908816396528 - MOD 120 C/BRA ESQ BENFICA/ELIOS CR PRETO - COMPONENTE
7908816396535 - MOD 80 C/BRA DTO BENFICA/ELIOS CR BEGE - COMPONENTE
7908816396542 - MOD 80 C/BRA DTO BENFICA/ELIOS CR MRM - COMPONENTE
7908816396559 - MOD 80 C/BRA DTO BENFICA/ELIOS CR PRETO - COMPONENTE
7908816396566 - MOD 90 C/BRA DTO BENFICA/ELIOS CR BEGE - COMPONENTE
7908816396573 - MOD 90 C/BRA DTO BENFICA/ELIOS CR MRM - COMPONENTE
7908816396580 - MOD 90 C/BRA DTO BENFICA/ELIOS CR PRETO - COMPONENTE
7908816396597 - MOD 100 C/BRA DTO BENFICA/ELIOS CR BEGE - COMPONENTE
7908816396603 - MOD 100 C/BRA DTO BENFICA/ELIOS CR MRM - COMPONENTE
7908816396610 - MOD 100 C/BRA DTO BENFICA/ELIOS CR PRETO - COMPONENTE
7908816396627 - MOD 110 C/BRA DTO BENFICA/ELIOS CR BEGE - COMPONENTE
7908816396634 - MOD 110 C/BRA DTO BENFICA/ELIOS CR MRM - COMPONENTE
7908816396641 - MOD 110 C/BRA DTO BENFICA/ELIOS CR PRETO - COMPONENTE
7908816396658 - MOD 120 C/BRA DTO BENFICA/ELIOS CR BEGE - COMPONENTE
7908816396665 - MOD 120 C/BRA DTO BENFICA/ELIOS CR MRM - COMPONENTE
7908816396672 - MOD 120 C/BRA DTO BENFICA/ELIOS CR PRETO - COMPONENTE
7908816396689 - MOD 80 C/BRA ESQ DALLAS/SOREN CR BEGE - COMPONENTE
7908816396696 - MOD 80 C/BRA ESQ DALLAS/SOREN CR MARROM - COMPONENTE
7908816396702 - MOD 80 C/BRA ESQ DALLAS/SOREN CR PRETO - COMPONENTE
7908816396719 - MOD 90 C/BRA ESQ DALLAS/SOREN CR BEGE - COMPONENTE
7908816396726 - MOD 90 C/BRA ESQ DALLAS/SOREN CR MARROM - COMPONENTE
7908816396733 - MOD 90 C/BRA ESQ DALLAS/SOREN CR PRETO - COMPONENTE
7908816396740 - MOD 100 C/BRA ESQ DALLAS/SOREN CR BEGE - COMPONENTE
7908816396757 - MOD 100 C/BRA ESQ DALLAS/SOREN CR MARROM - COMPONENTE
7908816396764 - MOD 100 C/BRA ESQ DALLAS/SOREN CR PRETO - COMPONENTE
7908816396771 - MOD 110 C/BRA ESQ DALLAS/SOREN CR BEGE - COMPONENTE
7908816396788 - MOD 110 C/BRA ESQ DALLAS/SOREN CR MARROM - COMPONENTE
7908816396795 - MOD 110 C/BRA ESQ DALLAS/SOREN CR PRETO - COMPONENTE
7908816396801 - MOD 120 C/BRA ESQ DALLAS/SOREN CR BEGE - COMPONENTE
7908816396818 - MOD 120 C/BRA ESQ DALLAS/SOREN CR MARROM - COMPONENTE
7908816396825 - MOD 120 C/BRA ESQ DALLAS/SOREN CR PRETO - COMPONENTE
7908816396832 - MOD 80 C/BRA DTO DALLAS/SOREN CR BEGE - COMPONENTE
7908816396849 - MOD 80 C/BRA DTO DALLAS/SOREN CR MARROM - COMPONENTE
7908816396856 - MOD 80 C/BRA DTO DALLAS/SOREN CR PRETO - COMPONENTE
7908816396863 - MOD 90 C/BRA DTO DALLAS/SOREN CR BEGE - COMPONENTE
7908816396870 - MOD 90 C/BRA DTO DALLAS/SOREN CR MARROM - COMPONENTE
7908816396887 - MOD 90 C/BRA DTO DALLAS/SOREN CR PRETO - COMPONENTE
7908816396894 - MOD 100 C/BRA DTO DALLAS/SOREN CR BEGE - COMPONENTE
7908816396900 - MOD 100 C/BRA DTO DALLAS/SOREN CR MARROM - COMPONENTE
7908816396917 - MOD 100 C/BRA DTO DALLAS/SOREN CR PRETO - COMPONENTE
7908816396924 - MOD 110 C/BRA DTO DALLAS/SOREN CR BEGE - COMPONENTE
7908816396931 - MOD 110 C/BRA DTO DALLAS/SOREN CR MARROM - COMPONENTE
7908816396948 - MOD 110 C/BRA DTO DALLAS/SOREN CR PRETO - COMPONENTE
7908816396955 - MOD 120 C/BRA DTO DALLAS/SOREN CR BEGE - COMPONENTE
7908816396962 - MOD 120 C/BRA DTO DALLAS/SOREN CR MARROM - COMPONENTE
7908816396979 - MOD 120 C/BRA DTO DALLAS/SOREN CR PRETO - COMPONENTE
7908816396986 - MOD 80 C/BRA ESQ DUBAI/YUME LINHO BEGE - COMPONENTE
7908816396993 - MOD 80 C/BRA ESQ DUBAI/YUME BOUCLE OFF - COMPONENTE
7908816397006 - MOD 80 C/BRA ESQ DUBAI/YUME SUEDE BEGE - COMPONENTE
7908816397013 - MOD 90 C/BRA ESQ DUBAI/YUME LINHO BEGE - COMPONENTE
7908816397020 - MOD 90 C/BRA ESQ DUBAI/YUME BOUCLE OFF - COMPONENTE
7908816397037 - MOD 90 C/BRA ESQ DUBAI/YUME SUEDE BEGE - COMPONENTE
7908816397044 - MOD 100 C/BRA ESQ DUBAI/YUME LINHO BEGE - COMPONENTE
7908816397051 - MOD 100 C/BRA ESQ DUBAI/YUME BOUCLE OFF - COMPONENTE
7908816397068 - MOD 100 C/BRA ESQ DUBAI/YUME SUEDE BEGE - COMPONENTE
7908816397075 - MOD 110 C/BRA ESQ DUBAI/YUME LINHO BEGE - COMPONENTE
7908816397082 - MOD 110 C/BRA ESQ DUBAI/YUME BOUCLE OFF - COMPONENTE
7908816397099 - MOD 110 C/BRA ESQ DUBAI/YUME SUEDE BEGE - COMPONENTE
7908816397105 - MOD 120 C/BRA ESQ DUBAI/YUME LINHO BEGE - COMPONENTE
7908816397112 - MOD 120 C/BRA ESQ DUBAI/YUME BOUCLE OFF - COMPONENTE
7908816397129 - MOD 120 C/BRA ESQ DUBAI/YUME SUEDE BEGE - COMPONENTE
7908816397136 - MOD 80 C/BRA DTO DUBAI/YUME LINHO BEGE - COMPONENTE
7908816397143 - MOD 80 C/BRA DTO DUBAI/YUME BOUCLE OFF - COMPONENTE
7908816397150 - MOD 80 C/BRA DTO DUBAI/YUME SUEDE BEGE - COMPONENTE
7908816397167 - MOD 90 C/BRA DTO DUBAI/YUME LINHO BEGE - COMPONENTE
7908816397174 - MOD 90 C/BRA DTO DUBAI/YUME BOUCLE OFF - COMPONENTE
7908816397181 - MOD 90 C/BRA DTO DUBAI/YUME SUEDE BEGE - COMPONENTE
7908816397198 - MOD 100 C/BRA DTO DUBAI/YUME LINHO BEGE - COMPONENTE
7908816397204 - MOD 100 C/BRA DTO DUBAI/YUME BOUCLE OFF - COMPONENTE
7908816397211 - MOD 100 C/BRA DTO DUBAI/YUME SUEDE BEGE - COMPONENTE
7908816397228 - MOD 110 C/BRA DTO DUBAI/YUME LINHO BEGE - COMPONENTE
7908816397235 - MOD 110 C/BRA DTO DUBAI/YUME BOUCLE OFF - COMPONENTE
7908816397242 - MOD 110 C/BRA DTO DUBAI/YUME SUEDE BEGE - COMPONENTE
7908816397259 - MOD 120 C/BRA DTO DUBAI/YUME LINHO BEGE - COMPONENTE
7908816397266 - MOD 120 C/BRA DTO DUBAI/YUME BOUCLE OFF - COMPONENTE
7908816397273 - MOD 120 C/BRA DTO DUBAI/YUME SUEDE BEGE - COMPONENTE
7908816397280 - MOD 80 C/BRA ESQ ESTOCOLMO/LYOR LNH OFF - COMPONENTE
7908816397297 - MOD 80 C/BRA ESQ ESTOCOLMO/LYOR BCL BRANCO - COMPONENTE
7908816397303 - MOD 80 C/BRA ESQ ESTOCOLMO/LYOR SD BEGE - COMPONENTE
7908816397310 - MOD 90 C/BRA ESQ ESTOCOLMO/LYOR LNH OFF - COMPONENTE
7908816397327 - MOD 90 C/BRA ESQ ESTOCOLMO/LYOR BCL BRANCO - COMPONENTE
7908816397334 - MOD 90 C/BRA ESQ ESTOCOLMO/LYOR SD BEGE - COMPONENTE
7908816397341 - MOD 100 C/BRA ESQ ESTOCOLMO/LYOR LNH OFF - COMPONENTE
7908816397358 - MOD 100 C/BRA ESQ ESTOCOLMO/LYOR BCL BRANCO - COMPONENTE
7908816397365 - MOD 100 C/BRA ESQ ESTOCOLMO/LYOR SD BEGE - COMPONENTE
7908816397372 - MOD 110 C/BRA ESQ ESTOCOLMO/LYOR LNH OFF - COMPONENTE
7908816397389 - MOD 110 C/BRA ESQ ESTOCOLMO/LYOR BCL BRANCO - COMPONENTE
7908816397396 - MOD 110 C/BRA ESQ ESTOCOLMO/LYOR SD BEGE - COMPONENTE
7908816397402 - MOD 120 C/BRA ESQ ESTOCOLMO/LYOR LNH OFF - COMPONENTE
7908816397419 - MOD 120 C/BRA ESQ ESTOCOLMO/LYOR BCL BRANCO - COMPONENTE
7908816397426 - MOD 120 C/BRA ESQ ESTOCOLMO/LYOR SD BEGE - COMPONENTE
7908816397433 - MOD 80 C/BRA DTO ESTOCOLMO/LYOR LNH OFF - COMPONENTE
7908816397440 - MOD 80 C/BRA DTO ESTOCOLMO/LYOR BCL BRANCO - COMPONENTE
7908816397457 - MOD 80 C/BRA DTO ESTOCOLMO/LYOR SD BEGE - COMPONENTE
7908816397464 - MOD 90 C/BRA DTO ESTOCOLMO/LYOR LNH OFF - COMPONENTE
7908816397471 - MOD 90 C/BRA DTO ESTOCOLMO/LYOR BCL BRANCO - COMPONENTE
7908816397488 - MOD 90 C/BRA DTO ESTOCOLMO/LYOR SD BEGE - COMPONENTE
7908816397495 - MOD 100 C/BRA DTO ESTOCOLMO/LYOR LNH OFF - COMPONENTE
7908816397501 - MOD 100 C/BRA DTO ESTOCOLMO/LYOR BCL BRANCO - COMPONENTE
7908816397518 - MOD 100 C/BRA DTO ESTOCOLMO/LYOR SD BEGE - COMPONENTE
7908816397525 - MOD 110 C/BRA DTO ESTOCOLMO/LYOR LNH OFF - COMPONENTE
7908816397532 - MOD 110 C/BRA DTO ESTOCOLMO/LYOR BCL BRANCO - COMPONENTE
7908816397549 - MOD 110 C/BRA DTO ESTOCOLMO/LYOR SD BEGE - COMPONENTE
7908816397556 - MOD 120 C/BRA DTO ESTOCOLMO/LYOR LNH OFF - COMPONENTE
7908816397563 - MOD 120 C/BRA DTO ESTOCOLMO/LYOR BCL BRANCO - COMPONENTE
7908816397570 - MOD 120 C/BRA DTO ESTOCOLMO/LYOR SD BEGE - COMPONENTE
7908816397587 - PUFF 90CM ESTOCOLMO/LYOR LINHO OFF - COMPONENTE WHITE
7908816397594 - PUFF 90CM ESTOCOLMO/LYOR BOUCLE BRANCO - COMPONENTE
7908816397600 - PUFF 90CM ESTOCOLMO/LYOR SUEDE BEGE - COMPONENTE
7908816397617 - MOD 2 ASS 80 C/BRA KYOTO/EKO CR BEGE - COMPONENTE
7908816397624 - MOD 2 ASS 80 C/BRA KYOTO/EKO CR MRM - COMPONENTE
7908816397631 - MOD 2 ASS 80 C/BRA KYOTO/EKO CR PRETO - COMPONENTE
7908816397648 - MOD 2 ASS 90 C/BRA KYOTO/EKO CR BEGE - COMPONENTE
7908816397655 - MOD 2 ASS 90 C/BRA KYOTO/EKO CR MRM - COMPONENTE
7908816397662 - MOD 2 ASS 90 C/BRA KYOTO/EKO CR PRETO - COMPONENTE
7908816397679 - MOD 2 ASS 100 C/BRA KYOTO/EKO CR BEGE - COMPONENTE
7908816397686 - MOD 2 ASS 100 C/BRA KYOTO/EKO CR MRM - COMPONENTE
7908816397693 - MOD 2 ASS 100 C/BRA KYOTO/EKO CR PRETO - COMPONENTE
7908816397709 - MOD 2 ASS 110 C/BRA ESQ KYOTO/EKO CR BEGE - COMPONENTE
7908816397716 - MOD 2 ASS 110 C/BRA ESQ KYOTO/EKO CR MRM - COMPONENTE
7908816397723 - MOD 2 ASS 110 C/BRA ESQ KYOTO/EKO CR PRETO - COMPONENTE
7908816397730 - MOD 2 ASS 120 C/BRA ESQ KYOTO/EKO CR BEGE - COMPONENTE
7908816397747 - MOD 2 ASS 120 C/BRA ESQ KYOTO/EKO CR MRM - COMPONENTE
7908816397754 - MOD 2 ASS 120 C/BRA ESQ KYOTO/EKO CR PRETO - COMPONENTE
7908816397761 - MOD 2 ASS 80 C/BRA DTO KYOTO/EKO CR BEGE - COMPONENTE
7908816397778 - MOD 2 ASS 80 C/BRA DTO KYOTO/EKO CR MRM - COMPONENTE
7908816397785 - MOD 2 ASS 80 C/BRA DTO KYOTO/EKO CR PRETO - COMPONENTE
7908816397792 - MOD 2 ASS 90 C/BRA DTO KYOTO/EKO CR BEGE - COMPONENTE
7908816397808 - MOD 2 ASS 90 C/BRA DTO KYOTO/EKO CR MRM - COMPONENTE
7908816397815 - MOD 2 ASS 90 C/BRA DTO KYOTO/EKO CR PRETO - COMPONENTE
7908816397822 - MOD 2 ASS 100 C/BRA DTO KYOTO/EKO CR BEGE - COMPONENTE
7908816397839 - MOD 2 ASS 100 C/BRA DTO KYOTO/EKO CR MRM - COMPONENTE
7908816397846 - MOD 2 ASS 100 C/BRA DTO KYOTO/EKO CR PRETO - COMPONENTE
7908816397853 - MOD 2 ASS 110 C/BRA DTO KYOTO/EKO CR BEGE - COMPONENTE
7908816397860 - MOD 2 ASS 110 C/BRA DTO KYOTO/EKO CR MRM - COMPONENTE
7908816397877 - MOD 2 ASS 110 C/BRA DTO KYOTO/EKO CR PRETO - COMPONENTE
7908816397884 - MOD 2 ASS 120 C/BRA DTO KYOTO/EKO CR BEGE - COMPONENTE
7908816397891 - MOD 2 ASS 120 C/BRA DTO KYOTO/EKO CR MRM - COMPONENTE
7908816397907 - MOD 2 ASS 120 C/BRA DTO KYOTO/EKO CR PRETO - COMPONENTE
7908816397914 - MOD CHAISE 100 C/BRA ESQ KYOTO/EKO CR BEGE - COMPONENTE
7908816397921 - MOD CHAI 100 C/BRA ESQ KYOTO/EKO CR MRM - COMPONENTE
7908816397938 - MOD CHAI 100 C/BRA ESQ KYOTO/EKO CR PRETO - COMPONENTE
7908816397945 - MOD CHAI 100 C/BRA DTO KYOTO/EKO CR BEGE - COMPONENTE
7908816397952 - MOD CHAI 100 C/BRA DTO KYOTO/EKO CR MRM - COMPONENTE
7908816397969 - MOD CHAI 100 C/BRA DTO KYOTO/EKO CR PRETO - COMPONENTE
7908816397976 - MOD 80 C/BRA ESQ RIADE/RAVEL LINHO BEGE - COMPONENTE
7908816397983 - MOD 80 C/BRA ESQ RIADE/RAVEL BOUCLE OFF - COMPONENTE
7908816397990 - MOD 80 C/BRA ESQ RIADE/RAVEL SUEDE BEGE - COMPONENTE
7908816398003 - MOD 90 C/BRA ESQ RIADE/RAVEL LINHO BEGE - COMPONENTE
7908816398010 - MOD 90 C/BRA ESQ RIADE/RAVEL BOUCLE OFF - COMPONENTE
7908816398027 - MOD 90 C/BRA ESQ RIADE/RAVEL SUEDE BEGE - COMPONENTE
7908816398034 - MOD 100 C/BRA ESQ RIADE/RAVEL LINHO BEGE - COMPONENTE
7908816398041 - MOD 100 C/BRA ESQ RIADE/RAVEL BOUCLE OFF - COMPONENTE
7908816398058 - MOD 100 C/BRA ESQ RIADE/RAVEL SUEDE BEGE - COMPONENTE
7908816398065 - MOD 110 C/BRA ESQ RIADE/RAVEL LINHO BEGE - COMPONENTE
7908816398072 - MOD 110 C/BRA ESQ RIADE/RAVEL BOUCLE OFF - COMPONENTE
7908816398089 - MOD 110 C/BRA ESQ RIADE/RAVEL SUEDE BEGE - COMPONENTE
7908816398096 - MOD 120 C/BRA ESQ RIADE/RAVEL LINHO BEGE - COMPONENTE
7908816398102 - MOD 120 C/BRA ESQ RIADE/RAVEL BOUCLE OFF - COMPONENTE
7908816398119 - MOD 120 C/BRA ESQ RIADE/RAVEL SUEDE BEGE - COMPONENTE
7908816398126 - MOD 80 C/BRA DTO RIADE/RAVEL LINHO BEGE - COMPONENTE
7908816398133 - MOD 80 C/BRA DTO RIADE/RAVEL BOUCLE OFF - COMPONENTE
7908816398140 - MOD 80 C/BRA DTO RIADE/RAVEL SUEDE BEGE - COMPONENTE
7908816398157 - MOD 90 C/BRA DTO RIADE/RAVEL LINHO BEGE - COMPONENTE
7908816398164 - MOD 90 C/BRA DTO RIADE/RAVEL BOUCLE OFF - COMPONENTE
7908816398171 - MOD 90 C/BRA DTO RIADE/RAVEL SUEDE BEGE - COMPONENTE
7908816398188 - MOD 100 C/BRA DTO RIADE/RAVEL LINHO BEGE - COMPONENTE
7908816398195 - MOD 100 C/BRA DTO RIADE/RAVEL BOUCLE OFF - COMPONENTE
7908816398201 - MOD 100 C/BRA DTO RIADE/RAVEL SUEDE BEGE - COMPONENTE
7908816398218 - MOD 110 C/BRA DTO RIADE/RAVEL LINHO BEGE - COMPONENTE
7908816398225 - MOD 110 C/BRA DTO RIADE/RAVEL BOUCLE OFF - COMPONENTE
7908816398232 - MOD 110 C/BRA DTO RIADE/RAVEL SUEDE BEGE - COMPONENTE
7908816398249 - MOD 120 C/BRA DTO RIADE/RAVEL LINHO BEGE - COMPONENTE
7908816398256 - MOD 120 C/BRA DTO RIADE/RAVEL BOUCLE OFF - COMPONENTE
7908816398263 - MOD 120 C/BRA DTO RIADE/RAVEL SUEDE BEGE - COMPONENTE
7908816398270 - MOD 80 CENTRAL RIADE/RAVEL LINHO BEGE - COMPONENTE
7908816398287 - MOD 80 CENTRAL RIADE/RAVEL BOUCLE OFF - COMPONENTE
7908816398294 - MOD 80 CENTRAL RIADE/RAVEL SUEDE BEGE - COMPONENTE
7908816398300 - MOD 90 CENTRAL RIADE/RAVEL LINHO BEGE - COMPONENTE
7908816398317 - MOD 90 CENTRAL RIADE/RAVEL BOUCLE OFF - COMPONENTE
7908816398324 - MOD 90 CENTRAL RIADE/RAVEL SUEDE BEGE - COMPONENTE
7908816398331 - MOD 100 CENTRAL RIADE/RAVEL LINHO BEGE - COMPONENTE
7908816398348 - MOD 100 CENTRAL RIADE/RAVEL BOUCLE OFF - COMPONENTE
7908816398355 - MOD 100 CENTRAL RIADE/RAVEL SUEDE BEGE - COMPONENTE
7908816398362 - MOD 110 CENTRAL RIADE/RAVEL LINHO BEGE - COMPONENTE
7908816398379 - MOD 110 CENTRAL RIADE/RAVEL BOUCLE OFF - COMPONENTE
7908816398386 - MOD 110 CENTRAL RIADE/RAVEL SUEDE BEGE - COMPONENTE
7908816398393 - MOD 120 CENTRAL RIADE/RAVEL LINHO BEGE - COMPONENTE
7908816398409 - MOD 120 CENTRAL RIADE/RAVEL BOUCLE OFF - COMPONENTE
7908816398416 - MOD 120 CENTRAL RIADE/RAVEL SUEDE BEGE - COMPONENTE
7908816398423 - PUFF 105 CM RIADE/RAVEL LINHO BEGE - COMPONENTE
7908816398430 - PUFF 105 CM RIADE/RAVEL BOUCLE OFF - COMPONENTE
7908816398447 - PUFF 105 CM RIADE/RAVEL SUEDE BEGE - COMPONENTE
7908816398454 - MOD 80 ESQ XANGAI/NAGAI LINHO BEGE - COMPONENTE
7908816398461 - MOD 80 ESQ XANGAI/NAGAI BOUCLE OFF - COMPONENTE
7908816398478 - MOD 80 ESQ XANGAI/NAGAI SUEDE BEGE - COMPONENTE
7908816398485 - MOD 90 ESQ XANGAI/NAGAI LINHO BEGE - COMPONENTE
7908816398492 - MOD 90 ESQ XANGAI/NAGAI BOUCLE OFF - COMPONENTE
7908816398508 - MOD 90 ESQ XANGAI/NAGAI SUEDE BEGE - COMPONENTE
7908816398515 - MOD 100 ESQ XANGAI/NAGAI LINHO BEGE - COMPONENTE
7908816398522 - MOD 100 ESQ XANGAI/NAGAI BOUCLE OFF - COMPONENTE
7908816398539 - MOD 100 ESQ XANGAI/NAGAI SUEDE BEGE - COMPONENTE
7908816398546 - MOD 110 ESQ XANGAI/NAGAI LINHO BEGE - COMPONENTE
7908816398553 - MOD 110 ESQ XANGAI/NAGAI BOUCLE OFF - COMPONENTE
7908816398560 - MOD 110 ESQ XANGAI/NAGAI SUEDE BEGE - COMPONENTE
7908816398577 - MOD 120 ESQ XANGAI/NAGAI LINHO BEGE - COMPONENTE
7908816398584 - MOD 120 ESQ XANGAI/NAGAI BOUCLE OFF - COMPONENTE
7908816398591 - MOD 120 ESQ XANGAI/NAGAI SUEDE BEGE - COMPONENTE
7908816398607 - MOD 80 DTO XANGAI/NAGAI LINHO BEGE - COMPONENTE
7908816398614 - MOD 80 DTO XANGAI/NAGAI BOUCLE OFF - COMPONENTE
7908816398621 - MOD 80 DTO XANGAI/NAGAI SUEDE BEGE - COMPONENTE
7908816398638 - MOD 90 DTO XANGAI/NAGAI LINHO BEGE - COMPONENTE
7908816398645 - MOD 90 DTO XANGAI/NAGAI BOUCLE OFF - COMPONENTE
7908816398652 - MOD 90 DTO XANGAI/NAGAI SUEDE BEGE - COMPONENTE
7908816398669 - MOD 100 DTO XANGAI/NAGAI LINHO BEGE - COMPONENTE
7908816398676 - MOD 100 DTO XANGAI/NAGAI BOUCLE OFF - COMPONENTE
7908816398683 - MOD 100 DTO XANGAI/NAGAI SUEDE BEGE - COMPONENTE
7908816398690 - MOD 110 DTO XANGAI/NAGAI LINHO BEGE - COMPONENTE
7908816398706 - MOD 110 DTO XANGAI/NAGAI BOUCLE OFF - COMPONENTE
7908816398713 - MOD 110 DTO XANGAI/NAGAI SUEDE BEGE - COMPONENTE
7908816398720 - MOD 120 DTO XANGAI/NAGAI LINHO BEGE - COMPONENTE
7908816398737 - MOD 120 DTO XANGAI/NAGAI BOUCLE OFF - COMPONENTE
7908816398744 - MOD 120 DTO XANGAI/NAGAI SUEDE BEGE - COMPONENTE
7908816398751 - Sofá Retrátil 2 Lugares Para Sala 184cm Elios Couro Bege Z55 - Mpozenato
7908816398768 - Sofá Retrátil 2 Lugares Para Sala 184cm Elios Couro Marrom Z55 - Mpozenato
7908816398775 - Sofá Retrátil 2 Lugares Para Sala 184cm Elios Couro Preto Z55 - Mpozenato
7908816398782 - Sofá Retrátil 3 Lugares Para Sala 204cm Elios Couro Bege Z55 - Mpozenato
7908816398799 - Sofá Retrátil 3 Lugares Para Sala 204cm Elios Couro Marrom Z55 - Mpozenato
7908816398805 - Sofá Retrátil 3 Lugares Para Sala 204cm Elios Couro Preto Z55 - Mpozenato
7908816398812 - Sofá Retrátil 3 Lugares Para Sala 224cm Elios Couro Bege Z55 - Mpozenato
7908816398829 - Sofá Retrátil 3 Lugares Para Sala 224cm Elios Couro Marrom Z55 - Mpozenato
7908816398836 - Sofá Retrátil 3 Lugares Para Sala 224cm Elios Couro Preto Z55 - Mpozenato
7908816398843 - Sofá Retrátil 3 Lugares Para Sala 244cm Elios Couro Bege Z55 - Mpozenato
7908816398850 - Sofá Retrátil 3 Lugares Para Sala 244cm Elios Couro Marrom Z55 - Mpozenato
7908816398867 - Sofá Retrátil 3 Lugares Para Sala 244cm Elios Couro Preto Z55 - Mpozenato
7908816398874 - Sofá Retrátil 4 Lugares Para Sala 264cm Elios Couro Bege Z55 - Mpozenato
7908816398881 - Sofá Retrátil 4 Lugares Para Sala 264cm Elios Couro Marrom Z55 - Mpozenato
7908816398898 - Sofá Retrátil 4 Lugares Para Sala 264cm Elios Couro Preto Z55 - Mpozenato
7908816398904 - Sofá 2 Lugares Living 190cm Pé Ferro Soren Couro Bege Z55 - Mpozenato
7908816398911 - Sofá 2 Lugares Living 190cm Pé Ferro Soren Couro Marrom Z55 - Mpozenato
7908816398928 - Sofá 2 Lugares Living 190cm Pé Ferro Soren Couro Preto Z55 - Mpozenato
7908816398935 - Sofá 3 Lugares Living 210cm Pé Ferro Soren Couro Bege Z55 - Mpozenato
7908816398942 - Sofá 3 Lugares Living 210cm Pé Ferro Soren Couro Marrom Z55 - Mpozenato
7908816398959 - Sofá 3 Lugares Living 210cm Pé Ferro Soren Couro Preto Z55 - Mpozenato
7908816398966 - Sofá 3 Lugares Living 230cm Pé Ferro Soren Couro Bege Z55 - Mpozenato
7908816398973 - Sofá 3 Lugares Living 230cm Pé Ferro Soren Couro Marrom Z55 - Mpozenato
7908816398980 - Sofá 3 Lugares Living 230cm Pé Ferro Soren Couro Preto Z55 - Mpozenato
7908816398997 - Sofá 3 Lugares Living 250cm Pé Ferro Soren Couro Bege Z55 - Mpozenato
7908816399000 - Sofá 3 Lugares Living 250cm Pé Ferro Soren Couro Marrom Z55 - Mpozenato
7908816399017 - Sofá 3 Lugares Living 250cm Pé Ferro Soren Couro Preto Z55 - Mpozenato
7908816399024 - Sofá 4 Lugares Living 270cm Pé Ferro Soren Couro Bege Z55 - Mpozenato
7908816399031 - Sofá 4 Lugares Living 270cm Pé Ferro Soren Couro Marrom Z55 - Mpozenato
7908816399048 - Sofá 4 Lugares Living 270cm Pé Ferro Soren Couro Preto Z55 - Mpozenato
7908816399055 - Sofá 2 Lugares 212cm Orgânico Pé Madeira Yume Linho Bege Z55 - Mpozenato
7908816399062 - Sofá 2 Lugares 212cm Orgânico Pé Madeira Yume Bouclê Off White Z55 - Mpozenato
7908816399079 - Sofá 2 Lugares 212cm Orgânico Pé Madeira Yume Suede Bege Z55 - Mpozenato
7908816399086 - Sofá 3 Lugares 232cm Orgânico Pé Madeira Yume Linho Bege Z55 - Mpozenato
7908816399093 - Sofá 3 Lugares 232cm Orgânico Pé Madeira Yume Bouclê Off White Z55 - Mpozenato
7908816399109 - Sofá 3 Lugares 232cm Orgânico Pé Madeira Yume Suede Bege Z55 - Mpozenato
7908816399116 - Sofá 3 Lugares 252cm Orgânico Pé Madeira Yume Linho Bege Z55 - Mpozenato
7908816399123 - Sofá 3 Lugares 252cm Orgânico Pé Madeira Yume Bouclê Off White Z55 - Mpozenato
7908816399130 - Sofá 3 Lugares 252cm Orgânico Pé Madeira Yume Suede Bege Z55 - Mpozenato
7908816399147 - Sofá 3 Lugares 272cm Orgânico Pé Madeira Yume Linho Bege Z55 - Mpozenato
7908816399154 - Sofá 3 Lugares 272cm Orgânico Pé Madeira Yume Bouclê Off White Z55 - Mpozenato
7908816399161 - Sofá 3 Lugares 272cm Orgânico Pé Madeira Yume Suede Bege Z55 - Mpozenato
7908816399178 - Sofá 4 Lugares 292cm Orgânico Pé Madeira Yume Linho Bege Z55 - Mpozenato
7908816399185 - Sofá 4 Lugares 292cm Orgânico Pé Madeira Yume Bouclê Off White Z55 - Mpozenato
7908816399192 - Sofá 4 Lugares 292cm Orgânico Pé Madeira Yume Suede Bege Z55 - Mpozenato
7908816399208 - Sofá 3 Lugares Com Puff 212cm Orgânico Lyor Linho Bege Z55 - Mpozenato
7908816399215 - Sofá 3 Lugares Com Puff 212cm Orgânico Lyor Bouclê Off White Z55 - Mpozenato
7908816399222 - Sofá 3 Lugares Com Puff 212cm Orgânico Lyor Suede Bege Z55 - Mpozenato
7908816399239 - Sofá 3 Lugares Com Puff 232cm Orgânico Lyor Linho Bege Z55 - Mpozenato
7908816399246 - Sofá 3 Lugares Com Puff 232cm Orgânico Lyor Bouclê Off White Z55 - Mpozenato
7908816399253 - Sofá 3 Lugares Com Puff 232cm Orgânico Lyor Suede Bege Z55 - Mpozenato
7908816399260 - Sofá 3 Lugares Com Puff 252cm Orgânico Lyor Linho Bege Z55 - Mpozenato
7908816399277 - Sofá 3 Lugares Com Puff 252cm Orgânico Lyor Bouclê Off White Z55 - Mpozenato
7908816399284 - Sofá 3 Lugares Com Puff 252cm Orgânico Lyor Suede Bege Z55 - Mpozenato
7908816399291 - Sofá 3 Lugares Com Puff 272cm Orgânico Lyor Linho Bege Z55 - Mpozenato
7908816399307 - Sofá 3 Lugares Com Puff 272cm Orgânico Lyor Bouclê Off White Z55 - Mpozenato
7908816399314 - Sofá 3 Lugares Com Puff 272cm Orgânico Lyor Suede Bege Z55 - Mpozenato
7908816399321 - Sofá 4 Lugares Com Puff 292cm Orgânico Lyor Linho Bege Z55 - Mpozenato
7908816399338 - Sofá 4 Lugares Com Puff 292cm Orgânico Lyor Bouclê Off White Z55 - Mpozenato
7908816399345 - Sofá 4 Lugares Com Puff 292cm Orgânico Lyor Suede Bege Z55 - Mpozenato
7908816399352 - Sofá 4 Lugares 286cm Com Chaise Esquerdo Eko Couro Bege Z55 - Mpozenato
7908816399369 - Sofá 4 Lugares 286cm Com Chaise Esquerdo Eko Couro Marrom Z55 - Mpozenato
7908816399376 - Sofá 4 Lugares 286cm Com Chaise Esquerdo Eko Couro Preto Z55 - Mpozenato
7908816399383 - Sofá 4 Lugares 306cm Com Chaise Esquerdo Eko Couro Bege Z55 - Mpozenato
7908816399390 - Sofá 4 Lugares 306cm Com Chaise Esquerdo Eko Couro Marrom Z55 - Mpozenato
7908816399406 - Sofá 4 Lugares 306cm Com Chaise Esquerdo Eko Couro Preto Z55 - Mpozenato
7908816399413 - Sofá 5 Lugares 326cm Com Chaise Esquerdo Eko Couro Bege Z55 - Mpozenato
7908816399420 - Sofá 5 Lugares 326cm Com Chaise Esquerdo Eko Couro Marrom Z55 - Mpozenato
7908816399437 - Sofá 5 Lugares 326cm Com Chaise Esquerdo Eko Couro Preto Z55 - Mpozenato
7908816399444 - Sofá 5 Lugares 346cm Com Chaise Esquerdo Eko Couro Bege Z55 - Mpozenato
7908816399451 - Sofá 5 Lugares 346cm Com Chaise Esquerdo Eko Couro Marrom Z55 - Mpozenato
7908816399468 - Sofá 5 Lugares 346cm Com Chaise Esquerdo Eko Couro Preto Z55 - Mpozenato
7908816399475 - Sofá 5 Lugares 366cm Com Chaise Esquerdo Eko Couro Bege Z55 - Mpozenato
7908816399482 - Sofá 5 Lugares 366cm Com Chaise Esquerdo Eko Couro Marrom Z55 - Mpozenato
7908816399499 - Sofá 5 Lugares 366cm Com Chaise Esquerdo Eko Couro Preto Z55 - Mpozenato
7908816399505 - Sofá 4 Lugares 286cm Com Chaise Direito Eko Couro Bege Z55 - Mpozenato
7908816399512 - Sofá 4 Lugares 286cm Com Chaise Direito Eko Couro Marrom Z55 - Mpozenato
7908816399529 - Sofá 4 Lugares 286cm Com Chaise Direito Eko Couro Preto Z55 - Mpozenato
7908816399536 - Sofá 4 Lugares 306cm Com Chaise Direito Eko Couro Bege Z55 - Mpozenato
7908816399543 - Sofá 4 Lugares 306cm Com Chaise Direito Eko Couro Marrom Z55 - Mpozenato
7908816399550 - Sofá 4 Lugares 306cm Com Chaise Direito Eko Couro Preto Z55 - Mpozenato
7908816399567 - Sofá 4 Lugares 326cm Com Chaise Direito Eko Couro Bege Z55 - Mpozenato
7908816399574 - Sofá 4 Lugares 326cm Com Chaise Direito Eko Couro Marrom Z55 - Mpozenato
7908816399581 - Sofá 4 Lugares 326cm Com Chaise Direito Eko Couro Preto Z55 - Mpozenato
7908816399598 - Sofá 4 Lugares 346cm Com Chaise Direito Eko Couro Bege Z55 - Mpozenato
7908816399604 - Sofá 4 Lugares 346cm Com Chaise Direito Eko Couro Marrom Z55 - Mpozenato
7908816399611 - Sofá 4 Lugares 346cm Com Chaise Direito Eko Couro Preto Z55 - Mpozenato
7908816399628 - Sofá 4 Lugares 366cm Com Chaise Direito Eko Couro Bege Z55 - Mpozenato
7908816399635 - Sofá 4 Lugares 366cm Com Chaise Direito Eko Couro Marrom Z55 - Mpozenato
7908816399642 - Sofá 4 Lugares 366cm Com Chaise Direito Eko Couro Preto Z55 - Mpozenato
7908816399659 - Sofá 4 Lugares 283cm Com Puff Direito Fay Linho Bege Z55 - Mpozenato
7908816399666 - Sofá 4 Lugares 283cm Com Puff Direito Fay Bouclê Off White Z55 - Mpozenato
7908816399673 - Sofá 4 Lugares 283cm Com Puff Direito Fay Suede Bege Z55 - Mpozenato
7908816399680 - Sofá 4 Lugares 303cm Com Puff Direito Fay Linho Bege Z55 - Mpozenato
7908816399697 - Sofá 4 Lugares 303cm Com Puff Direito Fay Bouclê Off White Z55 - Mpozenato
7908816399703 - Sofá 4 Lugares 303cm Com Puff Direito Fay Suede Bege Z55 - Mpozenato
7908816399710 - Sofá 4 Lugares 323cm Com Puff Direito Fay Linho Bege Z55 - Mpozenato
7908816399727 - Sofá 4 Lugares 323cm Com Puff Direito Fay Bouclê Off White Z55 - Mpozenato
7908816399734 - Sofá 4 Lugares 323cm Com Puff Direito Fay Suede Bege Z55 - Mpozenato
7908816399741 - Sofá 5 Lugares 343cm Com Puff Direito Fay Linho Bege Z55 - Mpozenato
7908816399758 - Sofá 5 Lugares 343cm Com Puff Direito Fay Bouclê Off White Z55 - Mpozenato
7908816399765 - Sofá 5 Lugares 343cm Com Puff Direito Fay Suede Bege Z55 - Mpozenato
7908816399772 - Sofá 5 Lugares 363cm Com Puff Direito Fay Linho Bege Z55 - Mpozenato
7908816399789 - Sofá 5 Lugares 363cm Com Puff Direito Fay Bouclê Off White Z55 - Mpozenato
7908816399796 - Sofá 5 Lugares 363cm Com Puff Direito Fay Suede Bege Z55 - Mpozenato
7908816399802 - Sofá 4 Lugares 283cm Com Puff Esquerdo Fay Linho Bege Z55 - Mpozenato
7908816399819 - Sofá 4 Lugares 283cm Com Puff Esquerdo Fay Bouclê Off White Z55 - Mpozenato
7908816399826 - Sofá 4 Lugares 283cm Com Puff Esquerdo Fay Suede Bege Z55 - Mpozenato
7908816399833 - Sofá 4 Lugares 303cm Com Puff Esquerdo Fay Linho Bege Z55 - Mpozenato
7908816399840 - Sofá 4 Lugares 303cm Com Puff Esquerdo Fay Bouclê Off White Z55 - Mpozenato
7908816399857 - Sofá 4 Lugares 303cm Com Puff Esquerdo Fay Suede Bege Z55 - Mpozenato
7908816399864 - Sofá 4 Lugares 323cm Com Puff Esquerdo Fay Linho Bege Z55 - Mpozenato
7908816399871 - Sofá 4 Lugares 323cm Com Puff Esquerdo Fay Bouclê Off White Z55 - Mpozenato
7908816399888 - Sofá 4 Lugares 323cm Com Puff Esquerdo Fay Suede Bege Z55 - Mpozenato
7908816399895 - Sofá 5 Lugares 343cm Com Puff Esquerdo Fay Linho Bege Z55 - Mpozenato
7908816399901 - Sofá 5 Lugares 343cm Com Puff Esquerdo Fay Bouclê Off White Z55 - Mpozenato
7908816399918 - Sofá 5 Lugares 343cm Com Puff Esquerdo Fay Suede Bege Z55 - Mpozenato
7908816399925 - Sofá 5 Lugares 363cm Com Puff Esquerdo Fay Linho Bege Z55 - Mpozenato
7908816399932 - Sofá 5 Lugares 363cm Com Puff Esquerdo Fay Bouclê Off White Z55 - Mpozenato
7908816399949 - Sofá 5 Lugares 363cm Com Puff Esquerdo Fay Suede Bege Z55 - Mpozenato
7908816399956 - Sofá 2 Lugares 160cm Orgânico Pé Ferro Nagai Linho Bege Z55 - Mpozenato
7908816399963 - Sofá 2 Lugares 160cm Orgânico Pé Ferro Nagai Bouclê Off White Z55 - Mpozenato
7908816399970 - Sofá 2 Lugares 160cm Orgânico Pé Ferro Nagai Suede Bege Z55 - Mpozenato
7908816399987 - Sofá 3 Lugares 180cm Orgânico Pé Ferro Nagai Linho Bege Z55 - Mpozenato
7908816399994 - Sofá 3 Lugares 180cm Orgânico Pé Ferro Nagai Bouclê Off White Z55 - Mpozenato
7901064700000 - Sofá 3 Lugares 180cm Orgânico Pé Ferro Nagai Suede Bege Z55 - Mpozenato
7901064700017 - Sofá 3 Lugares 200cm Orgânico Pé Ferro Nagai Linho Bege Z55 - Mpozenato
7901064700024 - Sofá 3 Lugares 200cm Orgânico Pé Ferro Nagai Bouclê Off White Z55 - Mpozenato
7901064700031 - Sofá 3 Lugares 200cm Orgânico Pé Ferro Nagai Suede Bege Z55 - Mpozenato
7901064700048 - Sofá 3 Lugares 220cm Orgânico Pé Ferro Nagai Linho Bege Z55 - Mpozenato
7901064700055 - Sofá 3 Lugares 220cm Orgânico Pé Ferro Nagai Bouclê Off White Z55 - Mpozenato
7901064700062 - Sofá 3 Lugares 220cm Orgânico Pé Ferro Nagai Suede Bege Z55 - Mpozenato
7901064700079 - Sofá 3 Lugares 240cm Orgânico Pé Ferro Nagai Linho Bege Z55 - Mpozenato
7901064700086 - Sofá 3 Lugares 240cm Orgânico Pé Ferro Nagai Bouclê Off White Z55 - Mpozenato
7901064700093 - Sofá 3 Lugares 240cm Orgânico Pé Ferro Nagai Suede Bege Z55 - Mpozenato
